#
# There is insufficient memory for the Java Runtime Environment to continue.
# Native memory allocation (malloc) failed to allocate 1188336 bytes for Chunk::new
# Possible reasons:
#   The system is out of physical RAM or swap space
#   The process is running with CompressedOops enabled, and the Java Heap may be blocking the growth of the native heap
# Possible solutions:
#   Reduce memory load on the system
#   Increase physical memory or swap space
#   Check if swap backing store is full
#   Decrease Java heap size (-Xmx/-Xms)
#   Decrease number of Java threads
#   Decrease Java thread stack sizes (-Xss)
#   Set larger code cache with -XX:ReservedCodeCacheSize=
#   JVM is running with Unscaled Compressed Oops mode in which the Java heap is
#     placed in the first 4GB address space. The Java Heap base address is the
#     maximum limit for the native heap growth. Please use -XX:HeapBaseMinAddress
#     to set the Java Heap base and to place the Java Heap above 4GB virtual address.
# This output file may be truncated or incomplete.
#
#  Out of Memory Error (arena.cpp:189), pid=29168, tid=25040
#
# JRE version: Java(TM) SE Runtime Environment (17.0.5+9) (build 17.0.5+9-LTS-191)
# Java VM: Java HotSpot(TM) 64-Bit Server VM (17.0.5+9-LTS-191, mixed mode, sharing, tiered, compressed oops, compressed class ptrs, g1 gc, windows-amd64)
# No core dump will be written. Minidumps are not enabled by default on client versions of Windows
#

---------------  S U M M A R Y ------------

Command Line: -XX:MaxMetaspaceSize=512m --add-opens=java.base/java.util=ALL-UNNAMED --add-opens=java.base/java.lang=ALL-UNNAMED --add-opens=java.base/java.lang.invoke=ALL-UNNAMED --add-opens=java.prefs/java.util.prefs=ALL-UNNAMED --add-opens=java.base/java.nio.charset=ALL-UNNAMED --add-opens=java.base/java.net=ALL-UNNAMED --add-opens=java.base/java.util.concurrent.atomic=ALL-UNNAMED -Xmx2048m -Dfile.encoding=x-windows-949 -Duser.country=KR -Duser.language=ko -Duser.variant org.gradle.launcher.daemon.bootstrap.GradleDaemon 8.0.1

Host: Intel(R) Core(TM) i5-8500 CPU @ 3.00GHz, 6 cores, 15G,  Windows 10 , 64 bit Build 19041 (10.0.19041.3636)
Time: Sun Dec 10 04:18:33 2023  Windows 10 , 64 bit Build 19041 (10.0.19041.3636) elapsed time: 40.781485 seconds (0d 0h 0m 40s)

---------------  T H R E A D  ---------------

Current thread (0x00000207c9c9bc50):  JavaThread "C2 CompilerThread0" daemon [_thread_in_native, id=25040, stack(0x000000518bf00000,0x000000518c000000)]


Current CompileTask:
C2:  40781 3190   !   4       jdk.internal.loader.URLClassPath$JarLoader::getResource (354 bytes)

Stack: [0x000000518bf00000,0x000000518c000000]
Native frames: (J=compiled Java code, j=interpreted, Vv=VM code, C=native code)
V  [jvm.dll+0x672eea]
V  [jvm.dll+0x7d2a04]
V  [jvm.dll+0x7d41ae]
V  [jvm.dll+0x7d4813]
V  [jvm.dll+0x242c15]
V  [jvm.dll+0xaa57b]
V  [jvm.dll+0xaab0c]
V  [jvm.dll+0x35ff42]
V  [jvm.dll+0x32a631]
V  [jvm.dll+0x329ada]
V  [jvm.dll+0x215cc1]
V  [jvm.dll+0x2150e1]
V  [jvm.dll+0x1a18ed]
V  [jvm.dll+0x22493a]
V  [jvm.dll+0x222aa5]
V  [jvm.dll+0x7885db]
V  [jvm.dll+0x782b4a]
V  [jvm.dll+0x671d75]
C  [ucrtbase.dll+0x21bb2]
C  [KERNEL32.DLL+0x17344]
C  [ntdll.dll+0x526b1]


---------------  P R O C E S S  ---------------

Threads class SMR info:
_java_thread_list=0x00000207cc7dc330, length=34, elements={
0x00000207a9f303f0, 0x00000207c9c76b70, 0x00000207c9c778f0, 0x00000207c9c96450,
0x00000207c9c99e30, 0x00000207c9c9a6f0, 0x00000207c9c9afb0, 0x00000207c9c9bc50,
0x00000207c9c9d5b0, 0x00000207ca84b380, 0x00000207ca912590, 0x00000207ca916090,
0x00000207cb887e80, 0x00000207cb4477b0, 0x00000207ca9ea3a0, 0x00000207cc2a2c70,
0x00000207ca9e6f20, 0x00000207cb6ff650, 0x00000207cb6eaa40, 0x00000207cc423ec0,
0x00000207ca8bde10, 0x00000207ca8bbc60, 0x00000207ca8bd470, 0x00000207ca8bc130,
0x00000207ca8be7b0, 0x00000207ca8bc600, 0x00000207ca8bec80, 0x00000207ca8bcad0,
0x00000207ca8bcfa0, 0x00000207ca8bf150, 0x00000207ca8bf620, 0x00000207cb8053c0,
0x00000207cb805d60, 0x00000207cb806bd0
}

Java Threads: ( => current thread )
  0x00000207a9f303f0 JavaThread "main" [_thread_blocked, id=31916, stack(0x000000518b200000,0x000000518b300000)]
  0x00000207c9c76b70 JavaThread "Reference Handler" daemon [_thread_blocked, id=30224, stack(0x000000518b900000,0x000000518ba00000)]
  0x00000207c9c778f0 JavaThread "Finalizer" daemon [_thread_blocked, id=28572, stack(0x000000518ba00000,0x000000518bb00000)]
  0x00000207c9c96450 JavaThread "Signal Dispatcher" daemon [_thread_blocked, id=31332, stack(0x000000518bb00000,0x000000518bc00000)]
  0x00000207c9c99e30 JavaThread "Attach Listener" daemon [_thread_blocked, id=18200, stack(0x000000518bc00000,0x000000518bd00000)]
  0x00000207c9c9a6f0 JavaThread "Service Thread" daemon [_thread_blocked, id=12980, stack(0x000000518bd00000,0x000000518be00000)]
  0x00000207c9c9afb0 JavaThread "Monitor Deflation Thread" daemon [_thread_blocked, id=16932, stack(0x000000518be00000,0x000000518bf00000)]
=>0x00000207c9c9bc50 JavaThread "C2 CompilerThread0" daemon [_thread_in_native, id=25040, stack(0x000000518bf00000,0x000000518c000000)]
  0x00000207c9c9d5b0 JavaThread "C1 CompilerThread0" daemon [_thread_blocked, id=31340, stack(0x000000518c000000,0x000000518c100000)]
  0x00000207ca84b380 JavaThread "Sweeper thread" daemon [_thread_blocked, id=16992, stack(0x000000518c100000,0x000000518c200000)]
  0x00000207ca912590 JavaThread "Common-Cleaner" daemon [_thread_blocked, id=29152, stack(0x000000518c200000,0x000000518c300000)]
  0x00000207ca916090 JavaThread "Notification Thread" daemon [_thread_blocked, id=13684, stack(0x000000518c300000,0x000000518c400000)]
  0x00000207cb887e80 JavaThread "Daemon health stats" [_thread_blocked, id=17920, stack(0x000000518ca00000,0x000000518cb00000)]
  0x00000207cb4477b0 JavaThread "Incoming local TCP Connector on port 6706" [_thread_in_native, id=16000, stack(0x000000518cb00000,0x000000518cc00000)]
  0x00000207ca9ea3a0 JavaThread "Daemon periodic checks" [_thread_blocked, id=31380, stack(0x000000518cc00000,0x000000518cd00000)]
  0x00000207cc2a2c70 JavaThread "Daemon" [_thread_blocked, id=26076, stack(0x000000518cd00000,0x000000518ce00000)]
  0x00000207ca9e6f20 JavaThread "Handler for socket connection from /127.0.0.1:6706 to /127.0.0.1:6707" [_thread_in_native, id=29912, stack(0x000000518ce00000,0x000000518cf00000)]
  0x00000207cb6ff650 JavaThread "Cancel handler" [_thread_blocked, id=31532, stack(0x000000518cf00000,0x000000518d000000)]
  0x00000207cb6eaa40 JavaThread "Daemon worker" [_thread_in_native, id=29688, stack(0x000000518d000000,0x000000518d100000)]
  0x00000207cc423ec0 JavaThread "Asynchronous log dispatcher for DefaultDaemonConnection: socket connection from /127.0.0.1:6706 to /127.0.0.1:6707" [_thread_blocked, id=31792, stack(0x000000518d100000,0x000000518d200000)]
  0x00000207ca8bde10 JavaThread "Stdin handler" [_thread_blocked, id=30812, stack(0x000000518d200000,0x000000518d300000)]
  0x00000207ca8bbc60 JavaThread "Daemon client event forwarder" [_thread_blocked, id=12168, stack(0x000000518d300000,0x000000518d400000)]
  0x00000207ca8bd470 JavaThread "Cache worker for journal cache (C:\Users\user\.gradle\caches\journal-1)" [_thread_blocked, id=20336, stack(0x000000518d400000,0x000000518d500000)]
  0x00000207ca8bc130 JavaThread "File lock request listener" [_thread_in_native, id=27032, stack(0x000000518d500000,0x000000518d600000)]
  0x00000207ca8be7b0 JavaThread "Cache worker for file hash cache (C:\Users\user\.gradle\caches\8.0.1\fileHashes)" [_thread_blocked, id=14740, stack(0x000000518d600000,0x000000518d700000)]
  0x00000207ca8bc600 JavaThread "File lock release action executor" [_thread_blocked, id=32868, stack(0x000000518d800000,0x000000518d900000)]
  0x00000207ca8bec80 JavaThread "File watcher server" daemon [_thread_in_native, id=33960, stack(0x000000518d700000,0x000000518d800000)]
  0x00000207ca8bcad0 JavaThread "File watcher consumer" daemon [_thread_blocked, id=34004, stack(0x000000518d900000,0x000000518da00000)]
  0x00000207ca8bcfa0 JavaThread "Cache worker for checksums cache (C:\Users\user\Desktop\bragicode\FE\bra\InjeBragi_FrontEnd\bragi\android\.gradle\8.0.1\checksums)" [_thread_blocked, id=34064, stack(0x000000518da00000,0x000000518db00000)]
  0x00000207ca8bf150 JavaThread "Cache worker for cache directory md-rule (C:\Users\user\.gradle\caches\8.0.1\md-rule)" [_thread_blocked, id=34092, stack(0x000000518db00000,0x000000518dc00000)]
  0x00000207ca8bf620 JavaThread "Cache worker for file content cache (C:\Users\user\.gradle\caches\8.0.1\fileContent)" [_thread_blocked, id=34204, stack(0x000000518dc00000,0x000000518dd00000)]
  0x00000207cb8053c0 JavaThread "Cache worker for file hash cache (C:\Users\user\Desktop\bragicode\FE\bra\InjeBragi_FrontEnd\bragi\android\.gradle\8.0.1\fileHashes)" [_thread_blocked, id=34236, stack(0x000000518dd00000,0x000000518de00000)]
  0x00000207cb805d60 JavaThread "Cache worker for cache directory md-supplier (C:\Users\user\.gradle\caches\8.0.1\md-supplier)" [_thread_blocked, id=34240, stack(0x000000518de00000,0x000000518df00000)]
  0x00000207cb806bd0 JavaThread "Cache worker for execution history cache (C:\Users\user\.gradle\caches\8.0.1\executionHistory)" [_thread_blocked, id=34248, stack(0x000000518e000000,0x000000518e100000)]

Other Threads:
  0x00000207c9c72010 VMThread "VM Thread" [stack: 0x000000518b800000,0x000000518b900000] [id=2644]
  0x00000207ca918570 WatcherThread [stack: 0x000000518c400000,0x000000518c500000] [id=18740]
  0x00000207a9f88b10 GCTaskThread "GC Thread#0" [stack: 0x000000518b300000,0x000000518b400000] [id=15704]
  0x00000207cb26e920 GCTaskThread "GC Thread#1" [stack: 0x000000518c500000,0x000000518c600000] [id=17548]
  0x00000207cb26ebd0 GCTaskThread "GC Thread#2" [stack: 0x000000518c600000,0x000000518c700000] [id=368]
  0x00000207cb26ee80 GCTaskThread "GC Thread#3" [stack: 0x000000518c700000,0x000000518c800000] [id=12200]
  0x00000207cb26f130 GCTaskThread "GC Thread#4" [stack: 0x000000518c800000,0x000000518c900000] [id=1308]
  0x00000207cb254430 GCTaskThread "GC Thread#5" [stack: 0x000000518c900000,0x000000518ca00000] [id=32572]
  0x00000207a9f99960 ConcurrentGCThread "G1 Main Marker" [stack: 0x000000518b400000,0x000000518b500000] [id=30372]
  0x00000207a9f9a280 ConcurrentGCThread "G1 Conc#0" [stack: 0x000000518b500000,0x000000518b600000] [id=30472]
  0x00000207cc6e6670 ConcurrentGCThread "G1 Conc#1" [stack: 0x000000518df00000,0x000000518e000000] [id=34244]
  0x00000207a9ffdcc0 ConcurrentGCThread "G1 Refine#0" [stack: 0x000000518b600000,0x000000518b700000] [id=31080]
  0x00000207a9ffe5f0 ConcurrentGCThread "G1 Service" [stack: 0x000000518b700000,0x000000518b800000] [id=31084]

Threads with active compile tasks:
C2 CompilerThread0    40918 3190   !   4       jdk.internal.loader.URLClassPath$JarLoader::getResource (354 bytes)

VM state: not at safepoint (normal execution)

VM Mutex/Monitor currently owned by a thread: None

Heap address: 0x0000000080000000, size: 2048 MB, Compressed Oops mode: 32-bit

CDS archive(s) mapped at: [0x0000000800000000-0x0000000800bd0000-0x0000000800bd0000), size 12386304, SharedBaseAddress: 0x0000000800000000, ArchiveRelocationMode: 0.
Compressed class space mapped at: 0x0000000800c00000-0x000000081a800000, reserved size: 432013312
Narrow klass base: 0x0000000800000000, Narrow klass shift: 0, Narrow klass range: 0x100000000

GC Precious Log:
 CPUs: 6 total, 6 available
 Memory: 16335M
 Large Page Support: Disabled
 NUMA Support: Disabled
 Compressed Oops: Enabled (32-bit)
 Heap Region Size: 1M
 Heap Min Capacity: 8M
 Heap Initial Capacity: 256M
 Heap Max Capacity: 2G
 Pre-touch: Disabled
 Parallel Workers: 6
 Concurrent Workers: 2
 Concurrent Refinement Workers: 6
 Periodic GC: Disabled

Heap:
 garbage-first heap   total 78848K, used 53976K [0x0000000080000000, 0x0000000100000000)
  region size 1024K, 44 young (45056K), 11 survivors (11264K)
 Metaspace       used 28010K, committed 28416K, reserved 446464K
  class space    used 3957K, committed 4160K, reserved 421888K

Heap Regions: E=young(eden), S=young(survivor), O=old, HS=humongous(starts), HC=humongous(continues), CS=collection set, F=free, OA=open archive, CA=closed archive, TAMS=top-at-mark-start (previous, next)
|   0|0x0000000080000000, 0x0000000080100000, 0x0000000080100000|100%|HS|  |TAMS 0x0000000080100000, 0x0000000080000000| Complete 
|   1|0x0000000080100000, 0x0000000080200000, 0x0000000080200000|100%|HC|  |TAMS 0x0000000080200000, 0x0000000080100000| Complete 
|   2|0x0000000080200000, 0x0000000080300000, 0x0000000080300000|100%|HC|  |TAMS 0x0000000080300000, 0x0000000080200000| Complete 
|   3|0x0000000080300000, 0x0000000080400000, 0x0000000080400000|100%|HC|  |TAMS 0x0000000080400000, 0x0000000080300000| Complete 
|   4|0x0000000080400000, 0x0000000080500000, 0x0000000080500000|100%| O|  |TAMS 0x0000000080500000, 0x0000000080400000| Untracked 
|   5|0x0000000080500000, 0x0000000080600000, 0x0000000080600000|100%| O|  |TAMS 0x0000000080600000, 0x0000000080500000| Untracked 
|   6|0x0000000080600000, 0x0000000080700000, 0x0000000080700000|100%| O|  |TAMS 0x0000000080700000, 0x0000000080600000| Untracked 
|   7|0x0000000080700000, 0x0000000080800000, 0x0000000080800000|100%| O|  |TAMS 0x0000000080800000, 0x0000000080700000| Untracked 
|   8|0x0000000080800000, 0x0000000080900000, 0x0000000080900000|100%| O|  |TAMS 0x0000000080900000, 0x0000000080800000| Untracked 
|   9|0x0000000080900000, 0x0000000080a00000, 0x0000000080a00000|100%| O|  |TAMS 0x0000000080a00000, 0x0000000080900000| Untracked 
|  10|0x0000000080a00000, 0x0000000080ab6200, 0x0000000080b00000| 71%| O|  |TAMS 0x0000000080a19600, 0x0000000080a00000| Complete 
|  11|0x0000000080b00000, 0x0000000080b00000, 0x0000000080c00000|  0%| F|  |TAMS 0x0000000080b00000, 0x0000000080b00000| Untracked 
|  12|0x0000000080c00000, 0x0000000080c00000, 0x0000000080d00000|  0%| F|  |TAMS 0x0000000080c00000, 0x0000000080c00000| Untracked 
|  13|0x0000000080d00000, 0x0000000080d00000, 0x0000000080e00000|  0%| F|  |TAMS 0x0000000080d00000, 0x0000000080d00000| Untracked 
|  14|0x0000000080e00000, 0x0000000080e00000, 0x0000000080f00000|  0%| F|  |TAMS 0x0000000080e00000, 0x0000000080e00000| Untracked 
|  15|0x0000000080f00000, 0x0000000080f00000, 0x0000000081000000|  0%| F|  |TAMS 0x0000000080f00000, 0x0000000080f00000| Untracked 
|  16|0x0000000081000000, 0x0000000081000000, 0x0000000081100000|  0%| F|  |TAMS 0x0000000081000000, 0x0000000081000000| Untracked 
|  17|0x0000000081100000, 0x0000000081100000, 0x0000000081200000|  0%| F|  |TAMS 0x0000000081100000, 0x0000000081100000| Untracked 
|  18|0x0000000081200000, 0x0000000081200000, 0x0000000081300000|  0%| F|  |TAMS 0x0000000081200000, 0x0000000081200000| Untracked 
|  19|0x0000000081300000, 0x0000000081300000, 0x0000000081400000|  0%| F|  |TAMS 0x0000000081300000, 0x0000000081300000| Untracked 
|  20|0x0000000081400000, 0x0000000081400000, 0x0000000081500000|  0%| F|  |TAMS 0x0000000081400000, 0x0000000081400000| Untracked 
|  21|0x0000000081500000, 0x0000000081500000, 0x0000000081600000|  0%| F|  |TAMS 0x0000000081500000, 0x0000000081500000| Untracked 
|  22|0x0000000081600000, 0x0000000081600000, 0x0000000081700000|  0%| F|  |TAMS 0x0000000081600000, 0x0000000081600000| Untracked 
|  23|0x0000000081700000, 0x0000000081700000, 0x0000000081800000|  0%| F|  |TAMS 0x0000000081700000, 0x0000000081700000| Untracked 
|  24|0x0000000081800000, 0x0000000081800000, 0x0000000081900000|  0%| F|  |TAMS 0x0000000081800000, 0x0000000081800000| Untracked 
|  25|0x0000000081900000, 0x0000000081900000, 0x0000000081a00000|  0%| F|  |TAMS 0x0000000081900000, 0x0000000081900000| Untracked 
|  26|0x0000000081a00000, 0x0000000081a00000, 0x0000000081b00000|  0%| F|  |TAMS 0x0000000081a00000, 0x0000000081a00000| Untracked 
|  27|0x0000000081b00000, 0x0000000081b00000, 0x0000000081c00000|  0%| F|  |TAMS 0x0000000081b00000, 0x0000000081b00000| Untracked 
|  28|0x0000000081c00000, 0x0000000081c00000, 0x0000000081d00000|  0%| F|  |TAMS 0x0000000081c00000, 0x0000000081c00000| Untracked 
|  29|0x0000000081d00000, 0x0000000081d00000, 0x0000000081e00000|  0%| F|  |TAMS 0x0000000081d00000, 0x0000000081d00000| Untracked 
|  30|0x0000000081e00000, 0x0000000081e00000, 0x0000000081f00000|  0%| F|  |TAMS 0x0000000081e00000, 0x0000000081e00000| Untracked 
|  31|0x0000000081f00000, 0x0000000081f00000, 0x0000000082000000|  0%| F|  |TAMS 0x0000000081f00000, 0x0000000081f00000| Untracked 
|  32|0x0000000082000000, 0x0000000082000000, 0x0000000082100000|  0%| F|  |TAMS 0x0000000082000000, 0x0000000082000000| Untracked 
|  33|0x0000000082100000, 0x000000008217e310, 0x0000000082200000| 49%| E|  |TAMS 0x0000000082100000, 0x0000000082100000| Complete 
|  34|0x0000000082200000, 0x000000008229fc10, 0x0000000082300000| 62%| E|  |TAMS 0x0000000082200000, 0x0000000082200000| Complete 
|  35|0x0000000082300000, 0x0000000082400000, 0x0000000082400000|100%| E|CS|TAMS 0x0000000082300000, 0x0000000082300000| Complete 
|  36|0x0000000082400000, 0x0000000082500000, 0x0000000082500000|100%| E|CS|TAMS 0x0000000082400000, 0x0000000082400000| Complete 
|  37|0x0000000082500000, 0x0000000082600000, 0x0000000082600000|100%| E|CS|TAMS 0x0000000082500000, 0x0000000082500000| Complete 
|  38|0x0000000082600000, 0x0000000082700000, 0x0000000082700000|100%| E|CS|TAMS 0x0000000082600000, 0x0000000082600000| Complete 
|  39|0x0000000082700000, 0x0000000082800000, 0x0000000082800000|100%| E|CS|TAMS 0x0000000082700000, 0x0000000082700000| Complete 
|  40|0x0000000082800000, 0x0000000082900000, 0x0000000082900000|100%| E|CS|TAMS 0x0000000082800000, 0x0000000082800000| Complete 
|  41|0x0000000082900000, 0x0000000082a00000, 0x0000000082a00000|100%| E|CS|TAMS 0x0000000082900000, 0x0000000082900000| Complete 
|  42|0x0000000082a00000, 0x0000000082b00000, 0x0000000082b00000|100%| E|CS|TAMS 0x0000000082a00000, 0x0000000082a00000| Complete 
|  43|0x0000000082b00000, 0x0000000082c00000, 0x0000000082c00000|100%| E|CS|TAMS 0x0000000082b00000, 0x0000000082b00000| Complete 
|  44|0x0000000082c00000, 0x0000000082d00000, 0x0000000082d00000|100%| E|CS|TAMS 0x0000000082c00000, 0x0000000082c00000| Complete 
|  45|0x0000000082d00000, 0x0000000082e00000, 0x0000000082e00000|100%| E|CS|TAMS 0x0000000082d00000, 0x0000000082d00000| Complete 
|  46|0x0000000082e00000, 0x0000000082f00000, 0x0000000082f00000|100%| E|CS|TAMS 0x0000000082e00000, 0x0000000082e00000| Complete 
|  47|0x0000000082f00000, 0x0000000083000000, 0x0000000083000000|100%| E|CS|TAMS 0x0000000082f00000, 0x0000000082f00000| Complete 
|  48|0x0000000083000000, 0x0000000083100000, 0x0000000083100000|100%| E|CS|TAMS 0x0000000083000000, 0x0000000083000000| Complete 
|  49|0x0000000083100000, 0x0000000083200000, 0x0000000083200000|100%| E|CS|TAMS 0x0000000083100000, 0x0000000083100000| Complete 
|  50|0x0000000083200000, 0x0000000083300000, 0x0000000083300000|100%| E|CS|TAMS 0x0000000083200000, 0x0000000083200000| Complete 
|  51|0x0000000083300000, 0x0000000083400000, 0x0000000083400000|100%| E|CS|TAMS 0x0000000083300000, 0x0000000083300000| Complete 
|  52|0x0000000083400000, 0x0000000083500000, 0x0000000083500000|100%| E|CS|TAMS 0x0000000083400000, 0x0000000083400000| Complete 
|  53|0x0000000083500000, 0x0000000083600000, 0x0000000083600000|100%| E|CS|TAMS 0x0000000083500000, 0x0000000083500000| Complete 
|  54|0x0000000083600000, 0x0000000083700000, 0x0000000083700000|100%| E|CS|TAMS 0x0000000083600000, 0x0000000083600000| Complete 
|  55|0x0000000083700000, 0x0000000083800000, 0x0000000083800000|100%| E|CS|TAMS 0x0000000083700000, 0x0000000083700000| Complete 
|  56|0x0000000083800000, 0x0000000083900000, 0x0000000083900000|100%| E|CS|TAMS 0x0000000083800000, 0x0000000083800000| Complete 
|  57|0x0000000083900000, 0x0000000083a00000, 0x0000000083a00000|100%| E|CS|TAMS 0x0000000083900000, 0x0000000083900000| Complete 
|  58|0x0000000083a00000, 0x0000000083b00000, 0x0000000083b00000|100%| E|CS|TAMS 0x0000000083a00000, 0x0000000083a00000| Complete 
|  59|0x0000000083b00000, 0x0000000083c00000, 0x0000000083c00000|100%| E|CS|TAMS 0x0000000083b00000, 0x0000000083b00000| Complete 
|  60|0x0000000083c00000, 0x0000000083d00000, 0x0000000083d00000|100%| E|CS|TAMS 0x0000000083c00000, 0x0000000083c00000| Complete 
|  61|0x0000000083d00000, 0x0000000083e00000, 0x0000000083e00000|100%| E|CS|TAMS 0x0000000083d00000, 0x0000000083d00000| Complete 
|  62|0x0000000083e00000, 0x0000000083f00000, 0x0000000083f00000|100%| E|CS|TAMS 0x0000000083e00000, 0x0000000083e00000| Complete 
|  63|0x0000000083f00000, 0x0000000084000000, 0x0000000084000000|100%| E|CS|TAMS 0x0000000083f00000, 0x0000000083f00000| Complete 
|  64|0x0000000084000000, 0x0000000084100000, 0x0000000084100000|100%| E|CS|TAMS 0x0000000084000000, 0x0000000084000000| Complete 
| 222|0x000000008de00000, 0x000000008df00000, 0x000000008df00000|100%| S|CS|TAMS 0x000000008de00000, 0x000000008de00000| Complete 
| 223|0x000000008df00000, 0x000000008e000000, 0x000000008e000000|100%| S|CS|TAMS 0x000000008df00000, 0x000000008df00000| Complete 
| 224|0x000000008e000000, 0x000000008e100000, 0x000000008e100000|100%| S|CS|TAMS 0x000000008e000000, 0x000000008e000000| Complete 
| 225|0x000000008e100000, 0x000000008e200000, 0x000000008e200000|100%| S|CS|TAMS 0x000000008e100000, 0x000000008e100000| Complete 
| 226|0x000000008e200000, 0x000000008e300000, 0x000000008e300000|100%| S|CS|TAMS 0x000000008e200000, 0x000000008e200000| Complete 
| 227|0x000000008e300000, 0x000000008e400000, 0x000000008e400000|100%| S|CS|TAMS 0x000000008e300000, 0x000000008e300000| Complete 
| 228|0x000000008e400000, 0x000000008e500000, 0x000000008e500000|100%| S|CS|TAMS 0x000000008e400000, 0x000000008e400000| Complete 
| 229|0x000000008e500000, 0x000000008e600000, 0x000000008e600000|100%| S|CS|TAMS 0x000000008e500000, 0x000000008e500000| Complete 
| 230|0x000000008e600000, 0x000000008e700000, 0x000000008e700000|100%| S|CS|TAMS 0x000000008e600000, 0x000000008e600000| Complete 
| 231|0x000000008e700000, 0x000000008e800000, 0x000000008e800000|100%| S|CS|TAMS 0x000000008e700000, 0x000000008e700000| Complete 
| 232|0x000000008e800000, 0x000000008e900000, 0x000000008e900000|100%| S|CS|TAMS 0x000000008e800000, 0x000000008e800000| Complete 
| 255|0x000000008ff00000, 0x0000000090000000, 0x0000000090000000|100%| E|CS|TAMS 0x000000008ff00000, 0x000000008ff00000| Complete 

Card table byte_map: [0x00000207c2bc0000,0x00000207c2fc0000] _byte_map_base: 0x00000207c27c0000

Marking Bits (Prev, Next): (CMBitMap*) 0x00000207a9f89070, (CMBitMap*) 0x00000207a9f89030
 Prev Bits: [0x00000207c53c0000, 0x00000207c73c0000)
 Next Bits: [0x00000207c33c0000, 0x00000207c53c0000)

Polling page: 0x00000207aa000000

Metaspace:

Usage:
  Non-class:     23.49 MB used.
      Class:      3.87 MB used.
       Both:     27.35 MB used.

Virtual space:
  Non-class space:       24.00 MB reserved,      23.69 MB ( 99%) committed,  3 nodes.
      Class space:      412.00 MB reserved,       4.06 MB ( <1%) committed,  1 nodes.
             Both:      436.00 MB reserved,      27.75 MB (  6%) committed. 

Chunk freelists:
   Non-Class:  288.00 KB
       Class:  3.92 MB
        Both:  4.20 MB

MaxMetaspaceSize: 512.00 MB
CompressedClassSpaceSize: 412.00 MB
Initial GC threshold: 21.00 MB
Current GC threshold: 35.12 MB
CDS: on
MetaspaceReclaimPolicy: balanced
 - commit_granule_bytes: 65536.
 - commit_granule_words: 8192.
 - virtual_space_node_default_size: 1048576.
 - enlarge_chunks_in_place: 1.
 - new_chunks_are_fully_committed: 0.
 - uncommit_free_chunks: 1.
 - use_allocation_guard: 0.
 - handle_deallocations: 1.


Internal statistics:

num_allocs_failed_limit: 3.
num_arena_births: 294.
num_arena_deaths: 0.
num_vsnodes_births: 4.
num_vsnodes_deaths: 0.
num_space_committed: 444.
num_space_uncommitted: 0.
num_chunks_returned_to_freelist: 3.
num_chunks_taken_from_freelist: 1235.
num_chunk_merges: 3.
num_chunk_splits: 846.
num_chunks_enlarged: 631.
num_purges: 0.
num_inconsistent_stats: 0.

CodeHeap 'non-profiled nmethods': size=120000Kb used=1824Kb max_used=1824Kb free=118175Kb
 bounds [0x00000207baa50000, 0x00000207bacc0000, 0x00000207c1f80000]
CodeHeap 'profiled nmethods': size=120000Kb used=6764Kb max_used=6764Kb free=113235Kb
 bounds [0x00000207b3520000, 0x00000207b3bc0000, 0x00000207baa50000]
CodeHeap 'non-nmethods': size=5760Kb used=1575Kb max_used=1575Kb free=4184Kb
 bounds [0x00000207b2f80000, 0x00000207b31f0000, 0x00000207b3520000]
 total_blobs=3850 nmethods=3212 adapters=550
 compilation: enabled
              stopped_count=0, restarted_count=0
 full_count=0

Compilation events (20 events):
Event: 40.725 Thread 0x00000207c9c9d5b0 nmethod 3203 0x00000207bac11690 code [0x00000207bac11820, 0x00000207bac11938]
Event: 40.725 Thread 0x00000207c9c9d5b0 3204       1       java.util.TreeMap$Entry::getValue (5 bytes)
Event: 40.725 Thread 0x00000207c9c9d5b0 nmethod 3204 0x00000207bac11990 code [0x00000207bac11b20, 0x00000207bac11bf8]
Event: 40.725 Thread 0x00000207c9c9d5b0 3205       3       java.beans.FeatureDescriptor::getClass0 (22 bytes)
Event: 40.725 Thread 0x00000207c9c9d5b0 nmethod 3205 0x00000207b3bb7c90 code [0x00000207b3bb7e40, 0x00000207b3bb8188]
Event: 40.730 Thread 0x00000207c9c9d5b0 3206       1       groovy.lang.MetaProperty::getName (5 bytes)
Event: 40.730 Thread 0x00000207c9c9d5b0 nmethod 3206 0x00000207bac11c90 code [0x00000207bac11e20, 0x00000207bac11ef8]
Event: 40.730 Thread 0x00000207c9c9d5b0 3207       3       java.beans.MethodRef::get (91 bytes)
Event: 40.730 Thread 0x00000207cb71d690 nmethod 3189 0x00000207bac11f90 code [0x00000207bac121a0, 0x00000207bac136b8]
Event: 40.731 Thread 0x00000207c9c9d5b0 nmethod 3207 0x00000207b3bb8290 code [0x00000207b3bb8500, 0x00000207b3bb91a8]
Event: 40.731 Thread 0x00000207c9c9d5b0 3208       3       org.codehaus.groovy.reflection.CachedMethod::getReturnType (8 bytes)
Event: 40.731 Thread 0x00000207c9c9d5b0 nmethod 3208 0x00000207b3bb9510 code [0x00000207b3bb96a0, 0x00000207b3bb97d8]
Event: 40.731 Thread 0x00000207cb71d690 3209   !   4       java.util.concurrent.ConcurrentHashMap::computeIfAbsent (576 bytes)
Event: 40.731 Thread 0x00000207c9c9d5b0 3210       3       org.codehaus.groovy.util.ComplexKeyHashMap::hash (31 bytes)
Event: 40.731 Thread 0x00000207c9c9d5b0 nmethod 3210 0x00000207b3bb9890 code [0x00000207b3bb9a20, 0x00000207b3bb9b38]
Event: 40.731 Thread 0x00000207c9c9d5b0 3211       3       org.codehaus.groovy.util.SingleKeyHashMap::getOrPut (137 bytes)
Event: 40.732 Thread 0x00000207c9c9d5b0 nmethod 3211 0x00000207b3bb9c10 code [0x00000207b3bb9e40, 0x00000207b3bbaa28]
Event: 40.757 Thread 0x00000207cb71d690 nmethod 3209 0x00000207bac14210 code [0x00000207bac14460, 0x00000207bac16210]
Event: 40.757 Thread 0x00000207cb71d690 3212   !   4       java.util.zip.ZipFile$CleanableResource::getInflater (47 bytes)
Event: 40.762 Thread 0x00000207cb71d690 nmethod 3212 0x00000207bac17410 code [0x00000207bac175e0, 0x00000207bac17e58]

GC Heap History (8 events):
Event: 3.554 GC heap before
{Heap before GC invocations=0 (full 0):
 garbage-first heap   total 262144K, used 24576K [0x0000000080000000, 0x0000000100000000)
  region size 1024K, 21 young (21504K), 0 survivors (0K)
 Metaspace       used 2853K, committed 3008K, reserved 430080K
  class space    used 362K, committed 448K, reserved 421888K
}
Event: 3.606 GC heap after
{Heap after GC invocations=1 (full 0):
 garbage-first heap   total 262144K, used 10200K [0x0000000080000000, 0x0000000100000000)
  region size 1024K, 3 young (3072K), 3 survivors (3072K)
 Metaspace       used 2853K, committed 3008K, reserved 430080K
  class space    used 362K, committed 448K, reserved 421888K
}
Event: 10.535 GC heap before
{Heap before GC invocations=1 (full 0):
 garbage-first heap   total 262144K, used 32728K [0x0000000080000000, 0x0000000100000000)
  region size 1024K, 25 young (25600K), 3 survivors (3072K)
 Metaspace       used 3920K, committed 4096K, reserved 430080K
  class space    used 479K, committed 576K, reserved 421888K
}
Event: 10.536 GC heap after
{Heap after GC invocations=2 (full 0):
 garbage-first heap   total 262144K, used 11078K [0x0000000080000000, 0x0000000100000000)
  region size 1024K, 1 young (1024K), 1 survivors (1024K)
 Metaspace       used 3920K, committed 4096K, reserved 430080K
  class space    used 479K, committed 576K, reserved 421888K
}
Event: 38.180 GC heap before
{Heap before GC invocations=2 (full 0):
 garbage-first heap   total 262144K, used 102214K [0x0000000080000000, 0x0000000100000000)
  region size 1024K, 89 young (91136K), 1 survivors (1024K)
 Metaspace       used 18337K, committed 18624K, reserved 446464K
  class space    used 2693K, committed 2816K, reserved 421888K
}
Event: 38.187 GC heap after
{Heap after GC invocations=3 (full 0):
 garbage-first heap   total 262144K, used 21167K [0x0000000080000000, 0x0000000100000000)
  region size 1024K, 11 young (11264K), 11 survivors (11264K)
 Metaspace       used 18337K, committed 18624K, reserved 446464K
  class space    used 2693K, committed 2816K, reserved 421888K
}
Event: 39.451 GC heap before
{Heap before GC invocations=3 (full 0):
 garbage-first heap   total 262144K, used 43695K [0x0000000080000000, 0x0000000100000000)
  region size 1024K, 34 young (34816K), 11 survivors (11264K)
 Metaspace       used 21188K, committed 21504K, reserved 446464K
  class space    used 3130K, committed 3264K, reserved 421888K
}
Event: 39.456 GC heap after
{Heap after GC invocations=4 (full 0):
 garbage-first heap   total 262144K, used 22232K [0x0000000080000000, 0x0000000100000000)
  region size 1024K, 11 young (11264K), 11 survivors (11264K)
 Metaspace       used 21188K, committed 21504K, reserved 446464K
  class space    used 3130K, committed 3264K, reserved 421888K
}

Deoptimization events (20 events):
Event: 37.856 Thread 0x00000207cb6eaa40 Uncommon trap: trap_request=0xffffff76 fr.pc=0x00000207bab9eb18 relative=0x0000000000000178
Event: 37.856 Thread 0x00000207cb6eaa40 Uncommon trap: reason=predicate action=maybe_recompile pc=0x00000207bab9eb18 method=com.google.common.base.CharMatcher.indexIn(Ljava/lang/CharSequence;I)I @ 19 c2
Event: 37.856 Thread 0x00000207cb6eaa40 DEOPT PACKING pc=0x00000207bab9eb18 sp=0x000000518d0fb6d0
Event: 37.856 Thread 0x00000207cb6eaa40 DEOPT UNPACKING pc=0x00000207b2fd23a3 sp=0x000000518d0fb660 mode 2
Event: 38.261 Thread 0x00000207cb6eaa40 Uncommon trap: trap_request=0xffffffc6 fr.pc=0x00000207bab1ab60 relative=0x0000000000000d60
Event: 38.261 Thread 0x00000207cb6eaa40 Uncommon trap: reason=bimorphic_or_optimized_type_check action=maybe_recompile pc=0x00000207bab1ab60 method=java.util.Properties$LineReader.readLine()I @ 479 c2
Event: 38.261 Thread 0x00000207cb6eaa40 DEOPT PACKING pc=0x00000207bab1ab60 sp=0x000000518d0fb370
Event: 38.261 Thread 0x00000207cb6eaa40 DEOPT UNPACKING pc=0x00000207b2fd23a3 sp=0x000000518d0fb310 mode 2
Event: 39.009 Thread 0x00000207cb6eaa40 Uncommon trap: trap_request=0xffffff45 fr.pc=0x00000207baa9d008 relative=0x00000000000004c8
Event: 39.009 Thread 0x00000207cb6eaa40 Uncommon trap: reason=unstable_if action=reinterpret pc=0x00000207baa9d008 method=java.util.HashMap.hash(Ljava/lang/Object;)I @ 1 c2
Event: 39.009 Thread 0x00000207cb6eaa40 DEOPT PACKING pc=0x00000207baa9d008 sp=0x000000518d0f7670
Event: 39.009 Thread 0x00000207cb6eaa40 DEOPT UNPACKING pc=0x00000207b2fd23a3 sp=0x000000518d0f7518 mode 2
Event: 40.703 Thread 0x00000207cb6eaa40 Uncommon trap: trap_request=0xffffff54 fr.pc=0x00000207bab119b8 relative=0x0000000000001278
Event: 40.703 Thread 0x00000207cb6eaa40 Uncommon trap: reason=speculate_null_assert action=make_not_entrant pc=0x00000207bab119b8 method=jdk.internal.loader.URLClassPath$JarLoader.getResource(Ljava/lang/String;ZLjava/util/Set;)Ljdk/internal/loader/Resource; @ 17 c2
Event: 40.703 Thread 0x00000207cb6eaa40 DEOPT PACKING pc=0x00000207bab119b8 sp=0x000000518d0f7cf0
Event: 40.703 Thread 0x00000207cb6eaa40 DEOPT UNPACKING pc=0x00000207b2fd23a3 sp=0x000000518d0f7c88 mode 2
Event: 40.725 Thread 0x00000207cb6eaa40 Uncommon trap: trap_request=0xffffffbe fr.pc=0x00000207babf7148 relative=0x0000000000003e48
Event: 40.725 Thread 0x00000207cb6eaa40 Uncommon trap: reason=profile_predicate action=maybe_recompile pc=0x00000207babf7148 method=java.util.AbstractCollection.addAll(Ljava/util/Collection;)Z @ 15 c2
Event: 40.725 Thread 0x00000207cb6eaa40 DEOPT PACKING pc=0x00000207babf7148 sp=0x000000518d0f8ec0
Event: 40.725 Thread 0x00000207cb6eaa40 DEOPT UNPACKING pc=0x00000207b2fd23a3 sp=0x000000518d0f8eb8 mode 2

Classes unloaded (0 events):
No events

Classes redefined (0 events):
No events

Internal exceptions (20 events):
Event: 39.135 Thread 0x00000207cb6eaa40 Exception <a 'java/lang/NoSuchMethodError'{0x000000008ec1d6a8}: 'java.lang.Object java.lang.invoke.DirectMethodHandle$Holder.invokeSpecial(java.lang.Object, java.lang.Object, java.lang.Object, java.lang.Object, java.lang.Object, java.lang.Object, java.lang.Object, java.lang.Object, java.lang.Object, java.lang.Object, java.lang.Object, java.lang.Object, java.lang.Object, java.lang.Object)'> (0x000000008ec1d6a8) 
thrown [s\open\src\hotspot\share\interpreter\linkResolver.cpp, line 759]
Event: 39.136 Thread 0x00000207cb6eaa40 Exception <a 'java/lang/NoSuchMethodError'{0x000000008ec2fcd0}: 'java.lang.Object java.lang.invoke.DirectMethodHandle$Holder.newInvokeSpecial(java.lang.Object, java.lang.Object, java.lang.Object, java.lang.Object, java.lang.Object, java.lang.Object, java.lang.Object, java.lang.Object, java.lang.Object, java.lang.Object, java.lang.Object, java.lang.Object)'> (0x000000008ec2fcd0) 
thrown [s\open\src\hotspot\share\interpreter\linkResolver.cpp, line 759]
Event: 39.136 Thread 0x00000207cb6eaa40 Exception <a 'java/lang/NoSuchMethodError'{0x000000008ec35668}: 'java.lang.Object java.lang.invoke.Invokers$Holder.linkToTargetMethod(java.lang.Object, java.lang.Object, java.lang.Object, java.lang.Object, java.lang.Object, java.lang.Object, java.lang.Object, java.lang.Object, java.lang.Object, java.lang.Object, java.lang.Object, java.lang.Object)'> (0x000000008ec35668) 
thrown [s\open\src\hotspot\share\interpreter\linkResolver.cpp, line 759]
Event: 39.375 Thread 0x00000207cb6eaa40 Exception <a 'java/lang/NoSuchMethodError'{0x000000008eb37698}: 'java.lang.Object java.lang.invoke.DirectMethodHandle$Holder.invokeStaticInit(java.lang.Object, java.lang.Object, java.lang.Object, java.lang.Object)'> (0x000000008eb37698) 
thrown [s\open\src\hotspot\share\interpreter\linkResolver.cpp, line 759]
Event: 39.757 Thread 0x00000207cb6eaa40 Exception <a 'java/lang/NoSuchMethodError'{0x0000000083835210}: 'java.lang.Object java.lang.invoke.DirectMethodHandle$Holder.newInvokeSpecial(java.lang.Object, java.lang.Object, java.lang.Object, java.lang.Object, java.lang.Object, java.lang.Object, java.lang.Object, java.lang.Object)'> (0x0000000083835210) 
thrown [s\open\src\hotspot\share\interpreter\linkResolver.cpp, line 759]
Event: 39.758 Thread 0x00000207cb6eaa40 Exception <a 'java/lang/NoSuchMethodError'{0x000000008383aff0}: 'java.lang.Object java.lang.invoke.Invokers$Holder.linkToTargetMethod(java.lang.Object, java.lang.Object, java.lang.Object, java.lang.Object, java.lang.Object, java.lang.Object, java.lang.Object, java.lang.Object)'> (0x000000008383aff0) 
thrown [s\open\src\hotspot\share\interpreter\linkResolver.cpp, line 759]
Event: 39.792 Thread 0x00000207cb6eaa40 Exception <a 'java/lang/IncompatibleClassChangeError'{0x000000008389dd60}: Found class java.lang.Object, but interface was expected> (0x000000008389dd60) 
thrown [s\open\src\hotspot\share\interpreter\linkResolver.cpp, line 826]
Event: 39.915 Thread 0x00000207cb6eaa40 Exception <a 'java/lang/NoSuchMethodError'{0x0000000083382c78}: 'java.lang.Object java.lang.invoke.DirectMethodHandle$Holder.newInvokeSpecial(java.lang.Object, java.lang.Object, int, int)'> (0x0000000083382c78) 
thrown [s\open\src\hotspot\share\interpreter\linkResolver.cpp, line 759]
Event: 40.106 Thread 0x00000207cb6eaa40 Exception <a 'java/lang/NoSuchMethodError'{0x0000000082d05378}: 'void java.lang.invoke.DirectMethodHandle$Holder.invokeStaticInit(java.lang.Object, java.lang.Object, java.lang.Object)'> (0x0000000082d05378) 
thrown [s\open\src\hotspot\share\interpreter\linkResolver.cpp, line 759]
Event: 40.106 Thread 0x00000207cb6eaa40 Exception <a 'java/lang/NoSuchMethodError'{0x0000000082d0c818}: 'void java.lang.invoke.DirectMethodHandle$Holder.invokeStaticInit(java.lang.Object, java.lang.Object, java.lang.Object, java.lang.Object)'> (0x0000000082d0c818) 
thrown [s\open\src\hotspot\share\interpreter\linkResolver.cpp, line 759]
Event: 40.109 Thread 0x00000207cb6eaa40 Exception <a 'java/lang/NoSuchMethodError'{0x0000000082d2eae0}: 'void java.lang.invoke.DirectMethodHandle$Holder.invokeStaticInit(java.lang.Object, java.lang.Object, java.lang.Object, java.lang.Object, java.lang.Object)'> (0x0000000082d2eae0) 
thrown [s\open\src\hotspot\share\interpreter\linkResolver.cpp, line 759]
Event: 40.110 Thread 0x00000207cb6eaa40 Exception <a 'java/lang/NoSuchMethodError'{0x0000000082d368a8}: 'int java.lang.invoke.DirectMethodHandle$Holder.invokeStaticInit(java.lang.Object, java.lang.Object, java.lang.Object)'> (0x0000000082d368a8) 
thrown [s\open\src\hotspot\share\interpreter\linkResolver.cpp, line 759]
Event: 40.121 Thread 0x00000207cb6eaa40 Exception <a 'java/lang/NoSuchMethodError'{0x0000000082d8dfa0}: 'int java.lang.invoke.DirectMethodHandle$Holder.invokeStaticInit(java.lang.Object, java.lang.Object, java.lang.Object, java.lang.Object)'> (0x0000000082d8dfa0) 
thrown [s\open\src\hotspot\share\interpreter\linkResolver.cpp, line 759]
Event: 40.704 Thread 0x00000207cb6eaa40 Exception <a 'java/lang/ClassNotFoundException'{0x0000000082589b58}: groovy/lang/ExpandoMetaClassBeanInfo> (0x0000000082589b58) 
thrown [s\open\src\hotspot\share\classfile\systemDictionary.cpp, line 256]
Event: 40.705 Thread 0x00000207cb6eaa40 Exception <a 'java/lang/ClassNotFoundException'{0x00000000825a04a0}: groovy/lang/MetaClassImplBeanInfo> (0x00000000825a04a0) 
thrown [s\open\src\hotspot\share\classfile\systemDictionary.cpp, line 256]
Event: 40.706 Thread 0x00000207cb6eaa40 Exception <a 'java/lang/ClassNotFoundException'{0x00000000825a5498}: java/lang/ObjectBeanInfo> (0x00000000825a5498) 
thrown [s\open\src\hotspot\share\classfile\systemDictionary.cpp, line 256]
Event: 40.706 Thread 0x00000207cb6eaa40 Exception <a 'java/lang/ClassNotFoundException'{0x00000000825aab08}: java/lang/ObjectCustomizer> (0x00000000825aab08) 
thrown [s\open\src\hotspot\share\classfile\systemDictionary.cpp, line 256]
Event: 40.718 Thread 0x00000207cb6eaa40 Exception <a 'java/lang/IncompatibleClassChangeError'{0x00000000825af530}: Found class java.lang.Object, but interface was expected> (0x00000000825af530) 
thrown [s\open\src\hotspot\share\interpreter\linkResolver.cpp, line 826]
Event: 40.721 Thread 0x00000207cb6eaa40 Exception <a 'java/lang/ClassNotFoundException'{0x00000000825cae38}: groovy/lang/MetaClassImplCustomizer> (0x00000000825cae38) 
thrown [s\open\src\hotspot\share\classfile\systemDictionary.cpp, line 256]
Event: 40.724 Thread 0x00000207cb6eaa40 Exception <a 'java/lang/ClassNotFoundException'{0x0000000082400498}: groovy/lang/ExpandoMetaClassCustomizer> (0x0000000082400498) 
thrown [s\open\src\hotspot\share\classfile\systemDictionary.cpp, line 256]

VM Operations (20 events):
Event: 38.180 Executing VM operation: G1CollectForAllocation
Event: 38.187 Executing VM operation: G1CollectForAllocation done
Event: 39.016 Executing VM operation: HandshakeAllThreads
Event: 39.016 Executing VM operation: HandshakeAllThreads done
Event: 39.451 Executing VM operation: CollectForMetadataAllocation
Event: 39.456 Executing VM operation: CollectForMetadataAllocation done
Event: 39.460 Executing VM operation: G1Concurrent
Event: 39.461 Executing VM operation: G1Concurrent done
Event: 39.463 Executing VM operation: G1Concurrent
Event: 39.465 Executing VM operation: G1Concurrent done
Event: 39.749 Executing VM operation: HandshakeAllThreads
Event: 39.749 Executing VM operation: HandshakeAllThreads done
Event: 40.057 Executing VM operation: HandshakeAllThreads
Event: 40.057 Executing VM operation: HandshakeAllThreads done
Event: 40.538 Executing VM operation: HandshakeAllThreads
Event: 40.538 Executing VM operation: HandshakeAllThreads done
Event: 40.538 Executing VM operation: Cleanup
Event: 40.589 Executing VM operation: Cleanup done
Event: 40.651 Executing VM operation: HandshakeAllThreads
Event: 40.651 Executing VM operation: HandshakeAllThreads done

Events (20 events):
Event: 40.720 loading class java/beans/GenericBeanInfo
Event: 40.720 loading class java/beans/SimpleBeanInfo
Event: 40.720 loading class java/beans/SimpleBeanInfo done
Event: 40.720 loading class java/beans/GenericBeanInfo done
Event: 40.722 loading class java/util/Hashtable$EntrySet
Event: 40.723 loading class java/util/Hashtable$EntrySet done
Event: 40.727 loading class java/util/concurrent/locks/ReentrantReadWriteLock
Event: 40.727 loading class java/util/concurrent/locks/ReadWriteLock
Event: 40.727 loading class java/util/concurrent/locks/ReadWriteLock done
Event: 40.728 loading class java/util/concurrent/locks/ReentrantReadWriteLock done
Event: 40.736 loading class java/util/concurrent/locks/ReentrantReadWriteLock$NonfairSync
Event: 40.736 loading class java/util/concurrent/locks/ReentrantReadWriteLock$Sync
Event: 40.736 loading class java/util/concurrent/locks/ReentrantReadWriteLock$Sync done
Event: 40.736 loading class java/util/concurrent/locks/ReentrantReadWriteLock$NonfairSync done
Event: 40.736 loading class java/util/concurrent/locks/ReentrantReadWriteLock$Sync$ThreadLocalHoldCounter
Event: 40.736 loading class java/util/concurrent/locks/ReentrantReadWriteLock$Sync$ThreadLocalHoldCounter done
Event: 40.736 loading class java/util/concurrent/locks/ReentrantReadWriteLock$ReadLock
Event: 40.736 loading class java/util/concurrent/locks/ReentrantReadWriteLock$ReadLock done
Event: 40.736 loading class java/util/concurrent/locks/ReentrantReadWriteLock$WriteLock
Event: 40.736 loading class java/util/concurrent/locks/ReentrantReadWriteLock$WriteLock done


Dynamic libraries:
0x00007ff759fb0000 - 0x00007ff759fc0000 	C:\Program Files\Java\jdk-17.0.5\bin\java.exe
0x00007fff360f0000 - 0x00007fff362e8000 	C:\WINDOWS\SYSTEM32\ntdll.dll
0x00007fff34490000 - 0x00007fff3454d000 	C:\WINDOWS\System32\KERNEL32.DLL
0x00007fff339f0000 - 0x00007fff33ce6000 	C:\WINDOWS\System32\KERNELBASE.dll
0x00007fff33cf0000 - 0x00007fff33df0000 	C:\WINDOWS\System32\ucrtbase.dll
0x00007fff0c580000 - 0x00007fff0c598000 	C:\Program Files\Java\jdk-17.0.5\bin\jli.dll
0x00007fff34550000 - 0x00007fff345ff000 	C:\WINDOWS\System32\ADVAPI32.dll
0x00007fff35730000 - 0x00007fff357ce000 	C:\WINDOWS\System32\msvcrt.dll
0x00007fff34610000 - 0x00007fff346ac000 	C:\WINDOWS\System32\sechost.dll
0x00007fff35520000 - 0x00007fff35646000 	C:\WINDOWS\System32\RPCRT4.dll
0x00007fff34b50000 - 0x00007fff34cee000 	C:\WINDOWS\System32\USER32.dll
0x00007fff33f50000 - 0x00007fff33f72000 	C:\WINDOWS\System32\win32u.dll
0x00007fff34920000 - 0x00007fff3494c000 	C:\WINDOWS\System32\GDI32.dll
0x00007fff338d0000 - 0x00007fff339ea000 	C:\WINDOWS\System32\gdi32full.dll
0x00007fff34000000 - 0x00007fff3409d000 	C:\WINDOWS\System32\msvcp_win.dll
0x00007fff08e80000 - 0x00007fff08e9a000 	C:\Program Files\Java\jdk-17.0.5\bin\VCRUNTIME140.dll
0x00007fff1e010000 - 0x00007fff1e2aa000 	C:\WINDOWS\WinSxS\amd64_microsoft.windows.common-controls_6595b64144ccf1df_6.0.19041.3636_none_60b6a03d71f818d5\COMCTL32.dll
0x00007fff2cc90000 - 0x00007fff2cc9a000 	C:\WINDOWS\SYSTEM32\VERSION.dll
0x00007fff354f0000 - 0x00007fff35520000 	C:\WINDOWS\System32\IMM32.DLL
0x00007fff0e7c0000 - 0x00007fff0e7cc000 	C:\Program Files\Java\jdk-17.0.5\bin\vcruntime140_1.dll
0x00007ffefd820000 - 0x00007ffefd8ad000 	C:\Program Files\Java\jdk-17.0.5\bin\msvcp140.dll
0x00007ffede3e0000 - 0x00007ffedefa2000 	C:\Program Files\Java\jdk-17.0.5\bin\server\jvm.dll
0x00007fff34600000 - 0x00007fff34608000 	C:\WINDOWS\System32\PSAPI.DLL
0x00007fff227d0000 - 0x00007fff227f7000 	C:\WINDOWS\SYSTEM32\WINMM.dll
0x00007fff26470000 - 0x00007fff26479000 	C:\WINDOWS\SYSTEM32\WSOCK32.dll
0x00007fff357e0000 - 0x00007fff3584b000 	C:\WINDOWS\System32\WS2_32.dll
0x00007fff315b0000 - 0x00007fff315c2000 	C:\WINDOWS\SYSTEM32\kernel.appcore.dll
0x00007fff0e790000 - 0x00007fff0e79a000 	C:\Program Files\Java\jdk-17.0.5\bin\jimage.dll
0x00007fff1fdf0000 - 0x00007fff1ffd4000 	C:\WINDOWS\SYSTEM32\DBGHELP.DLL
0x00007fff26520000 - 0x00007fff26554000 	C:\WINDOWS\SYSTEM32\dbgcore.DLL
0x00007fff33840000 - 0x00007fff338c2000 	C:\WINDOWS\System32\bcryptPrimitives.dll
0x00007ffeff110000 - 0x00007ffeff135000 	C:\Program Files\Java\jdk-17.0.5\bin\java.dll
0x00007ffef3e90000 - 0x00007ffef3f66000 	C:\Program Files\Java\jdk-17.0.5\bin\jsvml.dll
0x00007fff34cf0000 - 0x00007fff35434000 	C:\WINDOWS\System32\SHELL32.dll
0x00007fff31890000 - 0x00007fff3202b000 	C:\WINDOWS\SYSTEM32\windows.storage.dll
0x00007fff35850000 - 0x00007fff35ba4000 	C:\WINDOWS\System32\combase.dll
0x00007fff33210000 - 0x00007fff3323d000 	C:\WINDOWS\SYSTEM32\Wldp.dll
0x00007fff35440000 - 0x00007fff354ed000 	C:\WINDOWS\System32\SHCORE.dll
0x00007fff34360000 - 0x00007fff343b5000 	C:\WINDOWS\System32\shlwapi.dll
0x00007fff33700000 - 0x00007fff33725000 	C:\WINDOWS\SYSTEM32\profapi.dll
0x00007fff08e10000 - 0x00007fff08e29000 	C:\Program Files\Java\jdk-17.0.5\bin\net.dll
0x00007fff2cd00000 - 0x00007fff2ce0a000 	C:\WINDOWS\SYSTEM32\WINHTTP.dll
0x00007fff32f00000 - 0x00007fff32f6a000 	C:\WINDOWS\system32\mswsock.dll
0x00007fff08cf0000 - 0x00007fff08d06000 	C:\Program Files\Java\jdk-17.0.5\bin\nio.dll
0x00007fff08c90000 - 0x00007fff08ca8000 	C:\Program Files\Java\jdk-17.0.5\bin\zip.dll
0x00007fff0cb70000 - 0x00007fff0cb80000 	C:\Program Files\Java\jdk-17.0.5\bin\verify.dll
0x00007fff12630000 - 0x00007fff12657000 	C:\Users\user\.gradle\native\68d5fa5c4cc2d200863cafc0d521ce42e7d3e7ee720ec0a83991735586a16f82\windows-amd64\native-platform.dll
0x00007ffef84d0000 - 0x00007ffef8614000 	C:\Users\user\.gradle\native\e376f236ea51e6404a007f0833ffe2c6e607c4080706a723a18a27aeea778392\windows-amd64\native-platform-file-events.dll
0x00007fff23ac0000 - 0x00007fff23ac9000 	C:\Program Files\Java\jdk-17.0.5\bin\management.dll
0x00007fff24d40000 - 0x00007fff24d4b000 	C:\Program Files\Java\jdk-17.0.5\bin\management_ext.dll
0x00007fff33110000 - 0x00007fff33128000 	C:\WINDOWS\SYSTEM32\CRYPTSP.dll
0x00007fff327d0000 - 0x00007fff32804000 	C:\WINDOWS\system32\rsaenh.dll
0x00007fff33fd0000 - 0x00007fff33ff7000 	C:\WINDOWS\System32\bcrypt.dll
0x00007fff33680000 - 0x00007fff336ae000 	C:\WINDOWS\SYSTEM32\USERENV.dll
0x00007fff33130000 - 0x00007fff3313c000 	C:\WINDOWS\SYSTEM32\CRYPTBASE.dll
0x00007fff32b90000 - 0x00007fff32bcb000 	C:\WINDOWS\SYSTEM32\IPHLPAPI.DLL
0x00007fff357d0000 - 0x00007fff357d8000 	C:\WINDOWS\System32\NSI.dll
0x00007fff2d2b0000 - 0x00007fff2d2c7000 	C:\WINDOWS\SYSTEM32\dhcpcsvc6.DLL
0x00007fff2d980000 - 0x00007fff2d99d000 	C:\WINDOWS\SYSTEM32\dhcpcsvc.DLL
0x00007fff32bd0000 - 0x00007fff32c9a000 	C:\WINDOWS\SYSTEM32\DNSAPI.dll
0x00007fff233e0000 - 0x00007fff233ee000 	C:\Program Files\Java\jdk-17.0.5\bin\sunmscapi.dll
0x00007fff33df0000 - 0x00007fff33f4d000 	C:\WINDOWS\System32\CRYPT32.dll
0x00007fff33280000 - 0x00007fff332a7000 	C:\WINDOWS\SYSTEM32\ncrypt.dll
0x00007fff33240000 - 0x00007fff3327b000 	C:\WINDOWS\SYSTEM32\NTASN1.dll
0x00007fff10770000 - 0x00007fff10777000 	C:\WINDOWS\system32\wshunix.dll

dbghelp: loaded successfully - version: 4.0.5 - missing functions: none
symbol engine: initialized successfully - sym options: 0x614 - pdb path: .;C:\Program Files\Java\jdk-17.0.5\bin;C:\WINDOWS\SYSTEM32;C:\WINDOWS\WinSxS\amd64_microsoft.windows.common-controls_6595b64144ccf1df_6.0.19041.3636_none_60b6a03d71f818d5;C:\Program Files\Java\jdk-17.0.5\bin\server;C:\Users\user\.gradle\native\68d5fa5c4cc2d200863cafc0d521ce42e7d3e7ee720ec0a83991735586a16f82\windows-amd64;C:\Users\user\.gradle\native\e376f236ea51e6404a007f0833ffe2c6e607c4080706a723a18a27aeea778392\windows-amd64

VM Arguments:
jvm_args: -XX:MaxMetaspaceSize=512m --add-opens=java.base/java.util=ALL-UNNAMED --add-opens=java.base/java.lang=ALL-UNNAMED --add-opens=java.base/java.lang.invoke=ALL-UNNAMED --add-opens=java.prefs/java.util.prefs=ALL-UNNAMED --add-opens=java.base/java.nio.charset=ALL-UNNAMED --add-opens=java.base/java.net=ALL-UNNAMED --add-opens=java.base/java.util.concurrent.atomic=ALL-UNNAMED -Xmx2048m -Dfile.encoding=x-windows-949 -Duser.country=KR -Duser.language=ko -Duser.variant 
java_command: org.gradle.launcher.daemon.bootstrap.GradleDaemon 8.0.1
java_class_path (initial): C:\Users\user\.gradle\wrapper\dists\gradle-8.0.1-all\aro4hu1c3oeioove7l0i4i14o\gradle-8.0.1\lib\gradle-launcher-8.0.1.jar
Launcher Type: SUN_STANDARD

[Global flags]
     intx CICompilerCount                          = 3                                         {product} {ergonomic}
   size_t CompressedClassSpaceSize                 = 432013312                                 {product} {ergonomic}
     uint ConcGCThreads                            = 2                                         {product} {ergonomic}
     uint G1ConcRefinementThreads                  = 6                                         {product} {ergonomic}
   size_t G1HeapRegionSize                         = 1048576                                   {product} {ergonomic}
    uintx GCDrainStackTargetSize                   = 64                                        {product} {ergonomic}
   size_t InitialHeapSize                          = 268435456                                 {product} {ergonomic}
   size_t MarkStackSize                            = 4194304                                   {product} {ergonomic}
   size_t MaxHeapSize                              = 2147483648                                {product} {command line}
   size_t MaxMetaspaceSize                         = 536870912                                 {product} {command line}
   size_t MaxNewSize                               = 1287651328                                {product} {ergonomic}
   size_t MinHeapDeltaBytes                        = 1048576                                   {product} {ergonomic}
   size_t MinHeapSize                              = 8388608                                   {product} {ergonomic}
    uintx NonNMethodCodeHeapSize                   = 5832780                                {pd product} {ergonomic}
    uintx NonProfiledCodeHeapSize                  = 122912730                              {pd product} {ergonomic}
    uintx ProfiledCodeHeapSize                     = 122912730                              {pd product} {ergonomic}
    uintx ReservedCodeCacheSize                    = 251658240                              {pd product} {ergonomic}
     bool SegmentedCodeCache                       = true                                      {product} {ergonomic}
   size_t SoftMaxHeapSize                          = 2147483648                             {manageable} {ergonomic}
     bool UseCompressedClassPointers               = true                           {product lp64_product} {ergonomic}
     bool UseCompressedOops                        = true                           {product lp64_product} {ergonomic}
     bool UseG1GC                                  = true                                      {product} {ergonomic}
     bool UseLargePagesIndividualAllocation        = false                                  {pd product} {ergonomic}

Logging:
Log output configuration:
 #0: stdout all=warning uptime,level,tags
 #1: stderr all=off uptime,level,tags

Environment Variables:
JAVA_HOME=C:\Program Files\Java\jdk-17.0.5
CLASSPATH=C:\Users\user\Desktop\bragicode\FE\bra\InjeBragi_FrontEnd\bragi\android\\gradle\wrapper\gradle-wrapper.jar
PATH=C:\Users\user\Desktop\bragicode\FE\bra\InjeBragi_FrontEnd\bragi\node_modules\.bin;C:\Users\user\Desktop\bragicode\FE\bra\InjeBragi_FrontEnd\bragi\node_modules\.bin;C:\Users\user\Desktop\bragicode\FE\bra\InjeBragi_FrontEnd\node_modules\.bin;C:\Users\user\Desktop\bragicode\FE\bra\node_modules\.bin;C:\Users\user\Desktop\bragicode\FE\node_modules\.bin;C:\Users\user\Desktop\bragicode\node_modules\.bin;C:\Users\user\Desktop\node_modules\.bin;C:\Users\user\node_modules\.bin;C:\Users\node_modules\.bin;C:\node_modules\.bin;C:\Users\user\AppData\Roaming\npm\node_modules\npm\node_modules\@npmcli\run-script\lib\node-gyp-bin;C:\Users\user\Desktop\bragicode\FE\bra\InjeBragi_FrontEnd\bragi\node_modules\.bin;C:\Users\user\Desktop\bragicode\FE\bra\InjeBragi_FrontEnd\node_modules\.bin;C:\Users\user\Desktop\bragicode\FE\bra\node_modules\.bin;C:\Users\user\Desktop\bragicode\FE\node_modules\.bin;C:\Users\user\Desktop\bragicode\node_modules\.bin;C:\Users\user\Desktop\node_modules\.bin;C:\Users\user\node_modules\.bin;C:\Users\node_modules\.bin;C:\node_modules\.bin;C:\Users\user\AppData\Roaming\npm\node_modules\npm\node_modules\@npmcli\run-script\lib\node-gyp-bin;C:\Users\user\bin;C:\Program Files\Git\mingw64\bin;C:\Program Files\Git\usr\local\bin;C:\Program Files\Git\usr\bin;C:\Program Files\Git\usr\bin;C:\Program Files\Git\mingw64\bin;C:\Program Files\Git\usr\bin;C:\Users\user\bin;C:\Program Files\Common Files\Oracle\Java\javapath;C:\Program Files\MySQL\MySQL Server 8.0\bin;C:\Users\user\AppData\Local\Android\Sdk\platform-tools;C:\Program Files (x86)\Intel\Intel(R) Management Engine Components\iCLS;C:\Program Files\Intel\Intel(R) Management Engine Components\iCLS;C:\WINDOWS\system32;C:\WINDOWS;C:\WINDOWS\System32\Wbem;C:\WINDOWS\System32\WindowsPowerShell\v1.0;C:\Program Files (x86)\Intel\Intel(R) Management Engine Components\DAL;C:\Program Files\Intel\Intel(R) Management Engine Components\DAL;C:\Program Files (x86)\Intel\Intel(R) Management Engine Components\IPT;C:\Program Files\Intel
USERNAME=user
SHELL=C:\Program Files\Git\usr\bin\bash.exe
DISPLAY=needs-to-be-defined
LANG=en_US.UTF-8
OS=Windows_NT
PROCESSOR_IDENTIFIER=Intel64 Family 6 Model 158 Stepping 10, GenuineIntel



---------------  S Y S T E M  ---------------

OS:
 Windows 10 , 64 bit Build 19041 (10.0.19041.3636)
OS uptime: 1 days 5:26 hours

CPU: total 6 (initial active 6) (6 cores per cpu, 1 threads per core) family 6 model 158 stepping 10 microcode 0xb4, cx8, cmov, fxsr, mmx, 3dnowpref, sse, sse2, sse3, ssse3, sse4.1, sse4.2, popcnt, lzcnt, tsc, tscinvbit, avx, avx2, aes, erms, clmul, bmi1, bmi2, rtm, adx, fma, vzeroupper, clflush, clflushopt

Memory: 4k page, system-wide physical 16335M (782M free)
TotalPageFile size 40216M (AvailPageFile size 334M)
current process WorkingSet (physical memory assigned to process): 183M, peak: 223M
current process commit charge ("private bytes"): 248M, peak: 426M

vm_info: Java HotSpot(TM) 64-Bit Server VM (17.0.5+9-LTS-191) for windows-amd64 JRE (17.0.5+9-LTS-191), built on Sep 13 2022 17:31:43 by "mach5one" with MS VC++ 16.8 / 16.9 (VS2019)

END.
