#
# There is insufficient memory for the Java Runtime Environment to continue.
# Native memory allocation (mmap) failed to map 65536 bytes for Failed to commit metaspace.
# Possible reasons:
#   The system is out of physical RAM or swap space
#   The process is running with CompressedOops enabled, and the Java Heap may be blocking the growth of the native heap
# Possible solutions:
#   Reduce memory load on the system
#   Increase physical memory or swap space
#   Check if swap backing store is full
#   Decrease Java heap size (-Xmx/-Xms)
#   Decrease number of Java threads
#   Decrease Java thread stack sizes (-Xss)
#   Set larger code cache with -XX:ReservedCodeCacheSize=
#   JVM is running with Unscaled Compressed Oops mode in which the Java heap is
#     placed in the first 4GB address space. The Java Heap base address is the
#     maximum limit for the native heap growth. Please use -XX:HeapBaseMinAddress
#     to set the Java Heap base and to place the Java Heap above 4GB virtual address.
# This output file may be truncated or incomplete.
#
#  Out of Memory Error (virtualSpaceNode.cpp:110), pid=31508, tid=35564
#
# JRE version: Java(TM) SE Runtime Environment (17.0.5+9) (build 17.0.5+9-LTS-191)
# Java VM: Java HotSpot(TM) 64-Bit Server VM (17.0.5+9-LTS-191, mixed mode, sharing, tiered, compressed oops, compressed class ptrs, g1 gc, windows-amd64)
# No core dump will be written. Minidumps are not enabled by default on client versions of Windows
#

---------------  S U M M A R Y ------------

Command Line: -Xmx64m -Xms64m -Dorg.gradle.appname=gradlew org.gradle.wrapper.GradleWrapperMain app:installDebug -PreactNativeDevServerPort=8081

Host: Intel(R) Core(TM) i5-8500 CPU @ 3.00GHz, 6 cores, 15G,  Windows 10 , 64 bit Build 19041 (10.0.19041.3636)
Time: Sun Dec 10 04:21:33 2023  Windows 10 , 64 bit Build 19041 (10.0.19041.3636) elapsed time: 4.298402 seconds (0d 0h 0m 4s)

---------------  T H R E A D  ---------------

Current thread (0x000002d57df4a700):  JavaThread "main" [_thread_in_vm, id=35564, stack(0x000000fb69f00000,0x000000fb6a000000)]

Stack: [0x000000fb69f00000,0x000000fb6a000000]
Native frames: (J=compiled Java code, j=interpreted, Vv=VM code, C=native code)
V  [jvm.dll+0x672eea]
V  [jvm.dll+0x7d2a04]
V  [jvm.dll+0x7d41ae]
V  [jvm.dll+0x7d4813]
V  [jvm.dll+0x242c15]
V  [jvm.dll+0x7ce9ab]
V  [jvm.dll+0x618bb6]
V  [jvm.dll+0x618c1a]
V  [jvm.dll+0x61b42a]
V  [jvm.dll+0x619556]
V  [jvm.dll+0x2406dc]
V  [jvm.dll+0x6c94ed]
V  [jvm.dll+0x6c9f1f]
V  [jvm.dll+0x36c843]
V  [jvm.dll+0x36ba22]
V  [jvm.dll+0x36b9c8]
V  [jvm.dll+0x37b70a]
C  0x000002d5077bb80d

Java frames: (J=compiled Java code, j=interpreted, Vv=VM code)
j  java.util.regex.Pattern.group0()Ljava/util/regex/Pattern$Node;+972 java.base@17.0.5
J 789 c1 java.util.regex.Pattern.sequence(Ljava/util/regex/Pattern$Node;)Ljava/util/regex/Pattern$Node; java.base@17.0.5 (647 bytes) @ 0x000002d507eabc74 [0x000002d507eaa320+0x0000000000001954]
j  java.util.regex.Pattern.expr(Ljava/util/regex/Pattern$Node;)Ljava/util/regex/Pattern$Node;+12 java.base@17.0.5
j  java.util.regex.Pattern.group0()Ljava/util/regex/Pattern$Node;+655 java.base@17.0.5
J 789 c1 java.util.regex.Pattern.sequence(Ljava/util/regex/Pattern$Node;)Ljava/util/regex/Pattern$Node; java.base@17.0.5 (647 bytes) @ 0x000002d507eabc74 [0x000002d507eaa320+0x0000000000001954]
j  java.util.regex.Pattern.expr(Ljava/util/regex/Pattern$Node;)Ljava/util/regex/Pattern$Node;+12 java.base@17.0.5
J 218 c1 java.util.regex.Pattern.compile()V java.base@17.0.5 (500 bytes) @ 0x000002d507d89d14 [0x000002d507d89040+0x0000000000000cd4]
j  java.util.regex.Pattern.<init>(Ljava/lang/String;I)V+108 java.base@17.0.5
j  java.util.regex.Pattern.compile(Ljava/lang/String;)Ljava/util/regex/Pattern;+6 java.base@17.0.5
j  org.gradle.util.internal.DefaultGradleVersion.<clinit>()V+2
v  ~StubRoutines::call_stub
j  org.gradle.util.GradleVersion.current()Lorg/gradle/util/GradleVersion;+0
j  org.gradle.api.internal.DocumentationRegistry.<init>()V+5
j  org.gradle.launcher.cli.DebugLoggerWarningAction.<clinit>()V+60
v  ~StubRoutines::call_stub
j  org.gradle.launcher.cli.DefaultCommandLineActionFactory$WithLogging.execute(Lorg/gradle/launcher/bootstrap/ExecutionListener;)V+270
j  org.gradle.launcher.Main.doAction([Ljava/lang/String;Lorg/gradle/launcher/bootstrap/ExecutionListener;)V+14
j  org.gradle.launcher.bootstrap.EntryPoint.run([Ljava/lang/String;)V+12
v  ~StubRoutines::call_stub
j  jdk.internal.reflect.NativeMethodAccessorImpl.invoke0(Ljava/lang/reflect/Method;Ljava/lang/Object;[Ljava/lang/Object;)Ljava/lang/Object;+0 java.base@17.0.5
j  jdk.internal.reflect.NativeMethodAccessorImpl.invoke(Ljava/lang/Object;[Ljava/lang/Object;)Ljava/lang/Object;+133 java.base@17.0.5
j  jdk.internal.reflect.DelegatingMethodAccessorImpl.invoke(Ljava/lang/Object;[Ljava/lang/Object;)Ljava/lang/Object;+6 java.base@17.0.5
j  java.lang.reflect.Method.invoke(Ljava/lang/Object;[Ljava/lang/Object;)Ljava/lang/Object;+59 java.base@17.0.5
j  org.gradle.launcher.bootstrap.ProcessBootstrap.runNoExit(Ljava/lang/String;[Ljava/lang/String;)V+159
j  org.gradle.launcher.bootstrap.ProcessBootstrap.run(Ljava/lang/String;[Ljava/lang/String;)V+2
v  ~StubRoutines::call_stub
j  jdk.internal.reflect.NativeMethodAccessorImpl.invoke0(Ljava/lang/reflect/Method;Ljava/lang/Object;[Ljava/lang/Object;)Ljava/lang/Object;+0 java.base@17.0.5
j  jdk.internal.reflect.NativeMethodAccessorImpl.invoke(Ljava/lang/Object;[Ljava/lang/Object;)Ljava/lang/Object;+133 java.base@17.0.5
j  jdk.internal.reflect.DelegatingMethodAccessorImpl.invoke(Ljava/lang/Object;[Ljava/lang/Object;)Ljava/lang/Object;+6 java.base@17.0.5
j  java.lang.reflect.Method.invoke(Ljava/lang/Object;[Ljava/lang/Object;)Ljava/lang/Object;+59 java.base@17.0.5
j  org.gradle.launcher.GradleMain.main([Ljava/lang/String;)V+100
v  ~StubRoutines::call_stub
j  jdk.internal.reflect.NativeMethodAccessorImpl.invoke0(Ljava/lang/reflect/Method;Ljava/lang/Object;[Ljava/lang/Object;)Ljava/lang/Object;+0 java.base@17.0.5
j  jdk.internal.reflect.NativeMethodAccessorImpl.invoke(Ljava/lang/Object;[Ljava/lang/Object;)Ljava/lang/Object;+133 java.base@17.0.5
j  jdk.internal.reflect.DelegatingMethodAccessorImpl.invoke(Ljava/lang/Object;[Ljava/lang/Object;)Ljava/lang/Object;+6 java.base@17.0.5
j  java.lang.reflect.Method.invoke(Ljava/lang/Object;[Ljava/lang/Object;)Ljava/lang/Object;+59 java.base@17.0.5
j  org.gradle.wrapper.BootstrapMainStarter.start([Ljava/lang/String;Ljava/io/File;)V+105
j  org.gradle.wrapper.WrapperExecutor.execute([Ljava/lang/String;Lorg/gradle/wrapper/Install;Lorg/gradle/wrapper/BootstrapMainStarter;)V+14
j  org.gradle.wrapper.GradleWrapperMain.main([Ljava/lang/String;)V+206
v  ~StubRoutines::call_stub

---------------  P R O C E S S  ---------------

Threads class SMR info:
_java_thread_list=0x000002d57f49b7d0, length=12, elements={
0x000002d57df4a700, 0x000002d57ea872e0, 0x000002d57ea88150, 0x000002d57eaa1600,
0x000002d57eaa7f00, 0x000002d57eaa88b0, 0x000002d57eaa9260, 0x000002d57eaa9ff0,
0x000002d57eaabde0, 0x000002d57eabec60, 0x000002d57f4cd860, 0x000002d57f4cffd0
}

Java Threads: ( => current thread )
=>0x000002d57df4a700 JavaThread "main" [_thread_in_vm, id=35564, stack(0x000000fb69f00000,0x000000fb6a000000)]
  0x000002d57ea872e0 JavaThread "Reference Handler" daemon [_thread_blocked, id=35696, stack(0x000000fb6a600000,0x000000fb6a700000)]
  0x000002d57ea88150 JavaThread "Finalizer" daemon [_thread_blocked, id=35444, stack(0x000000fb6a700000,0x000000fb6a800000)]
  0x000002d57eaa1600 JavaThread "Signal Dispatcher" daemon [_thread_blocked, id=31504, stack(0x000000fb6a800000,0x000000fb6a900000)]
  0x000002d57eaa7f00 JavaThread "Attach Listener" daemon [_thread_blocked, id=35532, stack(0x000000fb6a900000,0x000000fb6aa00000)]
  0x000002d57eaa88b0 JavaThread "Service Thread" daemon [_thread_blocked, id=33248, stack(0x000000fb6aa00000,0x000000fb6ab00000)]
  0x000002d57eaa9260 JavaThread "Monitor Deflation Thread" daemon [_thread_blocked, id=35012, stack(0x000000fb6ab00000,0x000000fb6ac00000)]
  0x000002d57eaa9ff0 JavaThread "C2 CompilerThread0" daemon [_thread_blocked, id=35220, stack(0x000000fb6ac00000,0x000000fb6ad00000)]
  0x000002d57eaabde0 JavaThread "C1 CompilerThread0" daemon [_thread_blocked, id=31108, stack(0x000000fb6ad00000,0x000000fb6ae00000)]
  0x000002d57eabec60 JavaThread "Sweeper thread" daemon [_thread_blocked, id=35092, stack(0x000000fb6ae00000,0x000000fb6af00000)]
  0x000002d57f4cd860 JavaThread "Notification Thread" daemon [_thread_blocked, id=28840, stack(0x000000fb6af00000,0x000000fb6b000000)]
  0x000002d57f4cffd0 JavaThread "Common-Cleaner" daemon [_thread_blocked, id=35432, stack(0x000000fb6b100000,0x000000fb6b200000)]

Other Threads:
  0x000002d57e01df20 VMThread "VM Thread" [stack: 0x000000fb6a500000,0x000000fb6a600000] [id=29872]
  0x000002d57f4cfd40 WatcherThread [stack: 0x000000fb6b000000,0x000000fb6b100000] [id=33508]
  0x000002d57df6ab70 GCTaskThread "GC Thread#0" [stack: 0x000000fb6a000000,0x000000fb6a100000] [id=27908]
  0x000002d51902d9b0 GCTaskThread "GC Thread#1" [stack: 0x000000fb6b200000,0x000000fb6b300000] [id=30332]
  0x000002d518cc3b70 GCTaskThread "GC Thread#2" [stack: 0x000000fb6b300000,0x000000fb6b400000] [id=35656]
  0x000002d57f88b750 GCTaskThread "GC Thread#3" [stack: 0x000000fb6b400000,0x000000fb6b500000] [id=35492]
  0x000002d518ce4590 GCTaskThread "GC Thread#4" [stack: 0x000000fb6b500000,0x000000fb6b600000] [id=35404]
  0x000002d57df6c2b0 ConcurrentGCThread "G1 Main Marker" [stack: 0x000000fb6a100000,0x000000fb6a200000] [id=35360]
  0x000002d57df6ccc0 ConcurrentGCThread "G1 Conc#0" [stack: 0x000000fb6a200000,0x000000fb6a300000] [id=12444]
  0x000002d57dfc2410 ConcurrentGCThread "G1 Refine#0" [stack: 0x000000fb6a300000,0x000000fb6a400000] [id=35536]
  0x000002d57dfc2e30 ConcurrentGCThread "G1 Service" [stack: 0x000000fb6a400000,0x000000fb6a500000] [id=35180]

Threads with active compile tasks:

VM state: not at safepoint (normal execution)

VM Mutex/Monitor currently owned by a thread:  ([mutex/lock_event])
[0x000002d57df45310] Metaspace_lock - owner thread: 0x000002d57df4a700

Heap address: 0x00000000fc000000, size: 64 MB, Compressed Oops mode: 32-bit

CDS archive(s) mapped at: [0x0000000800000000-0x0000000800bd0000-0x0000000800bd0000), size 12386304, SharedBaseAddress: 0x0000000800000000, ArchiveRelocationMode: 0.
Compressed class space mapped at: 0x0000000800c00000-0x0000000840c00000, reserved size: 1073741824
Narrow klass base: 0x0000000800000000, Narrow klass shift: 0, Narrow klass range: 0x100000000

GC Precious Log:
 CPUs: 6 total, 6 available
 Memory: 16335M
 Large Page Support: Disabled
 NUMA Support: Disabled
 Compressed Oops: Enabled (32-bit)
 Heap Region Size: 1M
 Heap Min Capacity: 64M
 Heap Initial Capacity: 64M
 Heap Max Capacity: 64M
 Pre-touch: Disabled
 Parallel Workers: 6
 Concurrent Workers: 2
 Concurrent Refinement Workers: 6
 Periodic GC: Disabled

Heap:
 garbage-first heap   total 65536K, used 10416K [0x00000000fc000000, 0x0000000100000000)
  region size 1024K, 4 young (4096K), 3 survivors (3072K)
 Metaspace       used 3424K, committed 3584K, reserved 1056768K
  class space    used 413K, committed 512K, reserved 1048576K

Heap Regions: E=young(eden), S=young(survivor), O=old, HS=humongous(starts), HC=humongous(continues), CS=collection set, F=free, OA=open archive, CA=closed archive, TAMS=top-at-mark-start (previous, next)
|   0|0x00000000fc000000, 0x00000000fc100000, 0x00000000fc100000|100%|HS|  |TAMS 0x00000000fc000000, 0x00000000fc000000| Complete 
|   1|0x00000000fc100000, 0x00000000fc200000, 0x00000000fc200000|100%|HC|  |TAMS 0x00000000fc100000, 0x00000000fc100000| Complete 
|   2|0x00000000fc200000, 0x00000000fc300000, 0x00000000fc300000|100%|HC|  |TAMS 0x00000000fc200000, 0x00000000fc200000| Complete 
|   3|0x00000000fc300000, 0x00000000fc400000, 0x00000000fc400000|100%|HC|  |TAMS 0x00000000fc300000, 0x00000000fc300000| Complete 
|   4|0x00000000fc400000, 0x00000000fc500000, 0x00000000fc500000|100%| O|  |TAMS 0x00000000fc400000, 0x00000000fc400000| Untracked 
|   5|0x00000000fc500000, 0x00000000fc600000, 0x00000000fc600000|100%| O|  |TAMS 0x00000000fc500000, 0x00000000fc500000| Untracked 
|   6|0x00000000fc600000, 0x00000000fc700000, 0x00000000fc700000|100%| O|  |TAMS 0x00000000fc600000, 0x00000000fc600000| Untracked 
|   7|0x00000000fc700000, 0x00000000fc72c200, 0x00000000fc800000| 17%| O|  |TAMS 0x00000000fc700000, 0x00000000fc700000| Untracked 
|   8|0x00000000fc800000, 0x00000000fc800000, 0x00000000fc900000|  0%| F|  |TAMS 0x00000000fc800000, 0x00000000fc800000| Untracked 
|   9|0x00000000fc900000, 0x00000000fc900000, 0x00000000fca00000|  0%| F|  |TAMS 0x00000000fc900000, 0x00000000fc900000| Untracked 
|  10|0x00000000fca00000, 0x00000000fca00000, 0x00000000fcb00000|  0%| F|  |TAMS 0x00000000fca00000, 0x00000000fca00000| Untracked 
|  11|0x00000000fcb00000, 0x00000000fcb00000, 0x00000000fcc00000|  0%| F|  |TAMS 0x00000000fcb00000, 0x00000000fcb00000| Untracked 
|  12|0x00000000fcc00000, 0x00000000fcc00000, 0x00000000fcd00000|  0%| F|  |TAMS 0x00000000fcc00000, 0x00000000fcc00000| Untracked 
|  13|0x00000000fcd00000, 0x00000000fcd00000, 0x00000000fce00000|  0%| F|  |TAMS 0x00000000fcd00000, 0x00000000fcd00000| Untracked 
|  14|0x00000000fce00000, 0x00000000fce00000, 0x00000000fcf00000|  0%| F|  |TAMS 0x00000000fce00000, 0x00000000fce00000| Untracked 
|  15|0x00000000fcf00000, 0x00000000fcf00000, 0x00000000fd000000|  0%| F|  |TAMS 0x00000000fcf00000, 0x00000000fcf00000| Untracked 
|  16|0x00000000fd000000, 0x00000000fd000000, 0x00000000fd100000|  0%| F|  |TAMS 0x00000000fd000000, 0x00000000fd000000| Untracked 
|  17|0x00000000fd100000, 0x00000000fd100000, 0x00000000fd200000|  0%| F|  |TAMS 0x00000000fd100000, 0x00000000fd100000| Untracked 
|  18|0x00000000fd200000, 0x00000000fd200000, 0x00000000fd300000|  0%| F|  |TAMS 0x00000000fd200000, 0x00000000fd200000| Untracked 
|  19|0x00000000fd300000, 0x00000000fd300000, 0x00000000fd400000|  0%| F|  |TAMS 0x00000000fd300000, 0x00000000fd300000| Untracked 
|  20|0x00000000fd400000, 0x00000000fd400000, 0x00000000fd500000|  0%| F|  |TAMS 0x00000000fd400000, 0x00000000fd400000| Untracked 
|  21|0x00000000fd500000, 0x00000000fd500000, 0x00000000fd600000|  0%| F|  |TAMS 0x00000000fd500000, 0x00000000fd500000| Untracked 
|  22|0x00000000fd600000, 0x00000000fd600000, 0x00000000fd700000|  0%| F|  |TAMS 0x00000000fd600000, 0x00000000fd600000| Untracked 
|  23|0x00000000fd700000, 0x00000000fd700000, 0x00000000fd800000|  0%| F|  |TAMS 0x00000000fd700000, 0x00000000fd700000| Untracked 
|  24|0x00000000fd800000, 0x00000000fd800000, 0x00000000fd900000|  0%| F|  |TAMS 0x00000000fd800000, 0x00000000fd800000| Untracked 
|  25|0x00000000fd900000, 0x00000000fd900000, 0x00000000fda00000|  0%| F|  |TAMS 0x00000000fd900000, 0x00000000fd900000| Untracked 
|  26|0x00000000fda00000, 0x00000000fda00000, 0x00000000fdb00000|  0%| F|  |TAMS 0x00000000fda00000, 0x00000000fda00000| Untracked 
|  27|0x00000000fdb00000, 0x00000000fdb00000, 0x00000000fdc00000|  0%| F|  |TAMS 0x00000000fdb00000, 0x00000000fdb00000| Untracked 
|  28|0x00000000fdc00000, 0x00000000fdc00000, 0x00000000fdd00000|  0%| F|  |TAMS 0x00000000fdc00000, 0x00000000fdc00000| Untracked 
|  29|0x00000000fdd00000, 0x00000000fdd00000, 0x00000000fde00000|  0%| F|  |TAMS 0x00000000fdd00000, 0x00000000fdd00000| Untracked 
|  30|0x00000000fde00000, 0x00000000fde00000, 0x00000000fdf00000|  0%| F|  |TAMS 0x00000000fde00000, 0x00000000fde00000| Untracked 
|  31|0x00000000fdf00000, 0x00000000fdf00000, 0x00000000fe000000|  0%| F|  |TAMS 0x00000000fdf00000, 0x00000000fdf00000| Untracked 
|  32|0x00000000fe000000, 0x00000000fe000000, 0x00000000fe100000|  0%| F|  |TAMS 0x00000000fe000000, 0x00000000fe000000| Untracked 
|  33|0x00000000fe100000, 0x00000000fe100000, 0x00000000fe200000|  0%| F|  |TAMS 0x00000000fe100000, 0x00000000fe100000| Untracked 
|  34|0x00000000fe200000, 0x00000000fe200000, 0x00000000fe300000|  0%| F|  |TAMS 0x00000000fe200000, 0x00000000fe200000| Untracked 
|  35|0x00000000fe300000, 0x00000000fe300000, 0x00000000fe400000|  0%| F|  |TAMS 0x00000000fe300000, 0x00000000fe300000| Untracked 
|  36|0x00000000fe400000, 0x00000000fe400000, 0x00000000fe500000|  0%| F|  |TAMS 0x00000000fe400000, 0x00000000fe400000| Untracked 
|  37|0x00000000fe500000, 0x00000000fe500000, 0x00000000fe600000|  0%| F|  |TAMS 0x00000000fe500000, 0x00000000fe500000| Untracked 
|  38|0x00000000fe600000, 0x00000000fe600000, 0x00000000fe700000|  0%| F|  |TAMS 0x00000000fe600000, 0x00000000fe600000| Untracked 
|  39|0x00000000fe700000, 0x00000000fe700000, 0x00000000fe800000|  0%| F|  |TAMS 0x00000000fe700000, 0x00000000fe700000| Untracked 
|  40|0x00000000fe800000, 0x00000000fe900000, 0x00000000fe900000|100%| S|CS|TAMS 0x00000000fe800000, 0x00000000fe800000| Complete 
|  41|0x00000000fe900000, 0x00000000fea00000, 0x00000000fea00000|100%| S|CS|TAMS 0x00000000fe900000, 0x00000000fe900000| Complete 
|  42|0x00000000fea00000, 0x00000000feb00000, 0x00000000feb00000|100%| S|CS|TAMS 0x00000000fea00000, 0x00000000fea00000| Complete 
|  43|0x00000000feb00000, 0x00000000feb00000, 0x00000000fec00000|  0%| F|  |TAMS 0x00000000feb00000, 0x00000000feb00000| Untracked 
|  44|0x00000000fec00000, 0x00000000fec00000, 0x00000000fed00000|  0%| F|  |TAMS 0x00000000fec00000, 0x00000000fec00000| Untracked 
|  45|0x00000000fed00000, 0x00000000fed00000, 0x00000000fee00000|  0%| F|  |TAMS 0x00000000fed00000, 0x00000000fed00000| Untracked 
|  46|0x00000000fee00000, 0x00000000fee00000, 0x00000000fef00000|  0%| F|  |TAMS 0x00000000fee00000, 0x00000000fee00000| Untracked 
|  47|0x00000000fef00000, 0x00000000fef00000, 0x00000000ff000000|  0%| F|  |TAMS 0x00000000fef00000, 0x00000000fef00000| Untracked 
|  48|0x00000000ff000000, 0x00000000ff000000, 0x00000000ff100000|  0%| F|  |TAMS 0x00000000ff000000, 0x00000000ff000000| Untracked 
|  49|0x00000000ff100000, 0x00000000ff100000, 0x00000000ff200000|  0%| F|  |TAMS 0x00000000ff100000, 0x00000000ff100000| Untracked 
|  50|0x00000000ff200000, 0x00000000ff200000, 0x00000000ff300000|  0%| F|  |TAMS 0x00000000ff200000, 0x00000000ff200000| Untracked 
|  51|0x00000000ff300000, 0x00000000ff300000, 0x00000000ff400000|  0%| F|  |TAMS 0x00000000ff300000, 0x00000000ff300000| Untracked 
|  52|0x00000000ff400000, 0x00000000ff400000, 0x00000000ff500000|  0%| F|  |TAMS 0x00000000ff400000, 0x00000000ff400000| Untracked 
|  53|0x00000000ff500000, 0x00000000ff500000, 0x00000000ff600000|  0%| F|  |TAMS 0x00000000ff500000, 0x00000000ff500000| Untracked 
|  54|0x00000000ff600000, 0x00000000ff600000, 0x00000000ff700000|  0%| F|  |TAMS 0x00000000ff600000, 0x00000000ff600000| Untracked 
|  55|0x00000000ff700000, 0x00000000ff700000, 0x00000000ff800000|  0%| F|  |TAMS 0x00000000ff700000, 0x00000000ff700000| Untracked 
|  56|0x00000000ff800000, 0x00000000ff800000, 0x00000000ff900000|  0%| F|  |TAMS 0x00000000ff800000, 0x00000000ff800000| Untracked 
|  57|0x00000000ff900000, 0x00000000ff900000, 0x00000000ffa00000|  0%| F|  |TAMS 0x00000000ff900000, 0x00000000ff900000| Untracked 
|  58|0x00000000ffa00000, 0x00000000ffa00000, 0x00000000ffb00000|  0%| F|  |TAMS 0x00000000ffa00000, 0x00000000ffa00000| Untracked 
|  59|0x00000000ffb00000, 0x00000000ffb00000, 0x00000000ffc00000|  0%| F|  |TAMS 0x00000000ffb00000, 0x00000000ffb00000| Untracked 
|  60|0x00000000ffc00000, 0x00000000ffc00000, 0x00000000ffd00000|  0%| F|  |TAMS 0x00000000ffc00000, 0x00000000ffc00000| Untracked 
|  61|0x00000000ffd00000, 0x00000000ffd00000, 0x00000000ffe00000|  0%| F|  |TAMS 0x00000000ffd00000, 0x00000000ffd00000| Untracked 
|  62|0x00000000ffe00000, 0x00000000ffe00000, 0x00000000fff00000|  0%| F|  |TAMS 0x00000000ffe00000, 0x00000000ffe00000| Untracked 
|  63|0x00000000fff00000, 0x0000000100000000, 0x0000000100000000|100%| E|  |TAMS 0x00000000fff00000, 0x00000000fff00000| Complete 

Card table byte_map: [0x000002d57dea0000,0x000002d57dec0000] _byte_map_base: 0x000002d57d6c0000

Marking Bits (Prev, Next): (CMBitMap*) 0x000002d57df6b180, (CMBitMap*) 0x000002d57df6b1c0
 Prev Bits: [0x000002d57e140000, 0x000002d57e240000)
 Next Bits: [0x000002d57e240000, 0x000002d57e340000)

Polling page: 0x000002d57d720000

Metaspace:

Usage:
  Non-class:      2.94 MB used.
      Class:    413.83 KB used.
       Both:      3.34 MB used.

Virtual space:
  Non-class space:        8.00 MB reserved,       3.00 MB ( 38%) committed,  1 nodes.
      Class space:        1.00 GB reserved,     512.00 KB ( <1%) committed,  1 nodes.
             Both:        1.01 GB reserved,       3.50 MB ( <1%) committed. 

Chunk freelists:
   Non-Class:  2.84 MB
       Class:  3.50 MB
        Both:  6.34 MB

MaxMetaspaceSize: unlimited
CompressedClassSpaceSize: 1.00 GB
Initial GC threshold: 21.00 MB
Current GC threshold: 21.00 MB
CDS: on
MetaspaceReclaimPolicy: balanced
 - commit_granule_bytes: 65536.
 - commit_granule_words: 8192.
 - virtual_space_node_default_size: 1048576.
 - enlarge_chunks_in_place: 1.
 - new_chunks_are_fully_committed: 0.
 - uncommit_free_chunks: 1.
 - use_allocation_guard: 0.
 - handle_deallocations: 1.


Internal statistics:

num_allocs_failed_limit: 0.
num_arena_births: 18.
num_arena_deaths: 0.
num_vsnodes_births: 2.
num_vsnodes_deaths: 0.
num_space_committed: 56.
num_space_uncommitted: 0.
num_chunks_returned_to_freelist: 0.
num_chunks_taken_from_freelist: 95.
num_chunk_merges: 0.
num_chunk_splits: 57.
num_chunks_enlarged: 54.
num_purges: 0.
num_inconsistent_stats: 0.

CodeHeap 'non-profiled nmethods': size=120000Kb used=308Kb max_used=308Kb free=119692Kb
 bounds [0x000002d50f270000, 0x000002d50f4e0000, 0x000002d5167a0000]
CodeHeap 'profiled nmethods': size=120000Kb used=1515Kb max_used=1515Kb free=118485Kb
 bounds [0x000002d507d40000, 0x000002d507fb0000, 0x000002d50f270000]
CodeHeap 'non-nmethods': size=5760Kb used=1125Kb max_used=1158Kb free=4634Kb
 bounds [0x000002d5077a0000, 0x000002d507a10000, 0x000002d507d40000]
 total_blobs=1216 nmethods=807 adapters=322
 compilation: enabled
              stopped_count=0, restarted_count=0
 full_count=0

Compilation events (20 events):
Event: 4.253 Thread 0x000002d57eaabde0 nmethod 798 0x000002d507eb4590 code [0x000002d507eb4800, 0x000002d507eb51b8]
Event: 4.253 Thread 0x000002d57eaabde0  796       3       java.net.URLStreamHandler::setURL (159 bytes)
Event: 4.254 Thread 0x000002d57eaabde0 nmethod 796 0x000002d507eb5510 code [0x000002d507eb58a0, 0x000002d507eb6e28]
Event: 4.254 Thread 0x000002d57eaabde0  799       3       java.util.zip.CRC32::update (51 bytes)
Event: 4.254 Thread 0x000002d57eaabde0 nmethod 799 0x000002d507eb7710 code [0x000002d507eb7900, 0x000002d507eb7d88]
Event: 4.256 Thread 0x000002d57eaa9ff0 nmethod 800 0x000002d50f2bc090 code [0x000002d50f2bc220, 0x000002d50f2bc518]
Event: 4.264 Thread 0x000002d57eaabde0  801       1       org.gradle.internal.buildoption.AbstractBuildOption::getGradleProperty (5 bytes)
Event: 4.264 Thread 0x000002d57eaabde0 nmethod 801 0x000002d50f2bc710 code [0x000002d50f2bc8a0, 0x000002d50f2bc978]
Event: 4.265 Thread 0x000002d57eaabde0  802       3       org.gradle.launcher.cli.converter.LayoutToPropertiesConverter$1::isSatisfiedBy (9 bytes)
Event: 4.265 Thread 0x000002d57eaabde0 nmethod 802 0x000002d507eb7f90 code [0x000002d507eb8160, 0x000002d507eb8718]
Event: 4.265 Thread 0x000002d57eaabde0  803       3       org.gradle.launcher.cli.converter.LayoutToPropertiesConverter$1::isSatisfiedBy (30 bytes)
Event: 4.265 Thread 0x000002d57eaabde0 nmethod 803 0x000002d507eb8910 code [0x000002d507eb8ae0, 0x000002d507eb8ef8]
Event: 4.267 Thread 0x000002d57eaabde0  804       1       java.util.concurrent.ConcurrentHashMap$MapEntry::getValue (5 bytes)
Event: 4.267 Thread 0x000002d57eaabde0 nmethod 804 0x000002d50f2bca10 code [0x000002d50f2bcba0, 0x000002d50f2bcc78]
Event: 4.275 Thread 0x000002d57eaa9ff0  805       4       java.lang.CharacterData::of (136 bytes)
Event: 4.275 Thread 0x000002d57eaa9ff0 nmethod 805 0x000002d50f2bcd10 code [0x000002d50f2bce80, 0x000002d50f2bcef8]
Event: 4.283 Thread 0x000002d57eaabde0  806       3       java.lang.String::newStringUTF8NoRepl (276 bytes)
Event: 4.284 Thread 0x000002d57eaabde0 nmethod 806 0x000002d507eb9090 code [0x000002d507eb9340, 0x000002d507eba308]
Event: 4.286 Thread 0x000002d57eaabde0  807       3       java.util.jar.Manifest$FastInputStream::readLine (9 bytes)
Event: 4.286 Thread 0x000002d57eaabde0 nmethod 807 0x000002d507eba810 code [0x000002d507eba9c0, 0x000002d507ebab28]

GC Heap History (2 events):
Event: 3.824 GC heap before
{Heap before GC invocations=0 (full 0):
 garbage-first heap   total 65536K, used 25600K [0x00000000fc000000, 0x0000000100000000)
  region size 1024K, 21 young (21504K), 0 survivors (0K)
 Metaspace       used 3152K, committed 3328K, reserved 1056768K
  class space    used 372K, committed 448K, reserved 1048576K
}
Event: 4.241 GC heap after
{Heap after GC invocations=1 (full 0):
 garbage-first heap   total 65536K, used 10416K [0x00000000fc000000, 0x0000000100000000)
  region size 1024K, 3 young (3072K), 3 survivors (3072K)
 Metaspace       used 3152K, committed 3328K, reserved 1056768K
  class space    used 372K, committed 448K, reserved 1048576K
}

Deoptimization events (20 events):
Event: 3.819 Thread 0x000002d57df4a700 DEOPT PACKING pc=0x000002d50f290934 sp=0x000000fb69ffd0f0
Event: 3.820 Thread 0x000002d57df4a700 DEOPT UNPACKING pc=0x000002d5077f23a3 sp=0x000000fb69ffd088 mode 2
Event: 3.820 Thread 0x000002d57df4a700 Uncommon trap: trap_request=0xffffffde fr.pc=0x000002d50f290934 relative=0x0000000000000554
Event: 3.820 Thread 0x000002d57df4a700 Uncommon trap: reason=class_check action=maybe_recompile pc=0x000002d50f290934 method=java.util.regex.Matcher.match(II)Z @ 121 c2
Event: 3.820 Thread 0x000002d57df4a700 DEOPT PACKING pc=0x000002d50f290934 sp=0x000000fb69ffd0f0
Event: 3.820 Thread 0x000002d57df4a700 DEOPT UNPACKING pc=0x000002d5077f23a3 sp=0x000000fb69ffd088 mode 2
Event: 3.820 Thread 0x000002d57df4a700 Uncommon trap: trap_request=0xffffffde fr.pc=0x000002d50f290934 relative=0x0000000000000554
Event: 3.820 Thread 0x000002d57df4a700 Uncommon trap: reason=class_check action=maybe_recompile pc=0x000002d50f290934 method=java.util.regex.Matcher.match(II)Z @ 121 c2
Event: 3.820 Thread 0x000002d57df4a700 DEOPT PACKING pc=0x000002d50f290934 sp=0x000000fb69ffcf70
Event: 3.820 Thread 0x000002d57df4a700 DEOPT UNPACKING pc=0x000002d5077f23a3 sp=0x000000fb69ffcf08 mode 2
Event: 3.820 Thread 0x000002d57df4a700 Uncommon trap: trap_request=0xffffffde fr.pc=0x000002d50f290934 relative=0x0000000000000554
Event: 3.820 Thread 0x000002d57df4a700 Uncommon trap: reason=class_check action=maybe_recompile pc=0x000002d50f290934 method=java.util.regex.Matcher.match(II)Z @ 121 c2
Event: 3.820 Thread 0x000002d57df4a700 DEOPT PACKING pc=0x000002d50f290934 sp=0x000000fb69ffcf70
Event: 3.820 Thread 0x000002d57df4a700 DEOPT UNPACKING pc=0x000002d5077f23a3 sp=0x000000fb69ffcf08 mode 2
Event: 4.243 Thread 0x000002d57df4a700 Uncommon trap: trap_request=0xffffff45 fr.pc=0x000002d50f27d5d8 relative=0x0000000000000058
Event: 4.243 Thread 0x000002d57df4a700 Uncommon trap: reason=unstable_if action=reinterpret pc=0x000002d50f27d5d8 method=java.util.regex.Pattern.has(I)Z @ 6 c2
Event: 4.243 Thread 0x000002d57df4a700 DEOPT PACKING pc=0x000002d50f27d5d8 sp=0x000000fb69ffcd60
Event: 4.243 Thread 0x000002d57df4a700 DEOPT UNPACKING pc=0x000002d5077f23a3 sp=0x000000fb69ffccf0 mode 2
Event: 4.283 Thread 0x000002d57df4a700 DEOPT PACKING pc=0x000002d507e32fa7 sp=0x000000fb69ffc480
Event: 4.283 Thread 0x000002d57df4a700 DEOPT UNPACKING pc=0x000002d5077f2b43 sp=0x000000fb69ffb8e0 mode 0

Classes unloaded (0 events):
No events

Classes redefined (0 events):
No events

Internal exceptions (2 events):
Event: 0.479 Thread 0x000002d57df4a700 Exception <a 'java/lang/NoSuchMethodError'{0x00000000ffcf3348}: 'int java.lang.invoke.DirectMethodHandle$Holder.invokeStaticInit(java.lang.Object, java.lang.Object)'> (0x00000000ffcf3348) 
thrown [s\open\src\hotspot\share\interpreter\linkResolver.cpp, line 759]
Event: 4.244 Thread 0x000002d57df4a700 Exception <a 'java/lang/NoSuchMethodError'{0x00000000fff16fa0}: 'void java.lang.invoke.DirectMethodHandle$Holder.invokeStatic(java.lang.Object, java.lang.Object)'> (0x00000000fff16fa0) 
thrown [s\open\src\hotspot\share\interpreter\linkResolver.cpp, line 759]

VM Operations (10 events):
Event: 0.222 Executing VM operation: HandshakeAllThreads
Event: 0.222 Executing VM operation: HandshakeAllThreads done
Event: 1.231 Executing VM operation: Cleanup
Event: 1.231 Executing VM operation: Cleanup done
Event: 2.232 Executing VM operation: Cleanup
Event: 2.233 Executing VM operation: Cleanup done
Event: 3.233 Executing VM operation: Cleanup
Event: 3.233 Executing VM operation: Cleanup done
Event: 3.824 Executing VM operation: G1CollectForAllocation
Event: 4.241 Executing VM operation: G1CollectForAllocation done

Events (20 events):
Event: 4.277 loading class sun/reflect/generics/reflectiveObjects/ParameterizedTypeImpl
Event: 4.278 loading class sun/reflect/generics/reflectiveObjects/ParameterizedTypeImpl done
Event: 4.278 loading class java/lang/reflect/TypeVariable
Event: 4.278 loading class java/lang/reflect/TypeVariable done
Event: 4.278 loading class sun/reflect/generics/reflectiveObjects/TypeVariableImpl
Event: 4.278 loading class sun/reflect/generics/reflectiveObjects/LazyReflectiveObjectGenerator
Event: 4.278 loading class sun/reflect/generics/reflectiveObjects/LazyReflectiveObjectGenerator done
Event: 4.279 loading class sun/reflect/generics/reflectiveObjects/TypeVariableImpl done
Event: 4.279 loading class java/lang/reflect/WildcardType
Event: 4.279 loading class java/lang/reflect/WildcardType done
Event: 4.281 loading class java/util/MissingResourceException
Event: 4.282 loading class java/util/MissingResourceException done
Event: 4.282 loading class java/util/logging/ErrorManager
Event: 4.283 loading class java/util/logging/ErrorManager done
Event: 4.286 loading class java/io/StringWriter
Event: 4.287 loading class java/io/StringWriter done
Event: 4.289 loading class java/text/ParseException
Event: 4.290 loading class java/text/ParseException done
Event: 4.290 loading class java/util/regex/Pattern$Loop
Event: 4.290 loading class java/util/regex/Pattern$Loop done


Dynamic libraries:
0x00007ff759fb0000 - 0x00007ff759fc0000 	C:\Program Files\Java\jdk-17.0.5\bin\java.exe
0x00007fff360f0000 - 0x00007fff362e8000 	C:\WINDOWS\SYSTEM32\ntdll.dll
0x00007fff34490000 - 0x00007fff3454d000 	C:\WINDOWS\System32\KERNEL32.DLL
0x00007fff339f0000 - 0x00007fff33ce6000 	C:\WINDOWS\System32\KERNELBASE.dll
0x00007fff33cf0000 - 0x00007fff33df0000 	C:\WINDOWS\System32\ucrtbase.dll
0x00007fff0c580000 - 0x00007fff0c598000 	C:\Program Files\Java\jdk-17.0.5\bin\jli.dll
0x00007fff08e80000 - 0x00007fff08e9a000 	C:\Program Files\Java\jdk-17.0.5\bin\VCRUNTIME140.dll
0x00007fff34550000 - 0x00007fff345ff000 	C:\WINDOWS\System32\ADVAPI32.dll
0x00007fff35730000 - 0x00007fff357ce000 	C:\WINDOWS\System32\msvcrt.dll
0x00007fff34610000 - 0x00007fff346ac000 	C:\WINDOWS\System32\sechost.dll
0x00007fff35520000 - 0x00007fff35646000 	C:\WINDOWS\System32\RPCRT4.dll
0x00007fff34b50000 - 0x00007fff34cee000 	C:\WINDOWS\System32\USER32.dll
0x00007fff33f50000 - 0x00007fff33f72000 	C:\WINDOWS\System32\win32u.dll
0x00007fff34920000 - 0x00007fff3494c000 	C:\WINDOWS\System32\GDI32.dll
0x00007fff338d0000 - 0x00007fff339ea000 	C:\WINDOWS\System32\gdi32full.dll
0x00007fff34000000 - 0x00007fff3409d000 	C:\WINDOWS\System32\msvcp_win.dll
0x00007fff2cc90000 - 0x00007fff2cc9a000 	C:\WINDOWS\SYSTEM32\VERSION.dll
0x00007fff1e010000 - 0x00007fff1e2aa000 	C:\WINDOWS\WinSxS\amd64_microsoft.windows.common-controls_6595b64144ccf1df_6.0.19041.3636_none_60b6a03d71f818d5\COMCTL32.dll
0x00007fff354f0000 - 0x00007fff35520000 	C:\WINDOWS\System32\IMM32.DLL
0x00007fff0e7c0000 - 0x00007fff0e7cc000 	C:\Program Files\Java\jdk-17.0.5\bin\vcruntime140_1.dll
0x00007ffefd820000 - 0x00007ffefd8ad000 	C:\Program Files\Java\jdk-17.0.5\bin\msvcp140.dll
0x00007ffede3e0000 - 0x00007ffedefa2000 	C:\Program Files\Java\jdk-17.0.5\bin\server\jvm.dll
0x00007fff34600000 - 0x00007fff34608000 	C:\WINDOWS\System32\PSAPI.DLL
0x00007fff26470000 - 0x00007fff26479000 	C:\WINDOWS\SYSTEM32\WSOCK32.dll
0x00007fff357e0000 - 0x00007fff3584b000 	C:\WINDOWS\System32\WS2_32.dll
0x00007fff227d0000 - 0x00007fff227f7000 	C:\WINDOWS\SYSTEM32\WINMM.dll
0x00007fff315b0000 - 0x00007fff315c2000 	C:\WINDOWS\SYSTEM32\kernel.appcore.dll
0x00007fff0e790000 - 0x00007fff0e79a000 	C:\Program Files\Java\jdk-17.0.5\bin\jimage.dll
0x00007fff1fdf0000 - 0x00007fff1ffd4000 	C:\WINDOWS\SYSTEM32\DBGHELP.DLL
0x00007fff26520000 - 0x00007fff26554000 	C:\WINDOWS\SYSTEM32\dbgcore.DLL
0x00007fff33840000 - 0x00007fff338c2000 	C:\WINDOWS\System32\bcryptPrimitives.dll
0x00007ffeff110000 - 0x00007ffeff135000 	C:\Program Files\Java\jdk-17.0.5\bin\java.dll
0x00007ffef3e90000 - 0x00007ffef3f66000 	C:\Program Files\Java\jdk-17.0.5\bin\jsvml.dll
0x00007fff34cf0000 - 0x00007fff35434000 	C:\WINDOWS\System32\SHELL32.dll
0x00007fff31890000 - 0x00007fff3202b000 	C:\WINDOWS\SYSTEM32\windows.storage.dll
0x00007fff35850000 - 0x00007fff35ba4000 	C:\WINDOWS\System32\combase.dll
0x00007fff33210000 - 0x00007fff3323d000 	C:\WINDOWS\SYSTEM32\Wldp.dll
0x00007fff35440000 - 0x00007fff354ed000 	C:\WINDOWS\System32\SHCORE.dll
0x00007fff34360000 - 0x00007fff343b5000 	C:\WINDOWS\System32\shlwapi.dll
0x00007fff33700000 - 0x00007fff33725000 	C:\WINDOWS\SYSTEM32\profapi.dll
0x00007fff08e10000 - 0x00007fff08e29000 	C:\Program Files\Java\jdk-17.0.5\bin\net.dll
0x00007fff2cd00000 - 0x00007fff2ce0a000 	C:\WINDOWS\SYSTEM32\WINHTTP.dll
0x00007fff32f00000 - 0x00007fff32f6a000 	C:\WINDOWS\system32\mswsock.dll
0x00007fff08cf0000 - 0x00007fff08d06000 	C:\Program Files\Java\jdk-17.0.5\bin\nio.dll
0x00007fff08c90000 - 0x00007fff08ca8000 	C:\Program Files\Java\jdk-17.0.5\bin\zip.dll
0x00007fff0cb70000 - 0x00007fff0cb80000 	C:\Program Files\Java\jdk-17.0.5\bin\verify.dll

dbghelp: loaded successfully - version: 4.0.5 - missing functions: none
symbol engine: initialized successfully - sym options: 0x614 - pdb path: .;C:\Program Files\Java\jdk-17.0.5\bin;C:\WINDOWS\SYSTEM32;C:\WINDOWS\WinSxS\amd64_microsoft.windows.common-controls_6595b64144ccf1df_6.0.19041.3636_none_60b6a03d71f818d5;C:\Program Files\Java\jdk-17.0.5\bin\server

VM Arguments:
jvm_args: -Xmx64m -Xms64m -Dorg.gradle.appname=gradlew 
java_command: org.gradle.wrapper.GradleWrapperMain app:installDebug -PreactNativeDevServerPort=8081
java_class_path (initial): C:\Users\user\Desktop\bragicode\FE\bra\InjeBragi_FrontEnd\bragi\android\\gradle\wrapper\gradle-wrapper.jar
Launcher Type: SUN_STANDARD

[Global flags]
     intx CICompilerCount                          = 3                                         {product} {ergonomic}
     uint ConcGCThreads                            = 2                                         {product} {ergonomic}
     uint G1ConcRefinementThreads                  = 6                                         {product} {ergonomic}
   size_t G1HeapRegionSize                         = 1048576                                   {product} {ergonomic}
    uintx GCDrainStackTargetSize                   = 64                                        {product} {ergonomic}
   size_t InitialHeapSize                          = 67108864                                  {product} {command line}
   size_t MarkStackSize                            = 4194304                                   {product} {ergonomic}
   size_t MaxHeapSize                              = 67108864                                  {product} {command line}
   size_t MaxNewSize                               = 39845888                                  {product} {ergonomic}
   size_t MinHeapDeltaBytes                        = 1048576                                   {product} {ergonomic}
   size_t MinHeapSize                              = 67108864                                  {product} {command line}
    uintx NonNMethodCodeHeapSize                   = 5832780                                {pd product} {ergonomic}
    uintx NonProfiledCodeHeapSize                  = 122912730                              {pd product} {ergonomic}
    uintx ProfiledCodeHeapSize                     = 122912730                              {pd product} {ergonomic}
    uintx ReservedCodeCacheSize                    = 251658240                              {pd product} {ergonomic}
     bool SegmentedCodeCache                       = true                                      {product} {ergonomic}
   size_t SoftMaxHeapSize                          = 67108864                               {manageable} {ergonomic}
     bool UseCompressedClassPointers               = true                           {product lp64_product} {ergonomic}
     bool UseCompressedOops                        = true                           {product lp64_product} {ergonomic}
     bool UseG1GC                                  = true                                      {product} {ergonomic}
     bool UseLargePagesIndividualAllocation        = false                                  {pd product} {ergonomic}

Logging:
Log output configuration:
 #0: stdout all=warning uptime,level,tags
 #1: stderr all=off uptime,level,tags

Environment Variables:
JAVA_HOME=C:\Program Files\Java\jdk-17.0.5
CLASSPATH=C:\Users\user\Desktop\bragicode\FE\bra\InjeBragi_FrontEnd\bragi\android\\gradle\wrapper\gradle-wrapper.jar
PATH=C:\Users\user\Desktop\bragicode\FE\bra\InjeBragi_FrontEnd\bragi\node_modules\.bin;C:\Users\user\Desktop\bragicode\FE\bra\InjeBragi_FrontEnd\bragi\node_modules\.bin;C:\Users\user\Desktop\bragicode\FE\bra\InjeBragi_FrontEnd\node_modules\.bin;C:\Users\user\Desktop\bragicode\FE\bra\node_modules\.bin;C:\Users\user\Desktop\bragicode\FE\node_modules\.bin;C:\Users\user\Desktop\bragicode\node_modules\.bin;C:\Users\user\Desktop\node_modules\.bin;C:\Users\user\node_modules\.bin;C:\Users\node_modules\.bin;C:\node_modules\.bin;C:\Users\user\AppData\Roaming\npm\node_modules\npm\node_modules\@npmcli\run-script\lib\node-gyp-bin;C:\Users\user\Desktop\bragicode\FE\bra\InjeBragi_FrontEnd\bragi\node_modules\.bin;C:\Users\user\Desktop\bragicode\FE\bra\InjeBragi_FrontEnd\node_modules\.bin;C:\Users\user\Desktop\bragicode\FE\bra\node_modules\.bin;C:\Users\user\Desktop\bragicode\FE\node_modules\.bin;C:\Users\user\Desktop\bragicode\node_modules\.bin;C:\Users\user\Desktop\node_modules\.bin;C:\Users\user\node_modules\.bin;C:\Users\node_modules\.bin;C:\node_modules\.bin;C:\Users\user\AppData\Roaming\npm\node_modules\npm\node_modules\@npmcli\run-script\lib\node-gyp-bin;C:\Users\user\bin;C:\Program Files\Git\mingw64\bin;C:\Program Files\Git\usr\local\bin;C:\Program Files\Git\usr\bin;C:\Program Files\Git\usr\bin;C:\Program Files\Git\mingw64\bin;C:\Program Files\Git\usr\bin;C:\Users\user\bin;C:\Program Files\Common Files\Oracle\Java\javapath;C:\Program Files\MySQL\MySQL Server 8.0\bin;C:\Users\user\AppData\Local\Android\Sdk\platform-tools;C:\Program Files (x86)\Intel\Intel(R) Management Engine Components\iCLS;C:\Program Files\Intel\Intel(R) Management Engine Components\iCLS;C:\WINDOWS\system32;C:\WINDOWS;C:\WINDOWS\System32\Wbem;C:\WINDOWS\System32\WindowsPowerShell\v1.0;C:\Program Files (x86)\Intel\Intel(R) Management Engine Components\DAL;C:\Program Files\Intel\Intel(R) Management Engine Components\DAL;C:\Program Files (x86)\Intel\Intel(R) Management Engine Components\IPT;C:\Program Files\Intel
USERNAME=user
SHELL=C:\Program Files\Git\usr\bin\bash.exe
DISPLAY=needs-to-be-defined
LANG=en_US.UTF-8
OS=Windows_NT
PROCESSOR_IDENTIFIER=Intel64 Family 6 Model 158 Stepping 10, GenuineIntel



---------------  S Y S T E M  ---------------

OS:
 Windows 10 , 64 bit Build 19041 (10.0.19041.3636)
OS uptime: 1 days 5:29 hours

CPU: total 6 (initial active 6) (6 cores per cpu, 1 threads per core) family 6 model 158 stepping 10 microcode 0xb4, cx8, cmov, fxsr, mmx, 3dnowpref, sse, sse2, sse3, ssse3, sse4.1, sse4.2, popcnt, lzcnt, tsc, tscinvbit, avx, avx2, aes, erms, clmul, bmi1, bmi2, rtm, adx, fma, vzeroupper, clflush, clflushopt

Memory: 4k page, system-wide physical 16335M (687M free)
TotalPageFile size 40216M (AvailPageFile size 73M)
current process WorkingSet (physical memory assigned to process): 75M, peak: 75M
current process commit charge ("private bytes"): 153M, peak: 153M

vm_info: Java HotSpot(TM) 64-Bit Server VM (17.0.5+9-LTS-191) for windows-amd64 JRE (17.0.5+9-LTS-191), built on Sep 13 2022 17:31:43 by "mach5one" with MS VC++ 16.8 / 16.9 (VS2019)

END.
