#
# There is insufficient memory for the Java Runtime Environment to continue.
# Native memory allocation (malloc) failed to allocate 2171856 bytes for Chunk::new
# Possible reasons:
#   The system is out of physical RAM or swap space
#   The process is running with CompressedOops enabled, and the Java Heap may be blocking the growth of the native heap
# Possible solutions:
#   Reduce memory load on the system
#   Increase physical memory or swap space
#   Check if swap backing store is full
#   Decrease Java heap size (-Xmx/-Xms)
#   Decrease number of Java threads
#   Decrease Java thread stack sizes (-Xss)
#   Set larger code cache with -XX:ReservedCodeCacheSize=
#   JVM is running with Unscaled Compressed Oops mode in which the Java heap is
#     placed in the first 4GB address space. The Java Heap base address is the
#     maximum limit for the native heap growth. Please use -XX:HeapBaseMinAddress
#     to set the Java Heap base and to place the Java Heap above 4GB virtual address.
# This output file may be truncated or incomplete.
#
#  Out of Memory Error (arena.cpp:189), pid=23100, tid=34376
#
# JRE version: Java(TM) SE Runtime Environment (17.0.5+9) (build 17.0.5+9-LTS-191)
# Java VM: Java HotSpot(TM) 64-Bit Server VM (17.0.5+9-LTS-191, mixed mode, sharing, tiered, compressed oops, compressed class ptrs, g1 gc, windows-amd64)
# No core dump will be written. Minidumps are not enabled by default on client versions of Windows
#

---------------  S U M M A R Y ------------

Command Line: -XX:MaxMetaspaceSize=512m --add-opens=java.base/java.util=ALL-UNNAMED --add-opens=java.base/java.lang=ALL-UNNAMED --add-opens=java.base/java.lang.invoke=ALL-UNNAMED --add-opens=java.prefs/java.util.prefs=ALL-UNNAMED --add-opens=java.base/java.nio.charset=ALL-UNNAMED --add-opens=java.base/java.net=ALL-UNNAMED --add-opens=java.base/java.util.concurrent.atomic=ALL-UNNAMED -Xmx2048m -Dfile.encoding=x-windows-949 -Duser.country=KR -Duser.language=ko -Duser.variant org.gradle.launcher.daemon.bootstrap.GradleDaemon 8.0.1

Host: Intel(R) Core(TM) i5-8500 CPU @ 3.00GHz, 6 cores, 15G,  Windows 10 , 64 bit Build 19041 (10.0.19041.3636)
Time: Sun Dec 10 04:21:33 2023  Windows 10 , 64 bit Build 19041 (10.0.19041.3636) elapsed time: 182.906925 seconds (0d 0h 3m 2s)

---------------  T H R E A D  ---------------

Current thread (0x00000291ef60cd70):  JavaThread "C2 CompilerThread0" daemon [_thread_in_native, id=34376, stack(0x000000a76a600000,0x000000a76a700000)]


Current CompileTask:
C2: 182908 12859       4       org.gradle.internal.instantiation.generator.AbstractClassGenerator::inspectType (560 bytes)

Stack: [0x000000a76a600000,0x000000a76a700000]
Native frames: (J=compiled Java code, j=interpreted, Vv=VM code, C=native code)
V  [jvm.dll+0x672eea]
V  [jvm.dll+0x7d2a04]
V  [jvm.dll+0x7d41ae]
V  [jvm.dll+0x7d4813]
V  [jvm.dll+0x242c15]
V  [jvm.dll+0xaa57b]
V  [jvm.dll+0xaab0c]
V  [jvm.dll+0x35ff42]
V  [jvm.dll+0x32a631]
V  [jvm.dll+0x329ada]
V  [jvm.dll+0x215cc1]
V  [jvm.dll+0x2150e1]
V  [jvm.dll+0x1a18ed]
V  [jvm.dll+0x22493a]
V  [jvm.dll+0x222aa5]
V  [jvm.dll+0x7885db]
V  [jvm.dll+0x782b4a]
V  [jvm.dll+0x671d75]
C  [ucrtbase.dll+0x21bb2]
C  [KERNEL32.DLL+0x17344]
C  [ntdll.dll+0x526b1]


---------------  P R O C E S S  ---------------

Threads class SMR info:
_java_thread_list=0x00000291f5a98220, length=111, elements={
0x00000291cf8a08e0, 0x00000291ef5ebb50, 0x00000291ef5ecee0, 0x00000291ef607670,
0x00000291ef60af50, 0x00000291ef60b810, 0x00000291ef60c0d0, 0x00000291ef60cd70,
0x00000291ef60d720, 0x00000291ef6107d0, 0x00000291f012bee0, 0x00000291f014f9f0,
0x00000291f1c873c0, 0x00000291f15c28d0, 0x00000291f1629310, 0x00000291f053e800,
0x00000291f053ecd0, 0x00000291f0dd6090, 0x00000291f1363770, 0x00000291f19c55a0,
0x00000291f023e040, 0x00000291f023f380, 0x00000291f02401f0, 0x00000291f023db70,
0x00000291f023f850, 0x00000291f023cd00, 0x00000291f023e510, 0x00000291f023d1d0,
0x00000291f023c830, 0x00000291f023d6a0, 0x00000291f023eeb0, 0x00000291f023e9e0,
0x00000291f023fd20, 0x00000291f227c8c0, 0x00000291f227a240, 0x00000291f227c3f0,
0x00000291f227d260, 0x00000291f227ba50, 0x00000291f227a710, 0x00000291f227d730,
0x00000291f227ea70, 0x00000291f227dc00, 0x00000291f227ef40, 0x00000291f227cd90,
0x00000291f22798a0, 0x00000291f227abe0, 0x00000291f227e0d0, 0x00000291f2279d70,
0x00000291f227f410, 0x00000291f2277bc0, 0x00000291f2278090, 0x00000291f2278560,
0x00000291f2278a30, 0x00000291f2278f00, 0x00000291f202f190, 0x00000291f202e320,
0x00000291f202e7f0, 0x00000291f20309a0, 0x00000291f20304d0, 0x00000291f202f660,
0x00000291f2030e70, 0x00000291f202de50, 0x00000291f202d980, 0x00000291f2031340,
0x00000291f2034360, 0x00000291f20334f0, 0x00000291f202ecc0, 0x00000291f20339c0,
0x00000291f20321b0, 0x00000291f202fb30, 0x00000291f2034830, 0x00000291f202cfe0,
0x00000291f202d4b0, 0x00000291f0c5e630, 0x00000291f0c5b610, 0x00000291f0c5eb00,
0x00000291f0c5d7c0, 0x00000291f0c5d2f0, 0x00000291f0c5bfb0, 0x00000291f0c58ac0,
0x00000291f0c5ac70, 0x00000291f0c5efd0, 0x00000291f0c59e00, 0x00000291f0c59460,
0x00000291f0c5b140, 0x00000291f0c59930, 0x00000291f0c5f4a0, 0x00000291f0c5f970,
0x00000291f0c58f90, 0x00000291f0c5a2d0, 0x00000291f0c5c480, 0x00000291f0c5dc90,
0x00000291f0c5bae0, 0x00000291f0c5ce20, 0x00000291f0c58120, 0x00000291f0c5a7a0,
0x00000291f0c5c950, 0x00000291f0c5e160, 0x00000291f0c585f0, 0x00000291f1020170,
0x00000291f101f300, 0x00000291f10249a0, 0x00000291f101fca0, 0x00000291f101e960,
0x00000291f1021e50, 0x00000291f1023660, 0x00000291f10214b0, 0x00000291f1022320,
0x00000291f10227f0, 0x00000291f1020640, 0x00000291f878f330
}

Java Threads: ( => current thread )
  0x00000291cf8a08e0 JavaThread "main" [_thread_blocked, id=34020, stack(0x000000a769900000,0x000000a769a00000)]
  0x00000291ef5ebb50 JavaThread "Reference Handler" daemon [_thread_blocked, id=34164, stack(0x000000a76a000000,0x000000a76a100000)]
  0x00000291ef5ecee0 JavaThread "Finalizer" daemon [_thread_blocked, id=34168, stack(0x000000a76a100000,0x000000a76a200000)]
  0x00000291ef607670 JavaThread "Signal Dispatcher" daemon [_thread_blocked, id=34360, stack(0x000000a76a200000,0x000000a76a300000)]
  0x00000291ef60af50 JavaThread "Attach Listener" daemon [_thread_blocked, id=34364, stack(0x000000a76a300000,0x000000a76a400000)]
  0x00000291ef60b810 JavaThread "Service Thread" daemon [_thread_blocked, id=34368, stack(0x000000a76a400000,0x000000a76a500000)]
  0x00000291ef60c0d0 JavaThread "Monitor Deflation Thread" daemon [_thread_blocked, id=34372, stack(0x000000a76a500000,0x000000a76a600000)]
=>0x00000291ef60cd70 JavaThread "C2 CompilerThread0" daemon [_thread_in_native, id=34376, stack(0x000000a76a600000,0x000000a76a700000)]
  0x00000291ef60d720 JavaThread "C1 CompilerThread0" daemon [_thread_blocked, id=34380, stack(0x000000a76a700000,0x000000a76a800000)]
  0x00000291ef6107d0 JavaThread "Sweeper thread" daemon [_thread_blocked, id=34384, stack(0x000000a76a800000,0x000000a76a900000)]
  0x00000291f012bee0 JavaThread "Common-Cleaner" daemon [_thread_blocked, id=34400, stack(0x000000a76a900000,0x000000a76aa00000)]
  0x00000291f014f9f0 JavaThread "Notification Thread" daemon [_thread_blocked, id=34404, stack(0x000000a76aa00000,0x000000a76ab00000)]
  0x00000291f1c873c0 JavaThread "Daemon health stats" [_thread_blocked, id=14288, stack(0x000000a76b200000,0x000000a76b300000)]
  0x00000291f15c28d0 JavaThread "Incoming local TCP Connector on port 6780" [_thread_in_native, id=30472, stack(0x000000a76ac00000,0x000000a76ad00000)]
  0x00000291f1629310 JavaThread "Daemon periodic checks" [_thread_blocked, id=28572, stack(0x000000a76b300000,0x000000a76b400000)]
  0x00000291f053e800 JavaThread "Daemon" [_thread_blocked, id=12980, stack(0x000000a76b500000,0x000000a76b600000)]
  0x00000291f053ecd0 JavaThread "Handler for socket connection from /127.0.0.1:6780 to /127.0.0.1:6781" [_thread_in_native, id=16932, stack(0x000000a76b600000,0x000000a76b700000)]
  0x00000291f0dd6090 JavaThread "Cancel handler" [_thread_blocked, id=32612, stack(0x000000a76b400000,0x000000a76b500000)]
  0x00000291f1363770 JavaThread "Daemon worker" [_thread_in_native, id=12200, stack(0x000000a76b700000,0x000000a76b800000)]
  0x00000291f19c55a0 JavaThread "Asynchronous log dispatcher for DefaultDaemonConnection: socket connection from /127.0.0.1:6780 to /127.0.0.1:6781" [_thread_blocked, id=34148, stack(0x000000a76b800000,0x000000a76b900000)]
  0x00000291f023e040 JavaThread "Daemon client event forwarder" [_thread_blocked, id=636, stack(0x000000a76bb00000,0x000000a76bc00000)]
  0x00000291f023f380 JavaThread "Cache worker for journal cache (C:\Users\user\.gradle\caches\journal-1)" [_thread_blocked, id=27032, stack(0x000000a76bc00000,0x000000a76bd00000)]
  0x00000291f02401f0 JavaThread "File lock request listener" [_thread_in_native, id=31792, stack(0x000000a76bd00000,0x000000a76be00000)]
  0x00000291f023db70 JavaThread "Cache worker for file hash cache (C:\Users\user\.gradle\caches\8.0.1\fileHashes)" [_thread_blocked, id=19540, stack(0x000000a76ba00000,0x000000a76bb00000)]
  0x00000291f023f850 JavaThread "File lock release action executor" [_thread_blocked, id=30248, stack(0x000000a76bf00000,0x000000a76c000000)]
  0x00000291f023cd00 JavaThread "File watcher server" daemon [_thread_in_native, id=34544, stack(0x000000a76c000000,0x000000a76c100000)]
  0x00000291f023e510 JavaThread "File watcher consumer" daemon [_thread_blocked, id=34268, stack(0x000000a76c100000,0x000000a76c200000)]
  0x00000291f023d1d0 JavaThread "Cache worker for checksums cache (C:\Users\user\Desktop\bragicode\FE\bra\InjeBragi_FrontEnd\bragi\android\.gradle\8.0.1\checksums)" [_thread_blocked, id=22680, stack(0x000000a76c200000,0x000000a76c300000)]
  0x00000291f023c830 JavaThread "Cache worker for cache directory md-rule (C:\Users\user\.gradle\caches\8.0.1\md-rule)" [_thread_blocked, id=34284, stack(0x000000a76c300000,0x000000a76c400000)]
  0x00000291f023d6a0 JavaThread "Cache worker for file content cache (C:\Users\user\.gradle\caches\8.0.1\fileContent)" [_thread_blocked, id=34276, stack(0x000000a76c400000,0x000000a76c500000)]
  0x00000291f023eeb0 JavaThread "Cache worker for file hash cache (C:\Users\user\Desktop\bragicode\FE\bra\InjeBragi_FrontEnd\bragi\android\.gradle\8.0.1\fileHashes)" [_thread_blocked, id=27888, stack(0x000000a76c500000,0x000000a76c600000)]
  0x00000291f023e9e0 JavaThread "Cache worker for cache directory md-supplier (C:\Users\user\.gradle\caches\8.0.1\md-supplier)" [_thread_blocked, id=34560, stack(0x000000a76c600000,0x000000a76c700000)]
  0x00000291f023fd20 JavaThread "Cache worker for execution history cache (C:\Users\user\.gradle\caches\8.0.1\executionHistory)" [_thread_blocked, id=34340, stack(0x000000a76be00000,0x000000a76bf00000)]
  0x00000291f227c8c0 JavaThread "jar transforms" [_thread_blocked, id=33864, stack(0x000000a76ca00000,0x000000a76cb00000)]
  0x00000291f227a240 JavaThread "jar transforms Thread 2" [_thread_blocked, id=10872, stack(0x000000a76c800000,0x000000a76c900000)]
  0x00000291f227c3f0 JavaThread "jar transforms Thread 3" [_thread_blocked, id=32008, stack(0x000000a76cb00000,0x000000a76cc00000)]
  0x00000291f227d260 JavaThread "jar transforms Thread 4" [_thread_blocked, id=13740, stack(0x000000a76cc00000,0x000000a76cd00000)]
  0x00000291f227ba50 JavaThread "Cache worker for kotlin-dsl (C:\Users\user\.gradle\caches\8.0.1\kotlin-dsl)" [_thread_blocked, id=31548, stack(0x000000a769700000,0x000000a769800000)]
  0x00000291f227a710 JavaThread "jar transforms Thread 5" [_thread_blocked, id=33744, stack(0x000000a769600000,0x000000a769700000)]
  0x00000291f227d730 JavaThread "jar transforms Thread 6" [_thread_blocked, id=33700, stack(0x000000a769800000,0x000000a769900000)]
  0x00000291f227ea70 JavaThread "Cache worker for dependencies-accessors (C:\Users\user\Desktop\bragicode\FE\bra\InjeBragi_FrontEnd\bragi\android\.gradle\8.0.1\dependencies-accessors)" [_thread_blocked, id=17716, stack(0x000000a76cf00000,0x000000a76d000000)]
  0x00000291f227dc00 JavaThread "Cache worker for Build Output Cleanup Cache (C:\Users\user\Desktop\bragicode\FE\bra\InjeBragi_FrontEnd\bragi\node_modules\@react-native\gradle-plugin\.gradle\buildOutputCleanup)" [_thread_blocked, id=31588, stack(0x000000a76d100000,0x000000a76d200000)]
  0x00000291f227ef40 JavaThread "Unconstrained build operations" [_thread_blocked, id=29932, stack(0x000000a76c900000,0x000000a76ca00000)]
  0x00000291f227cd90 JavaThread "Unconstrained build operations Thread 2" [_thread_blocked, id=31740, stack(0x000000a76d000000,0x000000a76d100000)]
  0x00000291f22798a0 JavaThread "Unconstrained build operations Thread 3" [_thread_blocked, id=14260, stack(0x000000a76d200000,0x000000a76d300000)]
  0x00000291f227abe0 JavaThread "Unconstrained build operations Thread 4" [_thread_blocked, id=25044, stack(0x000000a76d300000,0x000000a76d400000)]
  0x00000291f227e0d0 JavaThread "Unconstrained build operations Thread 5" [_thread_blocked, id=29736, stack(0x000000a76d400000,0x000000a76d500000)]
  0x00000291f2279d70 JavaThread "Unconstrained build operations Thread 6" [_thread_blocked, id=31032, stack(0x000000a76d500000,0x000000a76d600000)]
  0x00000291f227f410 JavaThread "Unconstrained build operations Thread 7" [_thread_blocked, id=32068, stack(0x000000a76d600000,0x000000a76d700000)]
  0x00000291f2277bc0 JavaThread "Unconstrained build operations Thread 8" [_thread_blocked, id=10840, stack(0x000000a76d700000,0x000000a76d800000)]
  0x00000291f2278090 JavaThread "Unconstrained build operations Thread 9" [_thread_blocked, id=33384, stack(0x000000a76d800000,0x000000a76d900000)]
  0x00000291f2278560 JavaThread "Unconstrained build operations Thread 10" [_thread_blocked, id=30700, stack(0x000000a76d900000,0x000000a76da00000)]
  0x00000291f2278a30 JavaThread "Unconstrained build operations Thread 11" [_thread_blocked, id=33400, stack(0x000000a76da00000,0x000000a76db00000)]
  0x00000291f2278f00 JavaThread "Unconstrained build operations Thread 12" [_thread_blocked, id=31132, stack(0x000000a76db00000,0x000000a76dc00000)]
  0x00000291f202f190 JavaThread "Unconstrained build operations Thread 13" [_thread_blocked, id=29876, stack(0x000000a76dc00000,0x000000a76dd00000)]
  0x00000291f202e320 JavaThread "Unconstrained build operations Thread 14" [_thread_blocked, id=33280, stack(0x000000a76dd00000,0x000000a76de00000)]
  0x00000291f202e7f0 JavaThread "Unconstrained build operations Thread 15" [_thread_blocked, id=12172, stack(0x000000a76de00000,0x000000a76df00000)]
  0x00000291f20309a0 JavaThread "Unconstrained build operations Thread 16" [_thread_blocked, id=30904, stack(0x000000a76df00000,0x000000a76e000000)]
  0x00000291f20304d0 JavaThread "Unconstrained build operations Thread 17" [_thread_blocked, id=26904, stack(0x000000a76e000000,0x000000a76e100000)]
  0x00000291f202f660 JavaThread "Unconstrained build operations Thread 18" [_thread_blocked, id=31688, stack(0x000000a76e100000,0x000000a76e200000)]
  0x00000291f2030e70 JavaThread "Unconstrained build operations Thread 19" [_thread_blocked, id=31164, stack(0x000000a76e200000,0x000000a76e300000)]
  0x00000291f202de50 JavaThread "Unconstrained build operations Thread 20" [_thread_blocked, id=31160, stack(0x000000a76e300000,0x000000a76e400000)]
  0x00000291f202d980 JavaThread "Unconstrained build operations Thread 21" [_thread_blocked, id=31076, stack(0x000000a76e400000,0x000000a76e500000)]
  0x00000291f2031340 JavaThread "Unconstrained build operations Thread 22" [_thread_blocked, id=31168, stack(0x000000a76e500000,0x000000a76e600000)]
  0x00000291f2034360 JavaThread "Unconstrained build operations Thread 23" [_thread_blocked, id=28904, stack(0x000000a76e600000,0x000000a76e700000)]
  0x00000291f20334f0 JavaThread "Unconstrained build operations Thread 24" [_thread_blocked, id=30768, stack(0x000000a76e700000,0x000000a76e800000)]
  0x00000291f202ecc0 JavaThread "Unconstrained build operations Thread 25" [_thread_blocked, id=30104, stack(0x000000a76e800000,0x000000a76e900000)]
  0x00000291f20339c0 JavaThread "Unconstrained build operations Thread 26" [_thread_blocked, id=34128, stack(0x000000a76e900000,0x000000a76ea00000)]
  0x00000291f20321b0 JavaThread "Memory manager" [_thread_blocked, id=30464, stack(0x000000a76ea00000,0x000000a76eb00000)]
  0x00000291f202fb30 JavaThread "Cache worker for Build Output Cleanup Cache (C:\Users\user\Desktop\bragicode\FE\bra\InjeBragi_FrontEnd\bragi\android\.gradle\buildOutputCleanup)" [_thread_blocked, id=6640, stack(0x000000a76b900000,0x000000a76ba00000)]
  0x00000291f2034830 JavaThread "Execution worker" [_thread_blocked, id=26052, stack(0x000000a76ed00000,0x000000a76ee00000)]
  0x00000291f202cfe0 JavaThread "Execution worker Thread 2" [_thread_blocked, id=17920, stack(0x000000a76ee00000,0x000000a76ef00000)]
  0x00000291f202d4b0 JavaThread "Execution worker Thread 3" [_thread_blocked, id=26728, stack(0x000000a76ef00000,0x000000a76f000000)]
  0x00000291f0c5e630 JavaThread "Execution worker Thread 4" [_thread_blocked, id=34028, stack(0x000000a76f000000,0x000000a76f100000)]
  0x00000291f0c5b610 JavaThread "Execution worker Thread 5" [_thread_blocked, id=30252, stack(0x000000a76f100000,0x000000a76f200000)]
  0x00000291f0c5eb00 JavaThread "Cache worker for execution history cache (C:\Users\user\Desktop\bragicode\FE\bra\InjeBragi_FrontEnd\bragi\node_modules\@react-native\gradle-plugin\.gradle\8.0.1\executionHistory)" [_thread_blocked, id=24892, stack(0x000000a76eb00000,0x000000a76ec00000)]
  0x00000291f0c5d7c0 JavaThread "Unconstrained build operations Thread 27" [_thread_blocked, id=23328, stack(0x000000a76f200000,0x000000a76f300000)]
  0x00000291f0c5d2f0 JavaThread "Unconstrained build operations Thread 28" [_thread_blocked, id=2168, stack(0x000000a76f300000,0x000000a76f400000)]
  0x00000291f0c5bfb0 JavaThread "Unconstrained build operations Thread 29" [_thread_blocked, id=30740, stack(0x000000a76f400000,0x000000a76f500000)]
  0x00000291f0c58ac0 JavaThread "Unconstrained build operations Thread 30" [_thread_blocked, id=34688, stack(0x000000a76f500000,0x000000a76f600000)]
  0x00000291f0c5ac70 JavaThread "Unconstrained build operations Thread 31" [_thread_blocked, id=24768, stack(0x000000a76f600000,0x000000a76f700000)]
  0x00000291f0c5efd0 JavaThread "Unconstrained build operations Thread 32" [_thread_blocked, id=32348, stack(0x000000a76f700000,0x000000a76f800000)]
  0x00000291f0c59e00 JavaThread "Unconstrained build operations Thread 33" [_thread_blocked, id=34732, stack(0x000000a76f800000,0x000000a76f900000)]
  0x00000291f0c59460 JavaThread "Unconstrained build operations Thread 34" [_thread_blocked, id=31224, stack(0x000000a76f900000,0x000000a76fa00000)]
  0x00000291f0c5b140 JavaThread "Unconstrained build operations Thread 35" [_thread_blocked, id=27188, stack(0x000000a76fa00000,0x000000a76fb00000)]
  0x00000291f0c59930 JavaThread "Unconstrained build operations Thread 36" [_thread_blocked, id=28472, stack(0x000000a76fb00000,0x000000a76fc00000)]
  0x00000291f0c5f4a0 JavaThread "Unconstrained build operations Thread 37" [_thread_blocked, id=20764, stack(0x000000a76fc00000,0x000000a76fd00000)]
  0x00000291f0c5f970 JavaThread "Unconstrained build operations Thread 38" [_thread_blocked, id=24192, stack(0x000000a76fd00000,0x000000a76fe00000)]
  0x00000291f0c58f90 JavaThread "Unconstrained build operations Thread 39" [_thread_blocked, id=33992, stack(0x000000a76fe00000,0x000000a76ff00000)]
  0x00000291f0c5a2d0 JavaThread "Unconstrained build operations Thread 40" [_thread_blocked, id=34556, stack(0x000000a76ff00000,0x000000a770000000)]
  0x00000291f0c5c480 JavaThread "Unconstrained build operations Thread 41" [_thread_blocked, id=25928, stack(0x000000a770000000,0x000000a770100000)]
  0x00000291f0c5dc90 JavaThread "Unconstrained build operations Thread 42" [_thread_blocked, id=33948, stack(0x000000a770100000,0x000000a770200000)]
  0x00000291f0c5bae0 JavaThread "Unconstrained build operations Thread 43" [_thread_blocked, id=32036, stack(0x000000a770200000,0x000000a770300000)]
  0x00000291f0c5ce20 JavaThread "Unconstrained build operations Thread 44" [_thread_blocked, id=16116, stack(0x000000a770300000,0x000000a770400000)]
  0x00000291f0c58120 JavaThread "Unconstrained build operations Thread 45" [_thread_blocked, id=15212, stack(0x000000a770400000,0x000000a770500000)]
  0x00000291f0c5a7a0 JavaThread "Unconstrained build operations Thread 46" [_thread_blocked, id=3936, stack(0x000000a770500000,0x000000a770600000)]
  0x00000291f0c5c950 JavaThread "Unconstrained build operations Thread 47" [_thread_blocked, id=21128, stack(0x000000a770600000,0x000000a770700000)]
  0x00000291f0c5e160 JavaThread "Unconstrained build operations Thread 48" [_thread_blocked, id=8524, stack(0x000000a770700000,0x000000a770800000)]
  0x00000291f0c585f0 JavaThread "Unconstrained build operations Thread 49" [_thread_blocked, id=34184, stack(0x000000a770800000,0x000000a770900000)]
  0x00000291f1020170 JavaThread "Unconstrained build operations Thread 50" [_thread_blocked, id=30376, stack(0x000000a770900000,0x000000a770a00000)]
  0x00000291f101f300 JavaThread "Unconstrained build operations Thread 51" [_thread_blocked, id=34764, stack(0x000000a770a00000,0x000000a770b00000)]
  0x00000291f10249a0 JavaThread "Unconstrained build operations Thread 52" [_thread_blocked, id=30452, stack(0x000000a770c00000,0x000000a770d00000)]
  0x00000291f101fca0 JavaThread "Unconstrained build operations Thread 53" [_thread_blocked, id=29936, stack(0x000000a770d00000,0x000000a770e00000)]
  0x00000291f101e960 JavaThread "Unconstrained build operations Thread 54" [_thread_blocked, id=10424, stack(0x000000a770e00000,0x000000a770f00000)]
  0x00000291f1021e50 JavaThread "Unconstrained build operations Thread 55" [_thread_blocked, id=4580, stack(0x000000a770f00000,0x000000a771000000)]
  0x00000291f1023660 JavaThread "Unconstrained build operations Thread 56" [_thread_blocked, id=29880, stack(0x000000a771000000,0x000000a771100000)]
  0x00000291f10214b0 JavaThread "Unconstrained build operations Thread 57" [_thread_blocked, id=29804, stack(0x000000a771100000,0x000000a771200000)]
  0x00000291f1022320 JavaThread "Unconstrained build operations Thread 58" [_thread_blocked, id=11480, stack(0x000000a771200000,0x000000a771300000)]
  0x00000291f10227f0 JavaThread "Unconstrained build operations Thread 59" [_thread_blocked, id=26940, stack(0x000000a771300000,0x000000a771400000)]
  0x00000291f1020640 JavaThread "Unconstrained build operations Thread 60" [_thread_blocked, id=19848, stack(0x000000a771400000,0x000000a771500000)]
  0x00000291f878f330 JavaThread "C2 CompilerThread1" daemon [_thread_blocked, id=29760, stack(0x000000a76ec00000,0x000000a76ed00000)]

Other Threads:
  0x00000291ef5e4f40 VMThread "VM Thread" [stack: 0x000000a769f00000,0x000000a76a000000] [id=34144]
  0x00000291f01522e0 WatcherThread [stack: 0x000000a76ab00000,0x000000a76ac00000] [id=34408]
  0x00000291cf8f8de0 GCTaskThread "GC Thread#0" [stack: 0x000000a769a00000,0x000000a769b00000] [id=34068]
  0x00000291f0bcfef0 GCTaskThread "GC Thread#1" [stack: 0x000000a76ad00000,0x000000a76ae00000] [id=34272]
  0x00000291f0b5b000 GCTaskThread "GC Thread#2" [stack: 0x000000a76ae00000,0x000000a76af00000] [id=34308]
  0x00000291f0b5b2b0 GCTaskThread "GC Thread#3" [stack: 0x000000a76af00000,0x000000a76b000000] [id=33308]
  0x00000291f0bfe9a0 GCTaskThread "GC Thread#4" [stack: 0x000000a76b000000,0x000000a76b100000] [id=34316]
  0x00000291f0bfec50 GCTaskThread "GC Thread#5" [stack: 0x000000a76b100000,0x000000a76b200000] [id=34096]
  0x00000291cf909c30 ConcurrentGCThread "G1 Main Marker" [stack: 0x000000a769b00000,0x000000a769c00000] [id=34072]
  0x00000291cf90a550 ConcurrentGCThread "G1 Conc#0" [stack: 0x000000a769c00000,0x000000a769d00000] [id=34076]
  0x00000291f3129360 ConcurrentGCThread "G1 Conc#1" [stack: 0x000000a76c700000,0x000000a76c800000] [id=32328]
  0x00000291cf96df90 ConcurrentGCThread "G1 Refine#0" [stack: 0x000000a769d00000,0x000000a769e00000] [id=34084]
  0x00000291cf96e8c0 ConcurrentGCThread "G1 Service" [stack: 0x000000a769e00000,0x000000a769f00000] [id=34088]

Threads with active compile tasks:
C2 CompilerThread0   182990 12859       4       org.gradle.internal.instantiation.generator.AbstractClassGenerator::inspectType (560 bytes)

VM state: not at safepoint (normal execution)

VM Mutex/Monitor currently owned by a thread: None

Heap address: 0x0000000080000000, size: 2048 MB, Compressed Oops mode: 32-bit

CDS archive(s) mapped at: [0x0000000800000000-0x0000000800bd0000-0x0000000800bd0000), size 12386304, SharedBaseAddress: 0x0000000800000000, ArchiveRelocationMode: 0.
Compressed class space mapped at: 0x0000000800c00000-0x000000081a800000, reserved size: 432013312
Narrow klass base: 0x0000000800000000, Narrow klass shift: 0, Narrow klass range: 0x100000000

GC Precious Log:
 CPUs: 6 total, 6 available
 Memory: 16335M
 Large Page Support: Disabled
 NUMA Support: Disabled
 Compressed Oops: Enabled (32-bit)
 Heap Region Size: 1M
 Heap Min Capacity: 8M
 Heap Initial Capacity: 256M
 Heap Max Capacity: 2G
 Pre-touch: Disabled
 Parallel Workers: 6
 Concurrent Workers: 2
 Concurrent Refinement Workers: 6
 Periodic GC: Disabled

Heap:
 garbage-first heap   total 199680K, used 148292K [0x0000000080000000, 0x0000000100000000)
  region size 1024K, 18 young (18432K), 3 survivors (3072K)
 Metaspace       used 91748K, committed 92800K, reserved 503808K
  class space    used 12722K, committed 13184K, reserved 421888K

Heap Regions: E=young(eden), S=young(survivor), O=old, HS=humongous(starts), HC=humongous(continues), CS=collection set, F=free, OA=open archive, CA=closed archive, TAMS=top-at-mark-start (previous, next)
|   0|0x0000000080000000, 0x0000000080100000, 0x0000000080100000|100%|HS|  |TAMS 0x0000000080100000, 0x0000000080000000| Complete 
|   1|0x0000000080100000, 0x0000000080200000, 0x0000000080200000|100%|HC|  |TAMS 0x0000000080200000, 0x0000000080100000| Complete 
|   2|0x0000000080200000, 0x0000000080300000, 0x0000000080300000|100%|HC|  |TAMS 0x0000000080300000, 0x0000000080200000| Complete 
|   3|0x0000000080300000, 0x0000000080400000, 0x0000000080400000|100%|HC|  |TAMS 0x0000000080400000, 0x0000000080300000| Complete 
|   4|0x0000000080400000, 0x0000000080500000, 0x0000000080500000|100%| O|  |TAMS 0x0000000080500000, 0x0000000080400000| Untracked 
|   5|0x0000000080500000, 0x0000000080600000, 0x0000000080600000|100%| O|  |TAMS 0x0000000080600000, 0x0000000080500000| Untracked 
|   6|0x0000000080600000, 0x0000000080700000, 0x0000000080700000|100%| O|  |TAMS 0x0000000080700000, 0x0000000080600000| Untracked 
|   7|0x0000000080700000, 0x0000000080800000, 0x0000000080800000|100%| O|  |TAMS 0x0000000080800000, 0x0000000080700000| Untracked 
|   8|0x0000000080800000, 0x0000000080900000, 0x0000000080900000|100%| O|  |TAMS 0x0000000080900000, 0x0000000080800000| Untracked 
|   9|0x0000000080900000, 0x0000000080a00000, 0x0000000080a00000|100%| O|  |TAMS 0x0000000080a00000, 0x0000000080900000| Untracked 
|  10|0x0000000080a00000, 0x0000000080b00000, 0x0000000080b00000|100%| O|  |TAMS 0x0000000080b00000, 0x0000000080a00000| Untracked 
|  11|0x0000000080b00000, 0x0000000080c00000, 0x0000000080c00000|100%| O|  |TAMS 0x0000000080c00000, 0x0000000080b00000| Untracked 
|  12|0x0000000080c00000, 0x0000000080d00000, 0x0000000080d00000|100%| O|  |TAMS 0x0000000080d00000, 0x0000000080c00000| Untracked 
|  13|0x0000000080d00000, 0x0000000080e00000, 0x0000000080e00000|100%| O|  |TAMS 0x0000000080e00000, 0x0000000080d00000| Untracked 
|  14|0x0000000080e00000, 0x0000000080f00000, 0x0000000080f00000|100%| O|  |TAMS 0x0000000080f00000, 0x0000000080e00000| Untracked 
|  15|0x0000000080f00000, 0x0000000081000000, 0x0000000081000000|100%| O|  |TAMS 0x0000000081000000, 0x0000000080f00000| Untracked 
|  16|0x0000000081000000, 0x0000000081100000, 0x0000000081100000|100%| O|  |TAMS 0x0000000081100000, 0x0000000081000000| Untracked 
|  17|0x0000000081100000, 0x0000000081200000, 0x0000000081200000|100%| O|  |TAMS 0x0000000081200000, 0x0000000081100000| Untracked 
|  18|0x0000000081200000, 0x0000000081300000, 0x0000000081300000|100%| O|  |TAMS 0x0000000081300000, 0x0000000081200000| Untracked 
|  19|0x0000000081300000, 0x0000000081400000, 0x0000000081400000|100%| O|  |TAMS 0x0000000081400000, 0x0000000081300000| Untracked 
|  20|0x0000000081400000, 0x0000000081500000, 0x0000000081500000|100%| O|  |TAMS 0x0000000081500000, 0x0000000081400000| Untracked 
|  21|0x0000000081500000, 0x0000000081600000, 0x0000000081600000|100%| O|  |TAMS 0x0000000081600000, 0x0000000081500000| Untracked 
|  22|0x0000000081600000, 0x0000000081700000, 0x0000000081700000|100%| O|  |TAMS 0x0000000081700000, 0x0000000081600000| Untracked 
|  23|0x0000000081700000, 0x0000000081800000, 0x0000000081800000|100%| O|  |TAMS 0x0000000081800000, 0x0000000081700000| Untracked 
|  24|0x0000000081800000, 0x0000000081900000, 0x0000000081900000|100%| O|  |TAMS 0x0000000081900000, 0x0000000081800000| Untracked 
|  25|0x0000000081900000, 0x0000000081a00000, 0x0000000081a00000|100%| O|  |TAMS 0x0000000081a00000, 0x0000000081900000| Untracked 
|  26|0x0000000081a00000, 0x0000000081b00000, 0x0000000081b00000|100%| O|  |TAMS 0x0000000081b00000, 0x0000000081a00000| Untracked 
|  27|0x0000000081b00000, 0x0000000081c00000, 0x0000000081c00000|100%| O|  |TAMS 0x0000000081c00000, 0x0000000081b00000| Untracked 
|  28|0x0000000081c00000, 0x0000000081d00000, 0x0000000081d00000|100%| O|  |TAMS 0x0000000081d00000, 0x0000000081c00000| Untracked 
|  29|0x0000000081d00000, 0x0000000081e00000, 0x0000000081e00000|100%| O|  |TAMS 0x0000000081e00000, 0x0000000081d00000| Untracked 
|  30|0x0000000081e00000, 0x0000000081f00000, 0x0000000081f00000|100%|HS|  |TAMS 0x0000000081f00000, 0x0000000081e00000| Complete 
|  31|0x0000000081f00000, 0x0000000082000000, 0x0000000082000000|100%|HC|  |TAMS 0x0000000082000000, 0x0000000081f00000| Complete 
|  32|0x0000000082000000, 0x0000000082100000, 0x0000000082100000|100%|HS|  |TAMS 0x0000000082100000, 0x0000000082000000| Complete 
|  33|0x0000000082100000, 0x0000000082200000, 0x0000000082200000|100%|HC|  |TAMS 0x0000000082200000, 0x0000000082100000| Complete 
|  34|0x0000000082200000, 0x0000000082300000, 0x0000000082300000|100%|HC|  |TAMS 0x0000000082300000, 0x0000000082200000| Complete 
|  35|0x0000000082300000, 0x0000000082400000, 0x0000000082400000|100%|HC|  |TAMS 0x0000000082400000, 0x0000000082300000| Complete 
|  36|0x0000000082400000, 0x0000000082500000, 0x0000000082500000|100%| O|  |TAMS 0x0000000082500000, 0x0000000082400000| Untracked 
|  37|0x0000000082500000, 0x0000000082600000, 0x0000000082600000|100%| O|  |TAMS 0x0000000082600000, 0x0000000082500000| Untracked 
|  38|0x0000000082600000, 0x0000000082700000, 0x0000000082700000|100%| O|  |TAMS 0x0000000082700000, 0x0000000082600000| Untracked 
|  39|0x0000000082700000, 0x0000000082800000, 0x0000000082800000|100%| O|  |TAMS 0x0000000082800000, 0x0000000082700000| Untracked 
|  40|0x0000000082800000, 0x0000000082900000, 0x0000000082900000|100%| O|  |TAMS 0x0000000082900000, 0x0000000082800000| Untracked 
|  41|0x0000000082900000, 0x0000000082a00000, 0x0000000082a00000|100%| O|  |TAMS 0x0000000082a00000, 0x0000000082900000| Untracked 
|  42|0x0000000082a00000, 0x0000000082b00000, 0x0000000082b00000|100%| O|  |TAMS 0x0000000082b00000, 0x0000000082a00000| Untracked 
|  43|0x0000000082b00000, 0x0000000082c00000, 0x0000000082c00000|100%| O|  |TAMS 0x0000000082c00000, 0x0000000082b00000| Untracked 
|  44|0x0000000082c00000, 0x0000000082d00000, 0x0000000082d00000|100%| O|  |TAMS 0x0000000082d00000, 0x0000000082c00000| Untracked 
|  45|0x0000000082d00000, 0x0000000082e00000, 0x0000000082e00000|100%| O|  |TAMS 0x0000000082e00000, 0x0000000082d00000| Untracked 
|  46|0x0000000082e00000, 0x0000000082f00000, 0x0000000082f00000|100%| O|  |TAMS 0x0000000082f00000, 0x0000000082e00000| Untracked 
|  47|0x0000000082f00000, 0x0000000083000000, 0x0000000083000000|100%| O|  |TAMS 0x0000000083000000, 0x0000000082f00000| Untracked 
|  48|0x0000000083000000, 0x0000000083100000, 0x0000000083100000|100%| O|  |TAMS 0x0000000083100000, 0x0000000083000000| Untracked 
|  49|0x0000000083100000, 0x0000000083200000, 0x0000000083200000|100%| O|  |TAMS 0x0000000083200000, 0x0000000083100000| Untracked 
|  50|0x0000000083200000, 0x0000000083300000, 0x0000000083300000|100%| O|  |TAMS 0x0000000083300000, 0x0000000083200000| Untracked 
|  51|0x0000000083300000, 0x0000000083400000, 0x0000000083400000|100%| O|  |TAMS 0x0000000083400000, 0x0000000083300000| Untracked 
|  52|0x0000000083400000, 0x0000000083500000, 0x0000000083500000|100%| O|  |TAMS 0x0000000083500000, 0x0000000083400000| Untracked 
|  53|0x0000000083500000, 0x0000000083600000, 0x0000000083600000|100%| O|  |TAMS 0x0000000083600000, 0x0000000083500000| Untracked 
|  54|0x0000000083600000, 0x0000000083700000, 0x0000000083700000|100%| O|  |TAMS 0x0000000083700000, 0x0000000083600000| Untracked 
|  55|0x0000000083700000, 0x0000000083800000, 0x0000000083800000|100%|HS|  |TAMS 0x0000000083700000, 0x0000000083700000| Complete 
|  56|0x0000000083800000, 0x0000000083900000, 0x0000000083900000|100%| O|  |TAMS 0x0000000083900000, 0x0000000083800000| Untracked 
|  57|0x0000000083900000, 0x0000000083a00000, 0x0000000083a00000|100%| O|  |TAMS 0x0000000083a00000, 0x0000000083900000| Untracked 
|  58|0x0000000083a00000, 0x0000000083b00000, 0x0000000083b00000|100%| O|  |TAMS 0x0000000083a00000, 0x0000000083a00000| Untracked 
|  59|0x0000000083b00000, 0x0000000083c00000, 0x0000000083c00000|100%|HS|  |TAMS 0x0000000083c00000, 0x0000000083b00000| Complete 
|  60|0x0000000083c00000, 0x0000000083d00000, 0x0000000083d00000|100%|HS|  |TAMS 0x0000000083d00000, 0x0000000083c00000| Complete 
|  61|0x0000000083d00000, 0x0000000083e00000, 0x0000000083e00000|100%|HS|  |TAMS 0x0000000083d00000, 0x0000000083d00000| Complete 
|  62|0x0000000083e00000, 0x0000000083f00000, 0x0000000083f00000|100%| O|  |TAMS 0x0000000083f00000, 0x0000000083e00000| Untracked 
|  63|0x0000000083f00000, 0x0000000084000000, 0x0000000084000000|100%| O|  |TAMS 0x0000000084000000, 0x0000000083f00000| Untracked 
|  64|0x0000000084000000, 0x0000000084100000, 0x0000000084100000|100%| O|  |TAMS 0x0000000084100000, 0x0000000084000000| Untracked 
|  65|0x0000000084100000, 0x0000000084200000, 0x0000000084200000|100%| O|  |TAMS 0x0000000084200000, 0x0000000084100000| Untracked 
|  66|0x0000000084200000, 0x0000000084300000, 0x0000000084300000|100%| O|  |TAMS 0x0000000084300000, 0x0000000084200000| Untracked 
|  67|0x0000000084300000, 0x0000000084400000, 0x0000000084400000|100%| O|  |TAMS 0x0000000084400000, 0x0000000084300000| Untracked 
|  68|0x0000000084400000, 0x0000000084500000, 0x0000000084500000|100%| O|  |TAMS 0x0000000084500000, 0x0000000084400000| Untracked 
|  69|0x0000000084500000, 0x0000000084600000, 0x0000000084600000|100%| O|  |TAMS 0x0000000084600000, 0x0000000084500000| Untracked 
|  70|0x0000000084600000, 0x0000000084700000, 0x0000000084700000|100%| O|  |TAMS 0x0000000084700000, 0x0000000084600000| Untracked 
|  71|0x0000000084700000, 0x0000000084800000, 0x0000000084800000|100%| O|  |TAMS 0x0000000084800000, 0x0000000084700000| Untracked 
|  72|0x0000000084800000, 0x0000000084900000, 0x0000000084900000|100%| O|  |TAMS 0x0000000084900000, 0x0000000084800000| Untracked 
|  73|0x0000000084900000, 0x0000000084a00000, 0x0000000084a00000|100%| O|  |TAMS 0x0000000084a00000, 0x0000000084900000| Untracked 
|  74|0x0000000084a00000, 0x0000000084b00000, 0x0000000084b00000|100%| O|  |TAMS 0x0000000084b00000, 0x0000000084a00000| Untracked 
|  75|0x0000000084b00000, 0x0000000084c00000, 0x0000000084c00000|100%| O|  |TAMS 0x0000000084c00000, 0x0000000084b00000| Untracked 
|  76|0x0000000084c00000, 0x0000000084d00000, 0x0000000084d00000|100%| O|  |TAMS 0x0000000084d00000, 0x0000000084c00000| Untracked 
|  77|0x0000000084d00000, 0x0000000084e00000, 0x0000000084e00000|100%| O|  |TAMS 0x0000000084e00000, 0x0000000084d00000| Untracked 
|  78|0x0000000084e00000, 0x0000000084f00000, 0x0000000084f00000|100%| O|  |TAMS 0x0000000084f00000, 0x0000000084e00000| Untracked 
|  79|0x0000000084f00000, 0x0000000085000000, 0x0000000085000000|100%| O|  |TAMS 0x0000000085000000, 0x0000000084f00000| Untracked 
|  80|0x0000000085000000, 0x0000000085100000, 0x0000000085100000|100%| O|  |TAMS 0x0000000085100000, 0x0000000085000000| Untracked 
|  81|0x0000000085100000, 0x0000000085200000, 0x0000000085200000|100%| O|  |TAMS 0x0000000085200000, 0x0000000085100000| Untracked 
|  82|0x0000000085200000, 0x0000000085300000, 0x0000000085300000|100%| O|  |TAMS 0x0000000085300000, 0x0000000085200000| Untracked 
|  83|0x0000000085300000, 0x0000000085400000, 0x0000000085400000|100%| O|  |TAMS 0x0000000085400000, 0x0000000085300000| Untracked 
|  84|0x0000000085400000, 0x0000000085500000, 0x0000000085500000|100%| O|  |TAMS 0x0000000085500000, 0x0000000085400000| Untracked 
|  85|0x0000000085500000, 0x0000000085600000, 0x0000000085600000|100%|HS|  |TAMS 0x0000000085600000, 0x0000000085500000| Complete 
|  86|0x0000000085600000, 0x0000000085700000, 0x0000000085700000|100%|HS|  |TAMS 0x0000000085700000, 0x0000000085600000| Complete 
|  87|0x0000000085700000, 0x0000000085800000, 0x0000000085800000|100%|HS|  |TAMS 0x0000000085800000, 0x0000000085700000| Complete 
|  88|0x0000000085800000, 0x0000000085900000, 0x0000000085900000|100%|HS|  |TAMS 0x0000000085900000, 0x0000000085800000| Complete 
|  89|0x0000000085900000, 0x0000000085a00000, 0x0000000085a00000|100%|HC|  |TAMS 0x0000000085a00000, 0x0000000085900000| Complete 
|  90|0x0000000085a00000, 0x0000000085b00000, 0x0000000085b00000|100%|HC|  |TAMS 0x0000000085b00000, 0x0000000085a00000| Complete 
|  91|0x0000000085b00000, 0x0000000085c00000, 0x0000000085c00000|100%|HS|  |TAMS 0x0000000085c00000, 0x0000000085b00000| Complete 
|  92|0x0000000085c00000, 0x0000000085d00000, 0x0000000085d00000|100%|HC|  |TAMS 0x0000000085d00000, 0x0000000085c00000| Complete 
|  93|0x0000000085d00000, 0x0000000085e00000, 0x0000000085e00000|100%| O|  |TAMS 0x0000000085e00000, 0x0000000085d00000| Untracked 
|  94|0x0000000085e00000, 0x0000000085f00000, 0x0000000085f00000|100%| O|  |TAMS 0x0000000085f00000, 0x0000000085e00000| Untracked 
|  95|0x0000000085f00000, 0x0000000086000000, 0x0000000086000000|100%| O|  |TAMS 0x0000000086000000, 0x0000000085f00000| Untracked 
|  96|0x0000000086000000, 0x0000000086100000, 0x0000000086100000|100%| O|  |TAMS 0x0000000086100000, 0x0000000086000000| Untracked 
|  97|0x0000000086100000, 0x0000000086200000, 0x0000000086200000|100%| O|  |TAMS 0x0000000086200000, 0x0000000086100000| Untracked 
|  98|0x0000000086200000, 0x0000000086300000, 0x0000000086300000|100%| O|  |TAMS 0x0000000086300000, 0x0000000086200000| Untracked 
|  99|0x0000000086300000, 0x0000000086400000, 0x0000000086400000|100%| O|  |TAMS 0x0000000086400000, 0x0000000086300000| Untracked 
| 100|0x0000000086400000, 0x0000000086500000, 0x0000000086500000|100%| O|  |TAMS 0x0000000086500000, 0x0000000086400000| Untracked 
| 101|0x0000000086500000, 0x0000000086600000, 0x0000000086600000|100%| O|  |TAMS 0x0000000086600000, 0x0000000086500000| Untracked 
| 102|0x0000000086600000, 0x0000000086700000, 0x0000000086700000|100%| O|  |TAMS 0x0000000086700000, 0x0000000086600000| Untracked 
| 103|0x0000000086700000, 0x0000000086800000, 0x0000000086800000|100%| O|  |TAMS 0x0000000086800000, 0x0000000086700000| Untracked 
| 104|0x0000000086800000, 0x0000000086900000, 0x0000000086900000|100%| O|  |TAMS 0x0000000086900000, 0x0000000086800000| Untracked 
| 105|0x0000000086900000, 0x0000000086a00000, 0x0000000086a00000|100%| O|  |TAMS 0x0000000086a00000, 0x0000000086900000| Untracked 
| 106|0x0000000086a00000, 0x0000000086b00000, 0x0000000086b00000|100%| O|  |TAMS 0x0000000086b00000, 0x0000000086a00000| Untracked 
| 107|0x0000000086b00000, 0x0000000086c00000, 0x0000000086c00000|100%| O|  |TAMS 0x0000000086c00000, 0x0000000086b00000| Untracked 
| 108|0x0000000086c00000, 0x0000000086d00000, 0x0000000086d00000|100%| O|  |TAMS 0x0000000086d00000, 0x0000000086c00000| Untracked 
| 109|0x0000000086d00000, 0x0000000086e00000, 0x0000000086e00000|100%| O|  |TAMS 0x0000000086d75000, 0x0000000086d00000| Untracked 
| 110|0x0000000086e00000, 0x0000000086f00000, 0x0000000086f00000|100%| O|  |TAMS 0x0000000086e00000, 0x0000000086e00000| Untracked 
| 111|0x0000000086f00000, 0x0000000087000000, 0x0000000087000000|100%| O|  |TAMS 0x0000000086f00000, 0x0000000086f00000| Untracked 
| 112|0x0000000087000000, 0x0000000087100000, 0x0000000087100000|100%| O|  |TAMS 0x0000000087000000, 0x0000000087000000| Untracked 
| 113|0x0000000087100000, 0x0000000087200000, 0x0000000087200000|100%| O|  |TAMS 0x0000000087100000, 0x0000000087100000| Untracked 
| 114|0x0000000087200000, 0x0000000087300000, 0x0000000087300000|100%| O|  |TAMS 0x0000000087200000, 0x0000000087200000| Untracked 
| 115|0x0000000087300000, 0x0000000087400000, 0x0000000087400000|100%| O|  |TAMS 0x0000000087300000, 0x0000000087300000| Untracked 
| 116|0x0000000087400000, 0x0000000087500000, 0x0000000087500000|100%| O|  |TAMS 0x0000000087400000, 0x0000000087400000| Untracked 
| 117|0x0000000087500000, 0x0000000087600000, 0x0000000087600000|100%| O|  |TAMS 0x0000000087500000, 0x0000000087500000| Untracked 
| 118|0x0000000087600000, 0x0000000087700000, 0x0000000087700000|100%| O|  |TAMS 0x0000000087600000, 0x0000000087600000| Untracked 
| 119|0x0000000087700000, 0x0000000087800000, 0x0000000087800000|100%| O|  |TAMS 0x0000000087700000, 0x0000000087700000| Untracked 
| 120|0x0000000087800000, 0x0000000087900000, 0x0000000087900000|100%| O|  |TAMS 0x0000000087800000, 0x0000000087800000| Untracked 
| 121|0x0000000087900000, 0x0000000087a00000, 0x0000000087a00000|100%| O|  |TAMS 0x0000000087900000, 0x0000000087900000| Untracked 
| 122|0x0000000087a00000, 0x0000000087b00000, 0x0000000087b00000|100%| O|  |TAMS 0x0000000087a00000, 0x0000000087a00000| Untracked 
| 123|0x0000000087b00000, 0x0000000087c00000, 0x0000000087c00000|100%| O|  |TAMS 0x0000000087b00000, 0x0000000087b00000| Untracked 
| 124|0x0000000087c00000, 0x0000000087d00000, 0x0000000087d00000|100%| O|  |TAMS 0x0000000087c00000, 0x0000000087c00000| Untracked 
| 125|0x0000000087d00000, 0x0000000087e00000, 0x0000000087e00000|100%| O|  |TAMS 0x0000000087d00000, 0x0000000087d00000| Untracked 
| 126|0x0000000087e00000, 0x0000000087f00000, 0x0000000087f00000|100%| O|  |TAMS 0x0000000087e00000, 0x0000000087e00000| Untracked 
| 127|0x0000000087f00000, 0x0000000087fd1200, 0x0000000088000000| 81%| O|  |TAMS 0x0000000087f00000, 0x0000000087f00000| Untracked 
| 128|0x0000000088000000, 0x0000000088000000, 0x0000000088100000|  0%| F|  |TAMS 0x0000000088000000, 0x0000000088000000| Untracked 
| 129|0x0000000088100000, 0x0000000088100000, 0x0000000088200000|  0%| F|  |TAMS 0x0000000088100000, 0x0000000088100000| Untracked 
| 130|0x0000000088200000, 0x0000000088200000, 0x0000000088300000|  0%| F|  |TAMS 0x0000000088200000, 0x0000000088200000| Untracked 
| 131|0x0000000088300000, 0x0000000088300000, 0x0000000088400000|  0%| F|  |TAMS 0x0000000088300000, 0x0000000088300000| Untracked 
| 132|0x0000000088400000, 0x0000000088400000, 0x0000000088500000|  0%| F|  |TAMS 0x0000000088400000, 0x0000000088400000| Untracked 
| 133|0x0000000088500000, 0x0000000088500000, 0x0000000088600000|  0%| F|  |TAMS 0x0000000088500000, 0x0000000088500000| Untracked 
| 134|0x0000000088600000, 0x0000000088600000, 0x0000000088700000|  0%| F|  |TAMS 0x0000000088600000, 0x0000000088600000| Untracked 
| 135|0x0000000088700000, 0x0000000088700000, 0x0000000088800000|  0%| F|  |TAMS 0x0000000088700000, 0x0000000088700000| Untracked 
| 136|0x0000000088800000, 0x0000000088800000, 0x0000000088900000|  0%| F|  |TAMS 0x0000000088800000, 0x0000000088800000| Untracked 
| 137|0x0000000088900000, 0x0000000088900000, 0x0000000088a00000|  0%| F|  |TAMS 0x0000000088900000, 0x0000000088900000| Untracked 
| 138|0x0000000088a00000, 0x0000000088a00000, 0x0000000088b00000|  0%| F|  |TAMS 0x0000000088a00000, 0x0000000088a00000| Untracked 
| 139|0x0000000088b00000, 0x0000000088b00000, 0x0000000088c00000|  0%| F|  |TAMS 0x0000000088b00000, 0x0000000088b00000| Untracked 
| 140|0x0000000088c00000, 0x0000000088c00000, 0x0000000088d00000|  0%| F|  |TAMS 0x0000000088c00000, 0x0000000088c00000| Untracked 
| 141|0x0000000088d00000, 0x0000000088d00000, 0x0000000088e00000|  0%| F|  |TAMS 0x0000000088d00000, 0x0000000088d00000| Untracked 
| 142|0x0000000088e00000, 0x0000000088e00000, 0x0000000088f00000|  0%| F|  |TAMS 0x0000000088e00000, 0x0000000088e00000| Untracked 
| 143|0x0000000088f00000, 0x0000000088f00000, 0x0000000089000000|  0%| F|  |TAMS 0x0000000088f00000, 0x0000000088f00000| Untracked 
| 144|0x0000000089000000, 0x0000000089000000, 0x0000000089100000|  0%| F|  |TAMS 0x0000000089000000, 0x0000000089000000| Untracked 
| 145|0x0000000089100000, 0x0000000089100000, 0x0000000089200000|  0%| F|  |TAMS 0x0000000089100000, 0x0000000089100000| Untracked 
| 146|0x0000000089200000, 0x0000000089200000, 0x0000000089300000|  0%| F|  |TAMS 0x0000000089200000, 0x0000000089200000| Untracked 
| 147|0x0000000089300000, 0x0000000089300000, 0x0000000089400000|  0%| F|  |TAMS 0x0000000089300000, 0x0000000089300000| Untracked 
| 148|0x0000000089400000, 0x0000000089400000, 0x0000000089500000|  0%| F|  |TAMS 0x0000000089400000, 0x0000000089400000| Untracked 
| 149|0x0000000089500000, 0x0000000089500000, 0x0000000089600000|  0%| F|  |TAMS 0x0000000089500000, 0x0000000089500000| Untracked 
| 150|0x0000000089600000, 0x0000000089600000, 0x0000000089700000|  0%| F|  |TAMS 0x0000000089600000, 0x0000000089600000| Untracked 
| 151|0x0000000089700000, 0x0000000089700000, 0x0000000089800000|  0%| F|  |TAMS 0x0000000089700000, 0x0000000089700000| Untracked 
| 152|0x0000000089800000, 0x0000000089800000, 0x0000000089900000|  0%| F|  |TAMS 0x0000000089800000, 0x0000000089800000| Untracked 
| 153|0x0000000089900000, 0x0000000089900000, 0x0000000089a00000|  0%| F|  |TAMS 0x0000000089900000, 0x0000000089900000| Untracked 
| 154|0x0000000089a00000, 0x0000000089a00000, 0x0000000089b00000|  0%| F|  |TAMS 0x0000000089a00000, 0x0000000089a00000| Untracked 
| 155|0x0000000089b00000, 0x0000000089b00000, 0x0000000089c00000|  0%| F|  |TAMS 0x0000000089b00000, 0x0000000089b00000| Untracked 
| 156|0x0000000089c00000, 0x0000000089c00000, 0x0000000089d00000|  0%| F|  |TAMS 0x0000000089c00000, 0x0000000089c00000| Untracked 
| 157|0x0000000089d00000, 0x0000000089d00000, 0x0000000089e00000|  0%| F|  |TAMS 0x0000000089d00000, 0x0000000089d00000| Untracked 
| 158|0x0000000089e00000, 0x0000000089e00000, 0x0000000089f00000|  0%| F|  |TAMS 0x0000000089e00000, 0x0000000089e00000| Untracked 
| 159|0x0000000089f00000, 0x0000000089f00000, 0x000000008a000000|  0%| F|  |TAMS 0x0000000089f00000, 0x0000000089f00000| Untracked 
| 160|0x000000008a000000, 0x000000008a100000, 0x000000008a100000|100%| S|CS|TAMS 0x000000008a000000, 0x000000008a000000| Complete 
| 161|0x000000008a100000, 0x000000008a200000, 0x000000008a200000|100%| S|CS|TAMS 0x000000008a100000, 0x000000008a100000| Complete 
| 162|0x000000008a200000, 0x000000008a300000, 0x000000008a300000|100%| S|CS|TAMS 0x000000008a200000, 0x000000008a200000| Complete 
| 163|0x000000008a300000, 0x000000008a300000, 0x000000008a400000|  0%| F|  |TAMS 0x000000008a300000, 0x000000008a300000| Untracked 
| 164|0x000000008a400000, 0x000000008a400000, 0x000000008a500000|  0%| F|  |TAMS 0x000000008a400000, 0x000000008a400000| Untracked 
| 165|0x000000008a500000, 0x000000008a500000, 0x000000008a600000|  0%| F|  |TAMS 0x000000008a500000, 0x000000008a500000| Untracked 
| 166|0x000000008a600000, 0x000000008a600000, 0x000000008a700000|  0%| F|  |TAMS 0x000000008a600000, 0x000000008a600000| Untracked 
| 167|0x000000008a700000, 0x000000008a700000, 0x000000008a800000|  0%| F|  |TAMS 0x000000008a700000, 0x000000008a700000| Untracked 
| 168|0x000000008a800000, 0x000000008a800000, 0x000000008a900000|  0%| F|  |TAMS 0x000000008a800000, 0x000000008a800000| Untracked 
| 169|0x000000008a900000, 0x000000008a900000, 0x000000008aa00000|  0%| F|  |TAMS 0x000000008a900000, 0x000000008a900000| Untracked 
| 170|0x000000008aa00000, 0x000000008aa00000, 0x000000008ab00000|  0%| F|  |TAMS 0x000000008aa00000, 0x000000008aa00000| Untracked 
| 171|0x000000008ab00000, 0x000000008ab00000, 0x000000008ac00000|  0%| F|  |TAMS 0x000000008ab00000, 0x000000008ab00000| Untracked 
| 172|0x000000008ac00000, 0x000000008ac00000, 0x000000008ad00000|  0%| F|  |TAMS 0x000000008ac00000, 0x000000008ac00000| Untracked 
| 173|0x000000008ad00000, 0x000000008ad00000, 0x000000008ae00000|  0%| F|  |TAMS 0x000000008ad00000, 0x000000008ad00000| Untracked 
| 174|0x000000008ae00000, 0x000000008ae00000, 0x000000008af00000|  0%| F|  |TAMS 0x000000008ae00000, 0x000000008ae00000| Untracked 
| 175|0x000000008af00000, 0x000000008af00000, 0x000000008b000000|  0%| F|  |TAMS 0x000000008af00000, 0x000000008af00000| Untracked 
| 176|0x000000008b000000, 0x000000008b000000, 0x000000008b100000|  0%| F|  |TAMS 0x000000008b000000, 0x000000008b000000| Untracked 
| 177|0x000000008b100000, 0x000000008b100000, 0x000000008b200000|  0%| F|  |TAMS 0x000000008b100000, 0x000000008b100000| Untracked 
| 178|0x000000008b200000, 0x000000008b200000, 0x000000008b300000|  0%| F|  |TAMS 0x000000008b200000, 0x000000008b200000| Untracked 
| 179|0x000000008b300000, 0x000000008b3860b0, 0x000000008b400000| 52%| E|  |TAMS 0x000000008b300000, 0x000000008b300000| Complete 
| 180|0x000000008b400000, 0x000000008b500000, 0x000000008b500000|100%| E|CS|TAMS 0x000000008b400000, 0x000000008b400000| Complete 
| 181|0x000000008b500000, 0x000000008b600000, 0x000000008b600000|100%| E|CS|TAMS 0x000000008b500000, 0x000000008b500000| Complete 
| 182|0x000000008b600000, 0x000000008b700000, 0x000000008b700000|100%| E|CS|TAMS 0x000000008b600000, 0x000000008b600000| Complete 
| 183|0x000000008b700000, 0x000000008b800000, 0x000000008b800000|100%| E|CS|TAMS 0x000000008b700000, 0x000000008b700000| Complete 
| 184|0x000000008b800000, 0x000000008b900000, 0x000000008b900000|100%| E|CS|TAMS 0x000000008b800000, 0x000000008b800000| Complete 
| 185|0x000000008b900000, 0x000000008ba00000, 0x000000008ba00000|100%| E|CS|TAMS 0x000000008b900000, 0x000000008b900000| Complete 
| 186|0x000000008ba00000, 0x000000008bb00000, 0x000000008bb00000|100%| E|CS|TAMS 0x000000008ba00000, 0x000000008ba00000| Complete 
| 248|0x000000008f800000, 0x000000008f900000, 0x000000008f900000|100%| E|CS|TAMS 0x000000008f800000, 0x000000008f800000| Complete 
| 249|0x000000008f900000, 0x000000008fa00000, 0x000000008fa00000|100%| E|CS|TAMS 0x000000008f900000, 0x000000008f900000| Complete 
| 250|0x000000008fa00000, 0x000000008fb00000, 0x000000008fb00000|100%| E|CS|TAMS 0x000000008fa00000, 0x000000008fa00000| Complete 
| 251|0x000000008fb00000, 0x000000008fc00000, 0x000000008fc00000|100%| E|CS|TAMS 0x000000008fb00000, 0x000000008fb00000| Complete 
| 252|0x000000008fc00000, 0x000000008fd00000, 0x000000008fd00000|100%| E|CS|TAMS 0x000000008fc00000, 0x000000008fc00000| Complete 
| 253|0x000000008fd00000, 0x000000008fe00000, 0x000000008fe00000|100%| E|CS|TAMS 0x000000008fd00000, 0x000000008fd00000| Complete 
| 254|0x000000008fe00000, 0x000000008ff00000, 0x000000008ff00000|100%| E|CS|TAMS 0x000000008fe00000, 0x000000008fe00000| Complete 
| 255|0x000000008ff00000, 0x0000000090000000, 0x0000000090000000|100%| E|CS|TAMS 0x000000008ff00000, 0x000000008ff00000| Complete 

Card table byte_map: [0x00000291e8540000,0x00000291e8940000] _byte_map_base: 0x00000291e8140000

Marking Bits (Prev, Next): (CMBitMap*) 0x00000291cf8f9340, (CMBitMap*) 0x00000291cf8f9300
 Prev Bits: [0x00000291ead40000, 0x00000291ecd40000)
 Next Bits: [0x00000291e8d40000, 0x00000291ead40000)

Polling page: 0x00000291cf750000

Metaspace:

Usage:
  Non-class:     77.22 MB used.
      Class:     12.43 MB used.
       Both:     89.65 MB used.

Virtual space:
  Non-class space:       80.00 MB reserved,      77.75 MB ( 97%) committed,  10 nodes.
      Class space:      412.00 MB reserved,      12.88 MB (  3%) committed,  1 nodes.
             Both:      492.00 MB reserved,      90.62 MB ( 18%) committed. 

Chunk freelists:
   Non-Class:  2.27 MB
       Class:  3.10 MB
        Both:  5.37 MB

MaxMetaspaceSize: 512.00 MB
CompressedClassSpaceSize: 412.00 MB
Initial GC threshold: 21.00 MB
Current GC threshold: 140.00 MB
CDS: on
MetaspaceReclaimPolicy: balanced
 - commit_granule_bytes: 65536.
 - commit_granule_words: 8192.
 - virtual_space_node_default_size: 1048576.
 - enlarge_chunks_in_place: 1.
 - new_chunks_are_fully_committed: 0.
 - uncommit_free_chunks: 1.
 - use_allocation_guard: 0.
 - handle_deallocations: 1.


Internal statistics:

num_allocs_failed_limit: 12.
num_arena_births: 1194.
num_arena_deaths: 0.
num_vsnodes_births: 11.
num_vsnodes_deaths: 0.
num_space_committed: 1450.
num_space_uncommitted: 0.
num_chunks_returned_to_freelist: 12.
num_chunks_taken_from_freelist: 5150.
num_chunk_merges: 12.
num_chunk_splits: 3393.
num_chunks_enlarged: 2214.
num_purges: 0.
num_inconsistent_stats: 0.

CodeHeap 'non-profiled nmethods': size=120000Kb used=7027Kb max_used=7027Kb free=112972Kb
 bounds [0x00000291e03b0000, 0x00000291e0a90000, 0x00000291e78e0000]
CodeHeap 'profiled nmethods': size=120000Kb used=24206Kb max_used=24206Kb free=95793Kb
 bounds [0x00000291d8e80000, 0x00000291da630000, 0x00000291e03b0000]
CodeHeap 'non-nmethods': size=5760Kb used=2416Kb max_used=2490Kb free=3343Kb
 bounds [0x00000291d88e0000, 0x00000291d8b60000, 0x00000291d8e80000]
 total_blobs=12552 nmethods=11596 adapters=868
 compilation: enabled
              stopped_count=0, restarted_count=0
 full_count=0

Compilation events (20 events):
Event: 182.885 Thread 0x00000291ef60d720 12955       3       org.gradle.api.internal.FilePropertyContainer::<init> (12 bytes)
Event: 182.885 Thread 0x00000291ef60d720 nmethod 12955 0x00000291da611590 code [0x00000291da611760, 0x00000291da611bd8]
Event: 182.886 Thread 0x00000291ef60d720 12956       3       org.gradle.model.internal.asm.AsmClassGeneratorUtils::signature (54 bytes)
Event: 182.888 Thread 0x00000291ef60d720 nmethod 12956 0x00000291da611d90 code [0x00000291da6122c0, 0x00000291da615428]
Event: 182.888 Thread 0x00000291ef60d720 12957       3       java.lang.reflect.Constructor::getGenericExceptionTypes (5 bytes)
Event: 182.889 Thread 0x00000291ef60d720 nmethod 12957 0x00000291da616210 code [0x00000291da6164c0, 0x00000291da617518]
Event: 182.889 Thread 0x00000291ef60d720 12961       3       org.gradle.api.internal.provider.ValueSupplier$FixedSideEffect::of (31 bytes)
Event: 182.889 Thread 0x00000291ef60d720 nmethod 12961 0x00000291da617a10 code [0x00000291da617be0, 0x00000291da6181b8]
Event: 182.889 Thread 0x00000291ef60d720 12958       3       org.gradle.internal.instantiation.generator.AsmBackedClassGenerator$ClassBuilderImpl$$Lambda$133/0x0000000800db1c00::<init> (32 bytes)
Event: 182.889 Thread 0x00000291ef60d720 nmethod 12958 0x00000291da618310 code [0x00000291da6184c0, 0x00000291da618798]
Event: 182.889 Thread 0x00000291ef60d720 12959       3       org.gradle.internal.instantiation.generator.AsmBackedClassGenerator$ClassBuilderImpl$$Lambda$133/0x0000000800db1c00::emit (25 bytes)
Event: 182.889 Thread 0x00000291ef60d720 nmethod 12959 0x00000291da618890 code [0x00000291da618a40, 0x00000291da618ba8]
Event: 182.889 Thread 0x00000291ef60d720 12960       3       org.gradle.internal.instantiation.generator.AsmBackedClassGenerator$ClassBuilderImpl::lambda$addConstructor$2 (17 bytes)
Event: 182.890 Thread 0x00000291ef60d720 nmethod 12960 0x00000291da618c90 code [0x00000291da618e40, 0x00000291da619008]
Event: 182.890 Thread 0x00000291f878f330 nmethod 12865 0x00000291e0a7f310 code [0x00000291e0a7f580, 0x00000291e0a806c8]
Event: 182.890 Thread 0x00000291f878f330 12914       4       org.gradle.internal.ImmutableActionSet::empty (10 bytes)
Event: 182.891 Thread 0x00000291f878f330 nmethod 12914 0x00000291e0a81490 code [0x00000291e0a81600, 0x00000291e0a81658]
Event: 182.891 Thread 0x00000291f878f330 12895       4       org.gradle.internal.instantiation.generator.AsmBackedClassGenerator$ClassBuilderImpl::access$700 (4 bytes)
Event: 182.891 Thread 0x00000291f878f330 nmethod 12895 0x00000291e0a81790 code [0x00000291e0a81900, 0x00000291e0a81958]
Event: 182.891 Thread 0x00000291f878f330 12860       4       org.gradle.internal.instantiation.generator.AbstractClassGenerator$PropertyTypePropertyHandler::visitProperty (29 bytes)

GC Heap History (20 events):
Event: 151.586 GC heap before
{Heap before GC invocations=35 (full 0):
 garbage-first heap   total 178176K, used 134884K [0x0000000080000000, 0x0000000100000000)
  region size 1024K, 60 young (61440K), 8 survivors (8192K)
 Metaspace       used 80657K, committed 81408K, reserved 495616K
  class space    used 11228K, committed 11584K, reserved 421888K
}
Event: 151.591 GC heap after
{Heap after GC invocations=36 (full 0):
 garbage-first heap   total 178176K, used 86934K [0x0000000080000000, 0x0000000100000000)
  region size 1024K, 6 young (6144K), 6 survivors (6144K)
 Metaspace       used 80657K, committed 81408K, reserved 495616K
  class space    used 11228K, committed 11584K, reserved 421888K
}
Event: 164.253 GC heap before
{Heap before GC invocations=36 (full 0):
 garbage-first heap   total 178176K, used 138134K [0x0000000080000000, 0x0000000100000000)
  region size 1024K, 56 young (57344K), 6 survivors (6144K)
 Metaspace       used 82245K, committed 83072K, reserved 495616K
  class space    used 11466K, committed 11840K, reserved 421888K
}
Event: 164.259 GC heap after
{Heap after GC invocations=37 (full 0):
 garbage-first heap   total 178176K, used 93383K [0x0000000080000000, 0x0000000100000000)
  region size 1024K, 7 young (7168K), 7 survivors (7168K)
 Metaspace       used 82245K, committed 83072K, reserved 495616K
  class space    used 11466K, committed 11840K, reserved 421888K
}
Event: 172.308 GC heap before
{Heap before GC invocations=38 (full 0):
 garbage-first heap   total 178176K, used 147655K [0x0000000080000000, 0x0000000100000000)
  region size 1024K, 53 young (54272K), 7 survivors (7168K)
 Metaspace       used 82649K, committed 83520K, reserved 495616K
  class space    used 11483K, committed 11904K, reserved 421888K
}
Event: 172.315 GC heap after
{Heap after GC invocations=39 (full 0):
 garbage-first heap   total 178176K, used 111226K [0x0000000080000000, 0x0000000100000000)
  region size 1024K, 7 young (7168K), 7 survivors (7168K)
 Metaspace       used 82649K, committed 83520K, reserved 495616K
  class space    used 11483K, committed 11904K, reserved 421888K
}
Event: 172.329 GC heap before
{Heap before GC invocations=39 (full 0):
 garbage-first heap   total 178176K, used 111226K [0x0000000080000000, 0x0000000100000000)
  region size 1024K, 8 young (8192K), 7 survivors (7168K)
 Metaspace       used 82649K, committed 83520K, reserved 495616K
  class space    used 11483K, committed 11904K, reserved 421888K
}
Event: 172.332 GC heap after
{Heap after GC invocations=40 (full 0):
 garbage-first heap   total 178176K, used 112084K [0x0000000080000000, 0x0000000100000000)
  region size 1024K, 1 young (1024K), 1 survivors (1024K)
 Metaspace       used 82649K, committed 83520K, reserved 495616K
  class space    used 11483K, committed 11904K, reserved 421888K
}
Event: 172.749 GC heap before
{Heap before GC invocations=40 (full 0):
 garbage-first heap   total 178176K, used 142804K [0x0000000080000000, 0x0000000100000000)
  region size 1024K, 31 young (31744K), 1 survivors (1024K)
 Metaspace       used 84936K, committed 85824K, reserved 503808K
  class space    used 11808K, committed 12224K, reserved 421888K
}
Event: 172.753 GC heap after
{Heap after GC invocations=41 (full 0):
 garbage-first heap   total 178176K, used 116222K [0x0000000080000000, 0x0000000100000000)
  region size 1024K, 4 young (4096K), 4 survivors (4096K)
 Metaspace       used 84936K, committed 85824K, reserved 503808K
  class space    used 11808K, committed 12224K, reserved 421888K
}
Event: 178.607 GC heap before
{Heap before GC invocations=42 (full 0):
 garbage-first heap   total 199680K, used 143870K [0x0000000080000000, 0x0000000100000000)
  region size 1024K, 31 young (31744K), 4 survivors (4096K)
 Metaspace       used 85569K, committed 86464K, reserved 503808K
  class space    used 11875K, committed 12288K, reserved 421888K
}
Event: 178.612 GC heap after
{Heap after GC invocations=43 (full 0):
 garbage-first heap   total 199680K, used 122202K [0x0000000080000000, 0x0000000100000000)
  region size 1024K, 4 young (4096K), 4 survivors (4096K)
 Metaspace       used 85569K, committed 86464K, reserved 503808K
  class space    used 11875K, committed 12288K, reserved 421888K
}
Event: 179.305 GC heap before
{Heap before GC invocations=43 (full 0):
 garbage-first heap   total 199680K, used 126298K [0x0000000080000000, 0x0000000100000000)
  region size 1024K, 9 young (9216K), 4 survivors (4096K)
 Metaspace       used 85575K, committed 86464K, reserved 503808K
  class space    used 11875K, committed 12288K, reserved 421888K
}
Event: 179.310 GC heap after
{Heap after GC invocations=44 (full 0):
 garbage-first heap   total 199680K, used 122088K [0x0000000080000000, 0x0000000100000000)
  region size 1024K, 2 young (2048K), 2 survivors (2048K)
 Metaspace       used 85575K, committed 86464K, reserved 503808K
  class space    used 11875K, committed 12288K, reserved 421888K
}
Event: 180.236 GC heap before
{Heap before GC invocations=44 (full 0):
 garbage-first heap   total 199680K, used 159976K [0x0000000080000000, 0x0000000100000000)
  region size 1024K, 37 young (37888K), 2 survivors (2048K)
 Metaspace       used 86728K, committed 87680K, reserved 503808K
  class space    used 12065K, committed 12480K, reserved 421888K
}
Event: 180.239 GC heap after
{Heap after GC invocations=45 (full 0):
 garbage-first heap   total 199680K, used 130616K [0x0000000080000000, 0x0000000100000000)
  region size 1024K, 5 young (5120K), 5 survivors (5120K)
 Metaspace       used 86728K, committed 87680K, reserved 503808K
  class space    used 12065K, committed 12480K, reserved 421888K
}
Event: 182.466 GC heap before
{Heap before GC invocations=45 (full 0):
 garbage-first heap   total 199680K, used 161336K [0x0000000080000000, 0x0000000100000000)
  region size 1024K, 35 young (35840K), 5 survivors (5120K)
 Metaspace       used 89344K, committed 90368K, reserved 503808K
  class space    used 12361K, committed 12800K, reserved 421888K
}
Event: 182.471 GC heap after
{Heap after GC invocations=46 (full 0):
 garbage-first heap   total 199680K, used 132655K [0x0000000080000000, 0x0000000100000000)
  region size 1024K, 2 young (2048K), 2 survivors (2048K)
 Metaspace       used 89344K, committed 90368K, reserved 503808K
  class space    used 12361K, committed 12800K, reserved 421888K
}
Event: 182.818 GC heap before
{Heap before GC invocations=46 (full 0):
 garbage-first heap   total 199680K, used 163375K [0x0000000080000000, 0x0000000100000000)
  region size 1024K, 32 young (32768K), 2 survivors (2048K)
 Metaspace       used 90948K, committed 91968K, reserved 503808K
  class space    used 12605K, committed 13056K, reserved 421888K
}
Event: 182.821 GC heap after
{Heap after GC invocations=47 (full 0):
 garbage-first heap   total 199680K, used 133956K [0x0000000080000000, 0x0000000100000000)
  region size 1024K, 3 young (3072K), 3 survivors (3072K)
 Metaspace       used 90948K, committed 91968K, reserved 503808K
  class space    used 12605K, committed 13056K, reserved 421888K
}

Deoptimization events (20 events):
Event: 182.575 Thread 0x00000291f1363770 DEOPT PACKING pc=0x00000291e0a5b6dc sp=0x000000a76b7f5cd0
Event: 182.575 Thread 0x00000291f1363770 DEOPT UNPACKING pc=0x00000291d89323a3 sp=0x000000a76b7f5ca8 mode 2
Event: 182.707 Thread 0x00000291f1363770 DEOPT PACKING pc=0x00000291da472115 sp=0x000000a76b7f5d50
Event: 182.707 Thread 0x00000291f1363770 DEOPT UNPACKING pc=0x00000291d8932b43 sp=0x000000a76b7f52f0 mode 0
Event: 182.724 Thread 0x00000291f1363770 DEOPT PACKING pc=0x00000291da472115 sp=0x000000a76b7f5d50
Event: 182.724 Thread 0x00000291f1363770 DEOPT UNPACKING pc=0x00000291d8932b43 sp=0x000000a76b7f52f0 mode 0
Event: 182.817 Thread 0x00000291f1363770 DEOPT PACKING pc=0x00000291da472044 sp=0x000000a76b7f5d50
Event: 182.817 Thread 0x00000291f1363770 DEOPT UNPACKING pc=0x00000291d8932b43 sp=0x000000a76b7f52f0 mode 0
Event: 182.867 Thread 0x00000291f1363770 Uncommon trap: trap_request=0xffffffbe fr.pc=0x00000291e0a7894c relative=0x00000000000009ac
Event: 182.867 Thread 0x00000291f1363770 Uncommon trap: reason=profile_predicate action=maybe_recompile pc=0x00000291e0a7894c method=java.util.regex.Pattern$BnM.optimize(Ljava/util/regex/Pattern$Node;)Ljava/util/regex/Pattern$Node; @ 67 c2
Event: 182.867 Thread 0x00000291f1363770 DEOPT PACKING pc=0x00000291e0a7894c sp=0x000000a76b7f5b70
Event: 182.867 Thread 0x00000291f1363770 DEOPT UNPACKING pc=0x00000291d89323a3 sp=0x000000a76b7f5ad0 mode 2
Event: 182.867 Thread 0x00000291f1363770 Uncommon trap: trap_request=0xffffffbe fr.pc=0x00000291e0a7894c relative=0x00000000000009ac
Event: 182.867 Thread 0x00000291f1363770 Uncommon trap: reason=profile_predicate action=maybe_recompile pc=0x00000291e0a7894c method=java.util.regex.Pattern$BnM.optimize(Ljava/util/regex/Pattern$Node;)Ljava/util/regex/Pattern$Node; @ 67 c2
Event: 182.867 Thread 0x00000291f1363770 DEOPT PACKING pc=0x00000291e0a7894c sp=0x000000a76b7f5b70
Event: 182.867 Thread 0x00000291f1363770 DEOPT UNPACKING pc=0x00000291d89323a3 sp=0x000000a76b7f5ad0 mode 2
Event: 182.870 Thread 0x00000291f1363770 DEOPT PACKING pc=0x00000291da472115 sp=0x000000a76b7f5d90
Event: 182.870 Thread 0x00000291f1363770 DEOPT UNPACKING pc=0x00000291d8932b43 sp=0x000000a76b7f5330 mode 0
Event: 182.890 Thread 0x00000291f1363770 DEOPT PACKING pc=0x00000291da472115 sp=0x000000a76b7f5d90
Event: 182.890 Thread 0x00000291f1363770 DEOPT UNPACKING pc=0x00000291d8932b43 sp=0x000000a76b7f5330 mode 0

Classes unloaded (0 events):
No events

Classes redefined (0 events):
No events

Internal exceptions (20 events):
Event: 180.087 Thread 0x00000291f1363770 Exception <a 'java/lang/ClassNotFoundException'{0x000000008a337f00}: org/gradle/api/tasks/DeleteCustomizer> (0x000000008a337f00) 
thrown [s\open\src\hotspot\share\classfile\systemDictionary.cpp, line 256]
Event: 180.088 Thread 0x00000291f1363770 Exception <a 'java/lang/ClassNotFoundException'{0x000000008a361b90}: org/gradle/api/tasks/Delete_DecoratedCustomizer> (0x000000008a361b90) 
thrown [s\open\src\hotspot\share\classfile\systemDictionary.cpp, line 256]
Event: 180.142 Thread 0x00000291f1363770 Exception <a 'java/lang/ClassNotFoundException'{0x000000008a1dd408}: org/gradle/api/tasks/compile/JavaCompile_DecoratedBeanInfo> (0x000000008a1dd408) 
thrown [s\open\src\hotspot\share\classfile\systemDictionary.cpp, line 256]
Event: 180.143 Thread 0x00000291f1363770 Exception <a 'java/lang/ClassNotFoundException'{0x000000008a1edd70}: org/gradle/api/tasks/compile/JavaCompileBeanInfo> (0x000000008a1edd70) 
thrown [s\open\src\hotspot\share\classfile\systemDictionary.cpp, line 256]
Event: 180.143 Thread 0x00000291f1363770 Exception <a 'java/lang/ClassNotFoundException'{0x000000008a1fe510}: org/gradle/api/tasks/compile/AbstractCompileBeanInfo> (0x000000008a1fe510) 
thrown [s\open\src\hotspot\share\classfile\systemDictionary.cpp, line 256]
Event: 180.144 Thread 0x00000291f1363770 Exception <a 'java/lang/ClassNotFoundException'{0x000000008a00c590}: org/gradle/api/tasks/SourceTaskBeanInfo> (0x000000008a00c590) 
thrown [s\open\src\hotspot\share\classfile\systemDictionary.cpp, line 256]
Event: 180.144 Thread 0x00000291f1363770 Exception <a 'java/lang/ClassNotFoundException'{0x000000008a01a108}: org/gradle/api/tasks/SourceTaskCustomizer> (0x000000008a01a108) 
thrown [s\open\src\hotspot\share\classfile\systemDictionary.cpp, line 256]
Event: 180.145 Thread 0x00000291f1363770 Exception <a 'java/lang/ClassNotFoundException'{0x000000008a04e5d8}: org/gradle/api/tasks/compile/AbstractCompileCustomizer> (0x000000008a04e5d8) 
thrown [s\open\src\hotspot\share\classfile\systemDictionary.cpp, line 256]
Event: 180.146 Thread 0x00000291f1363770 Exception <a 'java/lang/ClassNotFoundException'{0x000000008a077630}: org/gradle/api/tasks/compile/JavaCompileCustomizer> (0x000000008a077630) 
thrown [s\open\src\hotspot\share\classfile\systemDictionary.cpp, line 256]
Event: 180.147 Thread 0x00000291f1363770 Exception <a 'java/lang/ClassNotFoundException'{0x000000008a0a0e60}: org/gradle/api/tasks/compile/JavaCompile_DecoratedCustomizer> (0x000000008a0a0e60) 
thrown [s\open\src\hotspot\share\classfile\systemDictionary.cpp, line 256]
Event: 180.223 Thread 0x00000291f1363770 Exception <a 'sun/nio/fs/WindowsException'{0x0000000089ebf600}> (0x0000000089ebf600) 
thrown [s\open\src\hotspot\share\prims\jni.cpp, line 516]
Event: 180.439 Thread 0x00000291f1363770 Exception <a 'sun/nio/fs/WindowsException'{0x000000008fa1ed48}> (0x000000008fa1ed48) 
thrown [s\open\src\hotspot\share\prims\jni.cpp, line 516]
Event: 180.849 Thread 0x00000291f1363770 Exception <a 'sun/nio/fs/WindowsException'{0x000000008ba26e00}> (0x000000008ba26e00) 
thrown [s\open\src\hotspot\share\prims\jni.cpp, line 516]
Event: 181.070 Thread 0x00000291f1363770 Exception <a 'sun/nio/fs/WindowsException'{0x000000008b5ce428}> (0x000000008b5ce428) 
thrown [s\open\src\hotspot\share\prims\jni.cpp, line 516]
Event: 181.533 Thread 0x00000291f1363770 Exception <a 'java/lang/NoSuchMethodError'{0x000000008b1c7c08}: 'java.lang.Object java.lang.invoke.DirectMethodHandle$Holder.invokeSpecial(java.lang.Object, java.lang.Object, java.lang.Object, java.lang.Object, long)'> (0x000000008b1c7c08) 
thrown [s\open\src\hotspot\share\interpreter\linkResolver.cpp, line 759]
Event: 181.533 Thread 0x00000291f1363770 Exception <a 'java/lang/NoSuchMethodError'{0x000000008b1cc4d8}: 'java.lang.Object java.lang.invoke.Invokers$Holder.linkToTargetMethod(java.lang.Object, java.lang.Object, long, java.lang.Object)'> (0x000000008b1cc4d8) 
thrown [s\open\src\hotspot\share\interpreter\linkResolver.cpp, line 759]
Event: 181.618 Thread 0x00000291f1363770 Exception <a 'sun/nio/fs/WindowsException'{0x000000008b1fe1f0}> (0x000000008b1fe1f0) 
thrown [s\open\src\hotspot\share\prims\jni.cpp, line 516]
Event: 182.248 Thread 0x00000291f1363770 Exception <a 'sun/nio/fs/WindowsException'{0x000000008aec59c0}> (0x000000008aec59c0) 
thrown [s\open\src\hotspot\share\prims\jni.cpp, line 516]
Event: 182.422 Thread 0x00000291f1363770 Exception <a 'java/lang/NoClassDefFoundError'{0x000000008a9eb640}: org/jetbrains/kotlin/gradle/plugin/KotlinBasePluginWrapper> (0x000000008a9eb640) 
thrown [s\open\src\hotspot\share\oops\constantPool.cpp, line 835]
Event: 182.575 Thread 0x00000291f1363770 Implicit null exception at 0x00000291e0a5acd6 to 0x00000291e0a5b6cc

VM Operations (20 events):
Event: 177.885 Executing VM operation: Cleanup
Event: 177.901 Executing VM operation: Cleanup done
Event: 178.579 Executing VM operation: G1CollectForAllocation
Event: 178.613 Executing VM operation: G1CollectForAllocation done
Event: 179.304 Executing VM operation: G1CollectForAllocation
Event: 179.310 Executing VM operation: G1CollectForAllocation done
Event: 179.844 Executing VM operation: HandshakeAllThreads
Event: 179.844 Executing VM operation: HandshakeAllThreads done
Event: 180.236 Executing VM operation: G1CollectForAllocation
Event: 180.239 Executing VM operation: G1CollectForAllocation done
Event: 180.444 Executing VM operation: HandshakeAllThreads
Event: 180.444 Executing VM operation: HandshakeAllThreads done
Event: 181.452 Executing VM operation: Cleanup
Event: 181.452 Executing VM operation: Cleanup done
Event: 182.455 Executing VM operation: Cleanup
Event: 182.455 Executing VM operation: Cleanup done
Event: 182.466 Executing VM operation: G1CollectForAllocation
Event: 182.471 Executing VM operation: G1CollectForAllocation done
Event: 182.818 Executing VM operation: G1CollectForAllocation
Event: 182.821 Executing VM operation: G1CollectForAllocation done

Events (20 events):
Event: 180.132 loading class java/io/Bits
Event: 180.132 loading class java/io/Bits done
Event: 180.216 loading class java/net/Proxy
Event: 180.216 loading class java/net/Proxy done
Event: 180.216 loading class java/net/Proxy$Type
Event: 180.216 loading class java/net/Proxy$Type done
Event: 180.317 loading class java/nio/charset/UnsupportedCharsetException
Event: 180.317 loading class java/nio/charset/UnsupportedCharsetException done
Event: 180.398 loading class jdk/internal/reflect/UnsafeIntegerFieldAccessorImpl
Event: 180.398 loading class jdk/internal/reflect/UnsafeIntegerFieldAccessorImpl done
Event: 180.398 loading class jdk/internal/reflect/UnsafeByteFieldAccessorImpl
Event: 180.398 loading class jdk/internal/reflect/UnsafeByteFieldAccessorImpl done
Event: 180.411 loading class jdk/internal/reflect/UnsafeQualifiedIntegerFieldAccessorImpl
Event: 180.411 loading class jdk/internal/reflect/UnsafeQualifiedIntegerFieldAccessorImpl done
Event: 180.447 loading class jdk/internal/reflect/UnsafeQualifiedBooleanFieldAccessorImpl
Event: 180.447 loading class jdk/internal/reflect/UnsafeQualifiedBooleanFieldAccessorImpl done
Event: 180.783 Thread 0x00000291f878f840 Thread exited: 0x00000291f878f840
Event: 181.152 Thread 0x00000291f8792ae0 Thread added: 0x00000291f8792ae0
Event: 181.423 Thread 0x00000291f8792ae0 Thread exited: 0x00000291f8792ae0
Event: 182.519 Thread 0x00000291f878f330 Thread added: 0x00000291f878f330


Dynamic libraries:
0x00007ff759fb0000 - 0x00007ff759fc0000 	C:\Program Files\Java\jdk-17.0.5\bin\java.exe
0x00007fff360f0000 - 0x00007fff362e8000 	C:\WINDOWS\SYSTEM32\ntdll.dll
0x00007fff34490000 - 0x00007fff3454d000 	C:\WINDOWS\System32\KERNEL32.DLL
0x00007fff339f0000 - 0x00007fff33ce6000 	C:\WINDOWS\System32\KERNELBASE.dll
0x00007fff33cf0000 - 0x00007fff33df0000 	C:\WINDOWS\System32\ucrtbase.dll
0x00007fff08e80000 - 0x00007fff08e9a000 	C:\Program Files\Java\jdk-17.0.5\bin\VCRUNTIME140.dll
0x00007fff0c580000 - 0x00007fff0c598000 	C:\Program Files\Java\jdk-17.0.5\bin\jli.dll
0x00007fff34550000 - 0x00007fff345ff000 	C:\WINDOWS\System32\ADVAPI32.dll
0x00007fff35730000 - 0x00007fff357ce000 	C:\WINDOWS\System32\msvcrt.dll
0x00007fff34610000 - 0x00007fff346ac000 	C:\WINDOWS\System32\sechost.dll
0x00007fff35520000 - 0x00007fff35646000 	C:\WINDOWS\System32\RPCRT4.dll
0x00007fff34b50000 - 0x00007fff34cee000 	C:\WINDOWS\System32\USER32.dll
0x00007fff33f50000 - 0x00007fff33f72000 	C:\WINDOWS\System32\win32u.dll
0x00007fff34920000 - 0x00007fff3494c000 	C:\WINDOWS\System32\GDI32.dll
0x00007fff338d0000 - 0x00007fff339ea000 	C:\WINDOWS\System32\gdi32full.dll
0x00007fff34000000 - 0x00007fff3409d000 	C:\WINDOWS\System32\msvcp_win.dll
0x00007fff1e010000 - 0x00007fff1e2aa000 	C:\WINDOWS\WinSxS\amd64_microsoft.windows.common-controls_6595b64144ccf1df_6.0.19041.3636_none_60b6a03d71f818d5\COMCTL32.dll
0x00007fff2cc90000 - 0x00007fff2cc9a000 	C:\WINDOWS\SYSTEM32\VERSION.dll
0x00007fff354f0000 - 0x00007fff35520000 	C:\WINDOWS\System32\IMM32.DLL
0x00007fff0e7c0000 - 0x00007fff0e7cc000 	C:\Program Files\Java\jdk-17.0.5\bin\vcruntime140_1.dll
0x00007ffefd820000 - 0x00007ffefd8ad000 	C:\Program Files\Java\jdk-17.0.5\bin\msvcp140.dll
0x00007ffede3e0000 - 0x00007ffedefa2000 	C:\Program Files\Java\jdk-17.0.5\bin\server\jvm.dll
0x00007fff34600000 - 0x00007fff34608000 	C:\WINDOWS\System32\PSAPI.DLL
0x00007fff26470000 - 0x00007fff26479000 	C:\WINDOWS\SYSTEM32\WSOCK32.dll
0x00007fff227d0000 - 0x00007fff227f7000 	C:\WINDOWS\SYSTEM32\WINMM.dll
0x00007fff357e0000 - 0x00007fff3584b000 	C:\WINDOWS\System32\WS2_32.dll
0x00007fff315b0000 - 0x00007fff315c2000 	C:\WINDOWS\SYSTEM32\kernel.appcore.dll
0x00007fff0e790000 - 0x00007fff0e79a000 	C:\Program Files\Java\jdk-17.0.5\bin\jimage.dll
0x00007fff1fdf0000 - 0x00007fff1ffd4000 	C:\WINDOWS\SYSTEM32\DBGHELP.DLL
0x00007fff26520000 - 0x00007fff26554000 	C:\WINDOWS\SYSTEM32\dbgcore.DLL
0x00007fff33840000 - 0x00007fff338c2000 	C:\WINDOWS\System32\bcryptPrimitives.dll
0x00007ffeff110000 - 0x00007ffeff135000 	C:\Program Files\Java\jdk-17.0.5\bin\java.dll
0x00007ffef3e90000 - 0x00007ffef3f66000 	C:\Program Files\Java\jdk-17.0.5\bin\jsvml.dll
0x00007fff34cf0000 - 0x00007fff35434000 	C:\WINDOWS\System32\SHELL32.dll
0x00007fff31890000 - 0x00007fff3202b000 	C:\WINDOWS\SYSTEM32\windows.storage.dll
0x00007fff35850000 - 0x00007fff35ba4000 	C:\WINDOWS\System32\combase.dll
0x00007fff33210000 - 0x00007fff3323d000 	C:\WINDOWS\SYSTEM32\Wldp.dll
0x00007fff35440000 - 0x00007fff354ed000 	C:\WINDOWS\System32\SHCORE.dll
0x00007fff34360000 - 0x00007fff343b5000 	C:\WINDOWS\System32\shlwapi.dll
0x00007fff33700000 - 0x00007fff33725000 	C:\WINDOWS\SYSTEM32\profapi.dll
0x00007fff08e10000 - 0x00007fff08e29000 	C:\Program Files\Java\jdk-17.0.5\bin\net.dll
0x00007fff2cd00000 - 0x00007fff2ce0a000 	C:\WINDOWS\SYSTEM32\WINHTTP.dll
0x00007fff32f00000 - 0x00007fff32f6a000 	C:\WINDOWS\system32\mswsock.dll
0x00007fff08cf0000 - 0x00007fff08d06000 	C:\Program Files\Java\jdk-17.0.5\bin\nio.dll
0x00007fff08c90000 - 0x00007fff08ca8000 	C:\Program Files\Java\jdk-17.0.5\bin\zip.dll
0x00007fff0cb70000 - 0x00007fff0cb80000 	C:\Program Files\Java\jdk-17.0.5\bin\verify.dll
0x00007fff12630000 - 0x00007fff12657000 	C:\Users\user\.gradle\native\68d5fa5c4cc2d200863cafc0d521ce42e7d3e7ee720ec0a83991735586a16f82\windows-amd64\native-platform.dll
0x00007ffef84d0000 - 0x00007ffef8614000 	C:\Users\user\.gradle\native\e376f236ea51e6404a007f0833ffe2c6e607c4080706a723a18a27aeea778392\windows-amd64\native-platform-file-events.dll
0x00007fff23ac0000 - 0x00007fff23ac9000 	C:\Program Files\Java\jdk-17.0.5\bin\management.dll
0x00007fff24d40000 - 0x00007fff24d4b000 	C:\Program Files\Java\jdk-17.0.5\bin\management_ext.dll
0x00007fff33110000 - 0x00007fff33128000 	C:\WINDOWS\SYSTEM32\CRYPTSP.dll
0x00007fff327d0000 - 0x00007fff32804000 	C:\WINDOWS\system32\rsaenh.dll
0x00007fff33fd0000 - 0x00007fff33ff7000 	C:\WINDOWS\System32\bcrypt.dll
0x00007fff33680000 - 0x00007fff336ae000 	C:\WINDOWS\SYSTEM32\USERENV.dll
0x00007fff33130000 - 0x00007fff3313c000 	C:\WINDOWS\SYSTEM32\CRYPTBASE.dll
0x00007fff32b90000 - 0x00007fff32bcb000 	C:\WINDOWS\SYSTEM32\IPHLPAPI.DLL
0x00007fff357d0000 - 0x00007fff357d8000 	C:\WINDOWS\System32\NSI.dll
0x00007fff2d2b0000 - 0x00007fff2d2c7000 	C:\WINDOWS\SYSTEM32\dhcpcsvc6.DLL
0x00007fff2d980000 - 0x00007fff2d99d000 	C:\WINDOWS\SYSTEM32\dhcpcsvc.DLL
0x00007fff32bd0000 - 0x00007fff32c9a000 	C:\WINDOWS\SYSTEM32\DNSAPI.dll
0x00007fff233e0000 - 0x00007fff233ee000 	C:\Program Files\Java\jdk-17.0.5\bin\sunmscapi.dll
0x00007fff33df0000 - 0x00007fff33f4d000 	C:\WINDOWS\System32\CRYPT32.dll
0x00007fff33280000 - 0x00007fff332a7000 	C:\WINDOWS\SYSTEM32\ncrypt.dll
0x00007fff33240000 - 0x00007fff3327b000 	C:\WINDOWS\SYSTEM32\NTASN1.dll
0x00007fff10770000 - 0x00007fff10777000 	C:\WINDOWS\system32\wshunix.dll

dbghelp: loaded successfully - version: 4.0.5 - missing functions: none
symbol engine: initialized successfully - sym options: 0x614 - pdb path: .;C:\Program Files\Java\jdk-17.0.5\bin;C:\WINDOWS\SYSTEM32;C:\WINDOWS\WinSxS\amd64_microsoft.windows.common-controls_6595b64144ccf1df_6.0.19041.3636_none_60b6a03d71f818d5;C:\Program Files\Java\jdk-17.0.5\bin\server;C:\Users\user\.gradle\native\68d5fa5c4cc2d200863cafc0d521ce42e7d3e7ee720ec0a83991735586a16f82\windows-amd64;C:\Users\user\.gradle\native\e376f236ea51e6404a007f0833ffe2c6e607c4080706a723a18a27aeea778392\windows-amd64

VM Arguments:
jvm_args: -XX:MaxMetaspaceSize=512m --add-opens=java.base/java.util=ALL-UNNAMED --add-opens=java.base/java.lang=ALL-UNNAMED --add-opens=java.base/java.lang.invoke=ALL-UNNAMED --add-opens=java.prefs/java.util.prefs=ALL-UNNAMED --add-opens=java.base/java.nio.charset=ALL-UNNAMED --add-opens=java.base/java.net=ALL-UNNAMED --add-opens=java.base/java.util.concurrent.atomic=ALL-UNNAMED -Xmx2048m -Dfile.encoding=x-windows-949 -Duser.country=KR -Duser.language=ko -Duser.variant 
java_command: org.gradle.launcher.daemon.bootstrap.GradleDaemon 8.0.1
java_class_path (initial): C:\Users\user\.gradle\wrapper\dists\gradle-8.0.1-all\aro4hu1c3oeioove7l0i4i14o\gradle-8.0.1\lib\gradle-launcher-8.0.1.jar
Launcher Type: SUN_STANDARD

[Global flags]
     intx CICompilerCount                          = 3                                         {product} {ergonomic}
   size_t CompressedClassSpaceSize                 = 432013312                                 {product} {ergonomic}
     uint ConcGCThreads                            = 2                                         {product} {ergonomic}
     uint G1ConcRefinementThreads                  = 6                                         {product} {ergonomic}
   size_t G1HeapRegionSize                         = 1048576                                   {product} {ergonomic}
    uintx GCDrainStackTargetSize                   = 64                                        {product} {ergonomic}
   size_t InitialHeapSize                          = 268435456                                 {product} {ergonomic}
   size_t MarkStackSize                            = 4194304                                   {product} {ergonomic}
   size_t MaxHeapSize                              = 2147483648                                {product} {command line}
   size_t MaxMetaspaceSize                         = 536870912                                 {product} {command line}
   size_t MaxNewSize                               = 1287651328                                {product} {ergonomic}
   size_t MinHeapDeltaBytes                        = 1048576                                   {product} {ergonomic}
   size_t MinHeapSize                              = 8388608                                   {product} {ergonomic}
    uintx NonNMethodCodeHeapSize                   = 5832780                                {pd product} {ergonomic}
    uintx NonProfiledCodeHeapSize                  = 122912730                              {pd product} {ergonomic}
    uintx ProfiledCodeHeapSize                     = 122912730                              {pd product} {ergonomic}
    uintx ReservedCodeCacheSize                    = 251658240                              {pd product} {ergonomic}
     bool SegmentedCodeCache                       = true                                      {product} {ergonomic}
   size_t SoftMaxHeapSize                          = 2147483648                             {manageable} {ergonomic}
     bool UseCompressedClassPointers               = true                           {product lp64_product} {ergonomic}
     bool UseCompressedOops                        = true                           {product lp64_product} {ergonomic}
     bool UseG1GC                                  = true                                      {product} {ergonomic}
     bool UseLargePagesIndividualAllocation        = false                                  {pd product} {ergonomic}

Logging:
Log output configuration:
 #0: stdout all=warning uptime,level,tags
 #1: stderr all=off uptime,level,tags

Environment Variables:
JAVA_HOME=C:\Program Files\Java\jdk-17.0.5
CLASSPATH=C:\Users\user\Desktop\bragicode\FE\bra\InjeBragi_FrontEnd\bragi\android\\gradle\wrapper\gradle-wrapper.jar
PATH=C:\Users\user\Desktop\bragicode\FE\bra\InjeBragi_FrontEnd\bragi\node_modules\.bin;C:\Users\user\Desktop\bragicode\FE\bra\InjeBragi_FrontEnd\bragi\node_modules\.bin;C:\Users\user\Desktop\bragicode\FE\bra\InjeBragi_FrontEnd\node_modules\.bin;C:\Users\user\Desktop\bragicode\FE\bra\node_modules\.bin;C:\Users\user\Desktop\bragicode\FE\node_modules\.bin;C:\Users\user\Desktop\bragicode\node_modules\.bin;C:\Users\user\Desktop\node_modules\.bin;C:\Users\user\node_modules\.bin;C:\Users\node_modules\.bin;C:\node_modules\.bin;C:\Users\user\AppData\Roaming\npm\node_modules\npm\node_modules\@npmcli\run-script\lib\node-gyp-bin;C:\Users\user\Desktop\bragicode\FE\bra\InjeBragi_FrontEnd\bragi\node_modules\.bin;C:\Users\user\Desktop\bragicode\FE\bra\InjeBragi_FrontEnd\node_modules\.bin;C:\Users\user\Desktop\bragicode\FE\bra\node_modules\.bin;C:\Users\user\Desktop\bragicode\FE\node_modules\.bin;C:\Users\user\Desktop\bragicode\node_modules\.bin;C:\Users\user\Desktop\node_modules\.bin;C:\Users\user\node_modules\.bin;C:\Users\node_modules\.bin;C:\node_modules\.bin;C:\Users\user\AppData\Roaming\npm\node_modules\npm\node_modules\@npmcli\run-script\lib\node-gyp-bin;C:\Users\user\bin;C:\Program Files\Git\mingw64\bin;C:\Program Files\Git\usr\local\bin;C:\Program Files\Git\usr\bin;C:\Program Files\Git\usr\bin;C:\Program Files\Git\mingw64\bin;C:\Program Files\Git\usr\bin;C:\Users\user\bin;C:\Program Files\Common Files\Oracle\Java\javapath;C:\Program Files\MySQL\MySQL Server 8.0\bin;C:\Users\user\AppData\Local\Android\Sdk\platform-tools;C:\Program Files (x86)\Intel\Intel(R) Management Engine Components\iCLS;C:\Program Files\Intel\Intel(R) Management Engine Components\iCLS;C:\WINDOWS\system32;C:\WINDOWS;C:\WINDOWS\System32\Wbem;C:\WINDOWS\System32\WindowsPowerShell\v1.0;C:\Program Files (x86)\Intel\Intel(R) Management Engine Components\DAL;C:\Program Files\Intel\Intel(R) Management Engine Components\DAL;C:\Program Files (x86)\Intel\Intel(R) Management Engine Components\IPT;C:\Program Files\Intel
USERNAME=user
SHELL=C:\Program Files\Git\usr\bin\bash.exe
DISPLAY=needs-to-be-defined
LANG=en_US.UTF-8
OS=Windows_NT
PROCESSOR_IDENTIFIER=Intel64 Family 6 Model 158 Stepping 10, GenuineIntel



---------------  S Y S T E M  ---------------

OS:
 Windows 10 , 64 bit Build 19041 (10.0.19041.3636)
OS uptime: 1 days 5:29 hours

CPU: total 6 (initial active 6) (6 cores per cpu, 1 threads per core) family 6 model 158 stepping 10 microcode 0xb4, cx8, cmov, fxsr, mmx, 3dnowpref, sse, sse2, sse3, ssse3, sse4.1, sse4.2, popcnt, lzcnt, tsc, tscinvbit, avx, avx2, aes, erms, clmul, bmi1, bmi2, rtm, adx, fma, vzeroupper, clflush, clflushopt

Memory: 4k page, system-wide physical 16335M (625M free)
TotalPageFile size 40216M (AvailPageFile size 1M)
current process WorkingSet (physical memory assigned to process): 468M, peak: 468M
current process commit charge ("private bytes"): 516M, peak: 516M

vm_info: Java HotSpot(TM) 64-Bit Server VM (17.0.5+9-LTS-191) for windows-amd64 JRE (17.0.5+9-LTS-191), built on Sep 13 2022 17:31:43 by "mach5one" with MS VC++ 16.8 / 16.9 (VS2019)

END.
