#
# There is insufficient memory for the Java Runtime Environment to continue.
# Native memory allocation (malloc) failed to allocate 32744 bytes for ChunkPool::allocate
# Possible reasons:
#   The system is out of physical RAM or swap space
#   The process is running with CompressedOops enabled, and the Java Heap may be blocking the growth of the native heap
# Possible solutions:
#   Reduce memory load on the system
#   Increase physical memory or swap space
#   Check if swap backing store is full
#   Decrease Java heap size (-Xmx/-Xms)
#   Decrease number of Java threads
#   Decrease Java thread stack sizes (-Xss)
#   Set larger code cache with -XX:ReservedCodeCacheSize=
#   JVM is running with Unscaled Compressed Oops mode in which the Java heap is
#     placed in the first 4GB address space. The Java Heap base address is the
#     maximum limit for the native heap growth. Please use -XX:HeapBaseMinAddress
#     to set the Java Heap base and to place the Java Heap above 4GB virtual address.
# This output file may be truncated or incomplete.
#
#  Out of Memory Error (arena.cpp:78), pid=26648, tid=32972
#
# JRE version: Java(TM) SE Runtime Environment (17.0.5+9) (build 17.0.5+9-LTS-191)
# Java VM: Java HotSpot(TM) 64-Bit Server VM (17.0.5+9-LTS-191, mixed mode, sharing, tiered, compressed oops, compressed class ptrs, g1 gc, windows-amd64)
# No core dump will be written. Minidumps are not enabled by default on client versions of Windows
#

---------------  S U M M A R Y ------------

Command Line: -XX:MaxMetaspaceSize=512m --add-opens=java.base/java.util=ALL-UNNAMED --add-opens=java.base/java.lang=ALL-UNNAMED --add-opens=java.base/java.lang.invoke=ALL-UNNAMED --add-opens=java.prefs/java.util.prefs=ALL-UNNAMED --add-opens=java.base/java.nio.charset=ALL-UNNAMED --add-opens=java.base/java.net=ALL-UNNAMED --add-opens=java.base/java.util.concurrent.atomic=ALL-UNNAMED -Xmx2048m -Dfile.encoding=x-windows-949 -Duser.country=KR -Duser.language=ko -Duser.variant org.gradle.launcher.daemon.bootstrap.GradleDaemon 8.0.1

Host: Intel(R) Core(TM) i5-8500 CPU @ 3.00GHz, 6 cores, 15G,  Windows 10 , 64 bit Build 19041 (10.0.19041.3636)
Time: Sun Dec 10 04:21:33 2023  Windows 10 , 64 bit Build 19041 (10.0.19041.3636) elapsed time: 223.043670 seconds (0d 0h 3m 43s)

---------------  T H R E A D  ---------------

Current thread (0x0000028f2591d2c0):  JavaThread "C2 CompilerThread0" daemon [_thread_in_native, id=32972, stack(0x000000f4c2d00000,0x000000f4c2e00000)]


Current CompileTask:
C2: 223043 12701       4       sun.security.provider.SHA2::implCompress0 (490 bytes)

Stack: [0x000000f4c2d00000,0x000000f4c2e00000]
Native frames: (J=compiled Java code, j=interpreted, Vv=VM code, C=native code)
V  [jvm.dll+0x672eea]
V  [jvm.dll+0x7d2a04]
V  [jvm.dll+0x7d41ae]
V  [jvm.dll+0x7d4813]
V  [jvm.dll+0x242c15]
V  [jvm.dll+0xaa7c0]
V  [jvm.dll+0xaab0c]
V  [jvm.dll+0x1a852a]
V  [jvm.dll+0x33bef4]
V  [jvm.dll+0x3447c2]
V  [jvm.dll+0x68085e]
V  [jvm.dll+0x1a4b0c]
V  [jvm.dll+0x1a56d6]
V  [jvm.dll+0x2a8b94]
V  [jvm.dll+0x68b395]
V  [jvm.dll+0x68334b]
V  [jvm.dll+0x682987]
V  [jvm.dll+0x680882]
V  [jvm.dll+0x1a4b0c]
V  [jvm.dll+0x2a8b94]
V  [jvm.dll+0x68b395]
V  [jvm.dll+0x68334b]
V  [jvm.dll+0x682987]
V  [jvm.dll+0x680882]
V  [jvm.dll+0x1a4b0c]
V  [jvm.dll+0x2a8b94]
V  [jvm.dll+0x68b395]
V  [jvm.dll+0x68334b]
V  [jvm.dll+0x682987]
V  [jvm.dll+0x680882]
V  [jvm.dll+0x1a4b0c]
V  [jvm.dll+0x214ca8]
V  [jvm.dll+0x1a18ed]
V  [jvm.dll+0x22493a]
V  [jvm.dll+0x222aa5]
V  [jvm.dll+0x7885db]
V  [jvm.dll+0x782b4a]
V  [jvm.dll+0x671d75]
C  [ucrtbase.dll+0x21bb2]
C  [KERNEL32.DLL+0x17344]
C  [ntdll.dll+0x526b1]


---------------  P R O C E S S  ---------------

Threads class SMR info:
_java_thread_list=0x0000028f2e65cac0, length=110, elements={
0x0000028f07b5f360, 0x0000028f258f8d30, 0x0000028f258f9ab0, 0x0000028f25917ac0,
0x0000028f2591b4a0, 0x0000028f2591bd60, 0x0000028f2591c620, 0x0000028f2591d2c0,
0x0000028f2591dc70, 0x0000028f25939c70, 0x0000028f2651adc0, 0x0000028f2651d2a0,
0x0000028f27a13020, 0x0000028f271bcba0, 0x0000028f26f3f950, 0x0000028f26da0be0,
0x0000028f27567310, 0x0000028f276d9080, 0x0000028f276d9550, 0x0000028f272ae080,
0x0000028f265dd3c0, 0x0000028f265dca20, 0x0000028f265ddd60, 0x0000028f2894c970,
0x0000028f289477a0, 0x0000028f28949e20, 0x0000028f28948610, 0x0000028f28948ae0,
0x0000028f28948fb0, 0x0000028f2894bb00, 0x0000028f28947c70, 0x0000028f2894b630,
0x0000028f2894a7c0, 0x0000028f28946e00, 0x0000028f28948140, 0x0000028f2894b160,
0x0000028f2894e180, 0x0000028f265dcef0, 0x0000028f288e5a00, 0x0000028f288e76e0,
0x0000028f288e6870, 0x0000028f288e8080, 0x0000028f288e7210, 0x0000028f288e7bb0,
0x0000028f288e8ef0, 0x0000028f288e5530, 0x0000028f288e8550, 0x0000028f28597a30,
0x0000028f28595880, 0x0000028f28594ee0, 0x0000028f28595d50, 0x0000028f28596220,
0x0000028f2859af20, 0x0000028f285966f0, 0x0000028f28596bc0, 0x0000028f28598d70,
0x0000028f28597f00, 0x0000028f28597090, 0x0000028f28594070, 0x0000028f285988a0,
0x0000028f28597560, 0x0000028f285983d0, 0x0000028f28599240, 0x0000028f2859a580,
0x0000028f28599710, 0x0000028f28594540, 0x0000028f28594a10, 0x0000028f285953b0,
0x0000028f28599be0, 0x0000028f27f49a20, 0x0000028f27f4c0a0, 0x0000028f27f4a3c0,
0x0000028f27f4f0c0, 0x0000028f27f4b230, 0x0000028f27f48210, 0x0000028f27f4f590,
0x0000028f27f4b700, 0x0000028f27f4bbd0, 0x0000028f27f4fa60, 0x0000028f27f4c570,
0x0000028f27f4ca40, 0x0000028f27f4cf10, 0x0000028f27f4d3e0, 0x0000028f27f4d8b0,
0x0000028f27f4dd80, 0x0000028f27f4e250, 0x0000028f27f4e720, 0x0000028f27f4ebf0,
0x0000028f27cf4940, 0x0000028f27cf1920, 0x0000028f27cf3130, 0x0000028f27cf5c80,
0x0000028f27cf3ad0, 0x0000028f27cf3600, 0x0000028f27cf1df0, 0x0000028f27ceedd0,
0x0000028f27cf22c0, 0x0000028f27cf6150, 0x0000028f27cf3fa0, 0x0000028f27cf05e0,
0x0000028f27cf0f80, 0x0000028f27cf1450, 0x0000028f27cf0ab0, 0x0000028f27cefc40,
0x0000028f27cf4e10, 0x0000028f27cf52e0, 0x0000028f27cf0110, 0x0000028f27cef2a0,
0x0000028f27cef770, 0x0000028f27cf57b0
}

Java Threads: ( => current thread )
  0x0000028f07b5f360 JavaThread "main" [_thread_blocked, id=25500, stack(0x000000f4c2000000,0x000000f4c2100000)]
  0x0000028f258f8d30 JavaThread "Reference Handler" daemon [_thread_blocked, id=28576, stack(0x000000f4c2700000,0x000000f4c2800000)]
  0x0000028f258f9ab0 JavaThread "Finalizer" daemon [_thread_blocked, id=30048, stack(0x000000f4c2800000,0x000000f4c2900000)]
  0x0000028f25917ac0 JavaThread "Signal Dispatcher" daemon [_thread_blocked, id=33320, stack(0x000000f4c2900000,0x000000f4c2a00000)]
  0x0000028f2591b4a0 JavaThread "Attach Listener" daemon [_thread_blocked, id=20884, stack(0x000000f4c2a00000,0x000000f4c2b00000)]
  0x0000028f2591bd60 JavaThread "Service Thread" daemon [_thread_blocked, id=30432, stack(0x000000f4c2b00000,0x000000f4c2c00000)]
  0x0000028f2591c620 JavaThread "Monitor Deflation Thread" daemon [_thread_blocked, id=30396, stack(0x000000f4c2c00000,0x000000f4c2d00000)]
=>0x0000028f2591d2c0 JavaThread "C2 CompilerThread0" daemon [_thread_in_native, id=32972, stack(0x000000f4c2d00000,0x000000f4c2e00000)]
  0x0000028f2591dc70 JavaThread "C1 CompilerThread0" daemon [_thread_blocked, id=33012, stack(0x000000f4c2e00000,0x000000f4c2f00000)]
  0x0000028f25939c70 JavaThread "Sweeper thread" daemon [_thread_blocked, id=33016, stack(0x000000f4c2f00000,0x000000f4c3000000)]
  0x0000028f2651adc0 JavaThread "Common-Cleaner" daemon [_thread_blocked, id=31144, stack(0x000000f4c3000000,0x000000f4c3100000)]
  0x0000028f2651d2a0 JavaThread "Notification Thread" daemon [_thread_blocked, id=32948, stack(0x000000f4c3100000,0x000000f4c3200000)]
  0x0000028f27a13020 JavaThread "Daemon health stats" [_thread_in_vm, id=31360, stack(0x000000f4c3800000,0x000000f4c3900000)]
  0x0000028f271bcba0 JavaThread "Incoming local TCP Connector on port 6646" [_thread_in_native, id=33672, stack(0x000000f4c3900000,0x000000f4c3a00000)]
  0x0000028f26f3f950 JavaThread "Daemon periodic checks" [_thread_blocked, id=30588, stack(0x000000f4c3a00000,0x000000f4c3b00000)]
  0x0000028f26da0be0 JavaThread "Daemon" [_thread_blocked, id=30204, stack(0x000000f4c3b00000,0x000000f4c3c00000)]
  0x0000028f27567310 JavaThread "Handler for socket connection from /127.0.0.1:6646 to /127.0.0.1:6647" [_thread_in_native, id=31716, stack(0x000000f4c3c00000,0x000000f4c3d00000)]
  0x0000028f276d9080 JavaThread "Cancel handler" [_thread_blocked, id=25880, stack(0x000000f4c3d00000,0x000000f4c3e00000)]
  0x0000028f276d9550 JavaThread "Daemon worker" [_thread_in_native, id=24088, stack(0x000000f4c3e00000,0x000000f4c3f00000)]
  0x0000028f272ae080 JavaThread "Asynchronous log dispatcher for DefaultDaemonConnection: socket connection from /127.0.0.1:6646 to /127.0.0.1:6647" [_thread_blocked, id=26316, stack(0x000000f4c3f00000,0x000000f4c4000000)]
  0x0000028f265dd3c0 JavaThread "Daemon client event forwarder" [_thread_blocked, id=31660, stack(0x000000f4c4100000,0x000000f4c4200000)]
  0x0000028f265dca20 JavaThread "Cache worker for journal cache (C:\Users\user\.gradle\caches\journal-1)" [_thread_blocked, id=33264, stack(0x000000f4c4200000,0x000000f4c4300000)]
  0x0000028f265ddd60 JavaThread "File lock request listener" [_thread_in_native, id=28652, stack(0x000000f4c4300000,0x000000f4c4400000)]
  0x0000028f2894c970 JavaThread "Cache worker for file hash cache (C:\Users\user\.gradle\caches\8.0.1\fileHashes)" [_thread_blocked, id=29992, stack(0x000000f4c4400000,0x000000f4c4500000)]
  0x0000028f289477a0 JavaThread "File watcher server" daemon [_thread_in_native, id=30964, stack(0x000000f4c4500000,0x000000f4c4600000)]
  0x0000028f28949e20 JavaThread "File watcher consumer" daemon [_thread_blocked, id=30980, stack(0x000000f4c4600000,0x000000f4c4700000)]
  0x0000028f28948610 JavaThread "Cache worker for checksums cache (C:\Users\user\Desktop\bragicode\FE\bra\InjeBragi_FrontEnd\bragi\android\.gradle\8.0.1\checksums)" [_thread_blocked, id=30636, stack(0x000000f4c4700000,0x000000f4c4800000)]
  0x0000028f28948ae0 JavaThread "Cache worker for cache directory md-rule (C:\Users\user\.gradle\caches\8.0.1\md-rule)" [_thread_blocked, id=31800, stack(0x000000f4c4800000,0x000000f4c4900000)]
  0x0000028f28948fb0 JavaThread "Cache worker for file content cache (C:\Users\user\.gradle\caches\8.0.1\fileContent)" [_thread_blocked, id=33520, stack(0x000000f4c4900000,0x000000f4c4a00000)]
  0x0000028f2894bb00 JavaThread "Cache worker for file hash cache (C:\Users\user\Desktop\bragicode\FE\bra\InjeBragi_FrontEnd\bragi\android\.gradle\8.0.1\fileHashes)" [_thread_blocked, id=13500, stack(0x000000f4c4a00000,0x000000f4c4b00000)]
  0x0000028f28947c70 JavaThread "Cache worker for cache directory md-supplier (C:\Users\user\.gradle\caches\8.0.1\md-supplier)" [_thread_blocked, id=13720, stack(0x000000f4c4b00000,0x000000f4c4c00000)]
  0x0000028f2894b630 JavaThread "Cache worker for execution history cache (C:\Users\user\.gradle\caches\8.0.1\executionHistory)" [_thread_blocked, id=14620, stack(0x000000f4c4d00000,0x000000f4c4e00000)]
  0x0000028f2894a7c0 JavaThread "jar transforms" [_thread_blocked, id=30916, stack(0x000000f4c5100000,0x000000f4c5200000)]
  0x0000028f28946e00 JavaThread "jar transforms Thread 2" [_thread_blocked, id=30592, stack(0x000000f4c5200000,0x000000f4c5300000)]
  0x0000028f28948140 JavaThread "jar transforms Thread 3" [_thread_blocked, id=32940, stack(0x000000f4c5300000,0x000000f4c5400000)]
  0x0000028f2894b160 JavaThread "File lock release action executor" [_thread_blocked, id=28884, stack(0x000000f4c5400000,0x000000f4c5500000)]
  0x0000028f2894e180 JavaThread "jar transforms Thread 4" [_thread_blocked, id=3764, stack(0x000000f4c5500000,0x000000f4c5600000)]
  0x0000028f265dcef0 JavaThread "Cache worker for kotlin-dsl (C:\Users\user\.gradle\caches\8.0.1\kotlin-dsl)" [_thread_blocked, id=23940, stack(0x000000f4c1f00000,0x000000f4c2000000)]
  0x0000028f288e5a00 JavaThread "jar transforms Thread 5" [_thread_blocked, id=32888, stack(0x000000f4c1e00000,0x000000f4c1f00000)]
  0x0000028f288e76e0 JavaThread "jar transforms Thread 6" [_thread_blocked, id=30408, stack(0x000000f4c4000000,0x000000f4c4100000)]
  0x0000028f288e6870 JavaThread "Cache worker for dependencies-accessors (C:\Users\user\Desktop\bragicode\FE\bra\InjeBragi_FrontEnd\bragi\android\.gradle\8.0.1\dependencies-accessors)" [_thread_blocked, id=30180, stack(0x000000f4c5700000,0x000000f4c5800000)]
  0x0000028f288e8080 JavaThread "Cache worker for Build Output Cleanup Cache (C:\Users\user\Desktop\bragicode\FE\bra\InjeBragi_FrontEnd\bragi\node_modules\@react-native\gradle-plugin\.gradle\buildOutputCleanup)" [_thread_blocked, id=27656, stack(0x000000f4c5800000,0x000000f4c5900000)]
  0x0000028f288e7210 JavaThread "Unconstrained build operations" [_thread_blocked, id=22448, stack(0x000000f4c5900000,0x000000f4c5a00000)]
  0x0000028f288e7bb0 JavaThread "Unconstrained build operations Thread 2" [_thread_blocked, id=32132, stack(0x000000f4c5a00000,0x000000f4c5b00000)]
  0x0000028f288e8ef0 JavaThread "Unconstrained build operations Thread 3" [_thread_blocked, id=33768, stack(0x000000f4c5b00000,0x000000f4c5c00000)]
  0x0000028f288e5530 JavaThread "Unconstrained build operations Thread 4" [_thread_blocked, id=33628, stack(0x000000f4c5c00000,0x000000f4c5d00000)]
  0x0000028f288e8550 JavaThread "Unconstrained build operations Thread 5" [_thread_blocked, id=32924, stack(0x000000f4c5d00000,0x000000f4c5e00000)]
  0x0000028f28597a30 JavaThread "Unconstrained build operations Thread 6" [_thread_blocked, id=28292, stack(0x000000f4c5e00000,0x000000f4c5f00000)]
  0x0000028f28595880 JavaThread "Unconstrained build operations Thread 7" [_thread_blocked, id=30752, stack(0x000000f4c5f00000,0x000000f4c6000000)]
  0x0000028f28594ee0 JavaThread "Unconstrained build operations Thread 8" [_thread_blocked, id=1012, stack(0x000000f4c6000000,0x000000f4c6100000)]
  0x0000028f28595d50 JavaThread "Unconstrained build operations Thread 9" [_thread_blocked, id=28412, stack(0x000000f4c6100000,0x000000f4c6200000)]
  0x0000028f28596220 JavaThread "Unconstrained build operations Thread 10" [_thread_blocked, id=32736, stack(0x000000f4c6200000,0x000000f4c6300000)]
  0x0000028f2859af20 JavaThread "Unconstrained build operations Thread 11" [_thread_blocked, id=21372, stack(0x000000f4c6300000,0x000000f4c6400000)]
  0x0000028f285966f0 JavaThread "Unconstrained build operations Thread 12" [_thread_blocked, id=25272, stack(0x000000f4c6400000,0x000000f4c6500000)]
  0x0000028f28596bc0 JavaThread "Unconstrained build operations Thread 13" [_thread_blocked, id=2612, stack(0x000000f4c6500000,0x000000f4c6600000)]
  0x0000028f28598d70 JavaThread "Unconstrained build operations Thread 14" [_thread_blocked, id=19652, stack(0x000000f4c6600000,0x000000f4c6700000)]
  0x0000028f28597f00 JavaThread "Unconstrained build operations Thread 15" [_thread_blocked, id=26180, stack(0x000000f4c6700000,0x000000f4c6800000)]
  0x0000028f28597090 JavaThread "Unconstrained build operations Thread 16" [_thread_blocked, id=25540, stack(0x000000f4c6800000,0x000000f4c6900000)]
  0x0000028f28594070 JavaThread "Unconstrained build operations Thread 17" [_thread_blocked, id=21808, stack(0x000000f4c6900000,0x000000f4c6a00000)]
  0x0000028f285988a0 JavaThread "Unconstrained build operations Thread 18" [_thread_blocked, id=31356, stack(0x000000f4c6a00000,0x000000f4c6b00000)]
  0x0000028f28597560 JavaThread "Unconstrained build operations Thread 19" [_thread_blocked, id=27484, stack(0x000000f4c6b00000,0x000000f4c6c00000)]
  0x0000028f285983d0 JavaThread "Unconstrained build operations Thread 20" [_thread_blocked, id=21496, stack(0x000000f4c6c00000,0x000000f4c6d00000)]
  0x0000028f28599240 JavaThread "Unconstrained build operations Thread 21" [_thread_blocked, id=22956, stack(0x000000f4c6d00000,0x000000f4c6e00000)]
  0x0000028f2859a580 JavaThread "Unconstrained build operations Thread 22" [_thread_blocked, id=16212, stack(0x000000f4c6e00000,0x000000f4c6f00000)]
  0x0000028f28599710 JavaThread "Unconstrained build operations Thread 23" [_thread_blocked, id=17584, stack(0x000000f4c6f00000,0x000000f4c7000000)]
  0x0000028f28594540 JavaThread "Unconstrained build operations Thread 24" [_thread_blocked, id=29920, stack(0x000000f4c7000000,0x000000f4c7100000)]
  0x0000028f28594a10 JavaThread "Unconstrained build operations Thread 25" [_thread_blocked, id=14244, stack(0x000000f4c7100000,0x000000f4c7200000)]
  0x0000028f285953b0 JavaThread "Unconstrained build operations Thread 26" [_thread_blocked, id=33100, stack(0x000000f4c7200000,0x000000f4c7300000)]
  0x0000028f28599be0 JavaThread "Memory manager" [_thread_blocked, id=33120, stack(0x000000f4c7400000,0x000000f4c7500000)]
  0x0000028f27f49a20 JavaThread "Cache worker for Build Output Cleanup Cache (C:\Users\user\Desktop\bragicode\FE\bra\InjeBragi_FrontEnd\bragi\android\.gradle\buildOutputCleanup)" [_thread_blocked, id=34220, stack(0x000000f4c7300000,0x000000f4c7400000)]
  0x0000028f27f4c0a0 JavaThread "Execution worker" [_thread_blocked, id=33408, stack(0x000000f4c7600000,0x000000f4c7700000)]
  0x0000028f27f4a3c0 JavaThread "Execution worker Thread 2" [_thread_blocked, id=30488, stack(0x000000f4c7700000,0x000000f4c7800000)]
  0x0000028f27f4f0c0 JavaThread "Execution worker Thread 3" [_thread_blocked, id=33760, stack(0x000000f4c7800000,0x000000f4c7900000)]
  0x0000028f27f4b230 JavaThread "Execution worker Thread 4" [_thread_blocked, id=5764, stack(0x000000f4c7900000,0x000000f4c7a00000)]
  0x0000028f27f48210 JavaThread "Execution worker Thread 5" [_thread_blocked, id=31432, stack(0x000000f4c7a00000,0x000000f4c7b00000)]
  0x0000028f27f4f590 JavaThread "Cache worker for execution history cache (C:\Users\user\Desktop\bragicode\FE\bra\InjeBragi_FrontEnd\bragi\node_modules\@react-native\gradle-plugin\.gradle\8.0.1\executionHistory)" [_thread_blocked, id=31884, stack(0x000000f4c7b00000,0x000000f4c7c00000)]
  0x0000028f27f4b700 JavaThread "Unconstrained build operations Thread 27" [_thread_blocked, id=31876, stack(0x000000f4c7d00000,0x000000f4c7e00000)]
  0x0000028f27f4bbd0 JavaThread "Unconstrained build operations Thread 28" [_thread_blocked, id=30920, stack(0x000000f4c7e00000,0x000000f4c7f00000)]
  0x0000028f27f4fa60 JavaThread "Unconstrained build operations Thread 29" [_thread_blocked, id=32100, stack(0x000000f4c7f00000,0x000000f4c8000000)]
  0x0000028f27f4c570 JavaThread "Unconstrained build operations Thread 30" [_thread_blocked, id=20236, stack(0x000000f4c8000000,0x000000f4c8100000)]
  0x0000028f27f4ca40 JavaThread "Unconstrained build operations Thread 31" [_thread_blocked, id=13656, stack(0x000000f4c7c00000,0x000000f4c7d00000)]
  0x0000028f27f4cf10 JavaThread "Unconstrained build operations Thread 32" [_thread_blocked, id=30972, stack(0x000000f4c8100000,0x000000f4c8200000)]
  0x0000028f27f4d3e0 JavaThread "Unconstrained build operations Thread 33" [_thread_blocked, id=31372, stack(0x000000f4c8200000,0x000000f4c8300000)]
  0x0000028f27f4d8b0 JavaThread "Unconstrained build operations Thread 34" [_thread_blocked, id=32980, stack(0x000000f4c8300000,0x000000f4c8400000)]
  0x0000028f27f4dd80 JavaThread "Unconstrained build operations Thread 35" [_thread_blocked, id=30064, stack(0x000000f4c8400000,0x000000f4c8500000)]
  0x0000028f27f4e250 JavaThread "Unconstrained build operations Thread 36" [_thread_blocked, id=34160, stack(0x000000f4c8500000,0x000000f4c8600000)]
  0x0000028f27f4e720 JavaThread "Unconstrained build operations Thread 37" [_thread_blocked, id=30196, stack(0x000000f4c8600000,0x000000f4c8700000)]
  0x0000028f27f4ebf0 JavaThread "Unconstrained build operations Thread 38" [_thread_blocked, id=32200, stack(0x000000f4c8700000,0x000000f4c8800000)]
  0x0000028f27cf4940 JavaThread "Unconstrained build operations Thread 39" [_thread_blocked, id=29928, stack(0x000000f4c8800000,0x000000f4c8900000)]
  0x0000028f27cf1920 JavaThread "Unconstrained build operations Thread 40" [_thread_blocked, id=33656, stack(0x000000f4c8900000,0x000000f4c8a00000)]
  0x0000028f27cf3130 JavaThread "Unconstrained build operations Thread 41" [_thread_blocked, id=34188, stack(0x000000f4c8a00000,0x000000f4c8b00000)]
  0x0000028f27cf5c80 JavaThread "Unconstrained build operations Thread 42" [_thread_blocked, id=5368, stack(0x000000f4c8b00000,0x000000f4c8c00000)]
  0x0000028f27cf3ad0 JavaThread "Unconstrained build operations Thread 43" [_thread_blocked, id=27204, stack(0x000000f4c8c00000,0x000000f4c8d00000)]
  0x0000028f27cf3600 JavaThread "Unconstrained build operations Thread 44" [_thread_blocked, id=31392, stack(0x000000f4c8d00000,0x000000f4c8e00000)]
  0x0000028f27cf1df0 JavaThread "Unconstrained build operations Thread 45" [_thread_blocked, id=29844, stack(0x000000f4c8e00000,0x000000f4c8f00000)]
  0x0000028f27ceedd0 JavaThread "Unconstrained build operations Thread 46" [_thread_blocked, id=33592, stack(0x000000f4c8f00000,0x000000f4c9000000)]
  0x0000028f27cf22c0 JavaThread "Unconstrained build operations Thread 47" [_thread_blocked, id=33288, stack(0x000000f4c9000000,0x000000f4c9100000)]
  0x0000028f27cf6150 JavaThread "Unconstrained build operations Thread 48" [_thread_blocked, id=29256, stack(0x000000f4c9100000,0x000000f4c9200000)]
  0x0000028f27cf3fa0 JavaThread "Unconstrained build operations Thread 49" [_thread_blocked, id=1016, stack(0x000000f4c9200000,0x000000f4c9300000)]
  0x0000028f27cf05e0 JavaThread "Unconstrained build operations Thread 50" [_thread_blocked, id=30288, stack(0x000000f4c9300000,0x000000f4c9400000)]
  0x0000028f27cf0f80 JavaThread "Unconstrained build operations Thread 51" [_thread_blocked, id=11628, stack(0x000000f4c9400000,0x000000f4c9500000)]
  0x0000028f27cf1450 JavaThread "Unconstrained build operations Thread 52" [_thread_blocked, id=33236, stack(0x000000f4c9600000,0x000000f4c9700000)]
  0x0000028f27cf0ab0 JavaThread "Unconstrained build operations Thread 53" [_thread_blocked, id=31652, stack(0x000000f4c9500000,0x000000f4c9600000)]
  0x0000028f27cefc40 JavaThread "Unconstrained build operations Thread 54" [_thread_blocked, id=30728, stack(0x000000f4c9700000,0x000000f4c9800000)]
  0x0000028f27cf4e10 JavaThread "Unconstrained build operations Thread 55" [_thread_blocked, id=18864, stack(0x000000f4c9800000,0x000000f4c9900000)]
  0x0000028f27cf52e0 JavaThread "Unconstrained build operations Thread 56" [_thread_blocked, id=32060, stack(0x000000f4c9900000,0x000000f4c9a00000)]
  0x0000028f27cf0110 JavaThread "Unconstrained build operations Thread 57" [_thread_blocked, id=33284, stack(0x000000f4c9a00000,0x000000f4c9b00000)]
  0x0000028f27cef2a0 JavaThread "Unconstrained build operations Thread 58" [_thread_blocked, id=29720, stack(0x000000f4c9b00000,0x000000f4c9c00000)]
  0x0000028f27cef770 JavaThread "Unconstrained build operations Thread 59" [_thread_blocked, id=2936, stack(0x000000f4c9c00000,0x000000f4c9d00000)]
  0x0000028f27cf57b0 JavaThread "Unconstrained build operations Thread 60" [_thread_blocked, id=30996, stack(0x000000f4c9d00000,0x000000f4c9e00000)]

Other Threads:
  0x0000028f258f3dd0 VMThread "VM Thread" [stack: 0x000000f4c2600000,0x000000f4c2700000] [id=26892]
  0x0000028f2651f5a0 WatcherThread [stack: 0x000000f4c3200000,0x000000f4c3300000] [id=26272]
  0x0000028f07bba930 GCTaskThread "GC Thread#0" [stack: 0x000000f4c2100000,0x000000f4c2200000] [id=27812]
  0x0000028f26fd35f0 GCTaskThread "GC Thread#1" [stack: 0x000000f4c3300000,0x000000f4c3400000] [id=23560]
  0x0000028f271e1a00 GCTaskThread "GC Thread#2" [stack: 0x000000f4c3400000,0x000000f4c3500000] [id=2648]
  0x0000028f271e1cb0 GCTaskThread "GC Thread#3" [stack: 0x000000f4c3500000,0x000000f4c3600000] [id=26408]
  0x0000028f271e1f60 GCTaskThread "GC Thread#4" [stack: 0x000000f4c3600000,0x000000f4c3700000] [id=8972]
  0x0000028f271e2210 GCTaskThread "GC Thread#5" [stack: 0x000000f4c3700000,0x000000f4c3800000] [id=21352]
  0x0000028f07bcb780 ConcurrentGCThread "G1 Main Marker" [stack: 0x000000f4c2200000,0x000000f4c2300000] [id=27316]
  0x0000028f07bcc0a0 ConcurrentGCThread "G1 Conc#0" [stack: 0x000000f4c2300000,0x000000f4c2400000] [id=12608]
  0x0000028f27abdde0 ConcurrentGCThread "G1 Conc#1" [stack: 0x000000f4c4c00000,0x000000f4c4d00000] [id=3476]
  0x0000028f07c2dad0 ConcurrentGCThread "G1 Refine#0" [stack: 0x000000f4c2400000,0x000000f4c2500000] [id=33488]
  0x0000028f28f30600 ConcurrentGCThread "G1 Refine#1" [stack: 0x000000f4c4e00000,0x000000f4c4f00000] [id=28980]
  0x0000028f28f31180 ConcurrentGCThread "G1 Refine#2" [stack: 0x000000f4c4f00000,0x000000f4c5000000] [id=29820]
  0x0000028f07c2e400 ConcurrentGCThread "G1 Service" [stack: 0x000000f4c2500000,0x000000f4c2600000] [id=33388]

Threads with active compile tasks:
C2 CompilerThread0   223139 12701       4       sun.security.provider.SHA2::implCompress0 (490 bytes)

VM state: not at safepoint (normal execution)

VM Mutex/Monitor currently owned by a thread: None

Heap address: 0x0000000080000000, size: 2048 MB, Compressed Oops mode: 32-bit

CDS archive(s) mapped at: [0x0000000800000000-0x0000000800bd0000-0x0000000800bd0000), size 12386304, SharedBaseAddress: 0x0000000800000000, ArchiveRelocationMode: 0.
Compressed class space mapped at: 0x0000000800c00000-0x000000081a800000, reserved size: 432013312
Narrow klass base: 0x0000000800000000, Narrow klass shift: 0, Narrow klass range: 0x100000000

GC Precious Log:
 CPUs: 6 total, 6 available
 Memory: 16335M
 Large Page Support: Disabled
 NUMA Support: Disabled
 Compressed Oops: Enabled (32-bit)
 Heap Region Size: 1M
 Heap Min Capacity: 8M
 Heap Initial Capacity: 256M
 Heap Max Capacity: 2G
 Pre-touch: Disabled
 Parallel Workers: 6
 Concurrent Workers: 2
 Concurrent Refinement Workers: 6
 Periodic GC: Disabled

Heap:
 garbage-first heap   total 215040K, used 156070K [0x0000000080000000, 0x0000000100000000)
  region size 1024K, 29 young (29696K), 1 survivors (1024K)
 Metaspace       used 88804K, committed 89792K, reserved 503808K
  class space    used 12282K, committed 12736K, reserved 421888K

Heap Regions: E=young(eden), S=young(survivor), O=old, HS=humongous(starts), HC=humongous(continues), CS=collection set, F=free, OA=open archive, CA=closed archive, TAMS=top-at-mark-start (previous, next)
|   0|0x0000000080000000, 0x0000000080100000, 0x0000000080100000|100%|HS|  |TAMS 0x0000000080100000, 0x0000000080000000| Complete 
|   1|0x0000000080100000, 0x0000000080200000, 0x0000000080200000|100%|HC|  |TAMS 0x0000000080200000, 0x0000000080100000| Complete 
|   2|0x0000000080200000, 0x0000000080300000, 0x0000000080300000|100%|HC|  |TAMS 0x0000000080300000, 0x0000000080200000| Complete 
|   3|0x0000000080300000, 0x0000000080400000, 0x0000000080400000|100%|HC|  |TAMS 0x0000000080400000, 0x0000000080300000| Complete 
|   4|0x0000000080400000, 0x0000000080500000, 0x0000000080500000|100%| O|  |TAMS 0x0000000080500000, 0x0000000080400000| Untracked 
|   5|0x0000000080500000, 0x0000000080600000, 0x0000000080600000|100%| O|  |TAMS 0x0000000080600000, 0x0000000080500000| Untracked 
|   6|0x0000000080600000, 0x0000000080700000, 0x0000000080700000|100%| O|  |TAMS 0x0000000080700000, 0x0000000080600000| Untracked 
|   7|0x0000000080700000, 0x0000000080800000, 0x0000000080800000|100%| O|  |TAMS 0x0000000080800000, 0x0000000080700000| Untracked 
|   8|0x0000000080800000, 0x0000000080900000, 0x0000000080900000|100%| O|  |TAMS 0x0000000080900000, 0x0000000080800000| Untracked 
|   9|0x0000000080900000, 0x0000000080a00000, 0x0000000080a00000|100%| O|  |TAMS 0x0000000080a00000, 0x0000000080900000| Untracked 
|  10|0x0000000080a00000, 0x0000000080b00000, 0x0000000080b00000|100%| O|  |TAMS 0x0000000080b00000, 0x0000000080a00000| Untracked 
|  11|0x0000000080b00000, 0x0000000080c00000, 0x0000000080c00000|100%| O|  |TAMS 0x0000000080c00000, 0x0000000080b00000| Untracked 
|  12|0x0000000080c00000, 0x0000000080d00000, 0x0000000080d00000|100%| O|  |TAMS 0x0000000080d00000, 0x0000000080c00000| Untracked 
|  13|0x0000000080d00000, 0x0000000080e00000, 0x0000000080e00000|100%| O|  |TAMS 0x0000000080e00000, 0x0000000080d00000| Untracked 
|  14|0x0000000080e00000, 0x0000000080f00000, 0x0000000080f00000|100%| O|  |TAMS 0x0000000080f00000, 0x0000000080e00000| Untracked 
|  15|0x0000000080f00000, 0x0000000081000000, 0x0000000081000000|100%| O|  |TAMS 0x0000000081000000, 0x0000000080f00000| Untracked 
|  16|0x0000000081000000, 0x0000000081100000, 0x0000000081100000|100%| O|  |TAMS 0x0000000081100000, 0x0000000081000000| Untracked 
|  17|0x0000000081100000, 0x0000000081200000, 0x0000000081200000|100%| O|  |TAMS 0x0000000081200000, 0x0000000081100000| Untracked 
|  18|0x0000000081200000, 0x0000000081300000, 0x0000000081300000|100%| O|  |TAMS 0x0000000081300000, 0x0000000081200000| Untracked 
|  19|0x0000000081300000, 0x0000000081400000, 0x0000000081400000|100%| O|  |TAMS 0x0000000081400000, 0x0000000081300000| Untracked 
|  20|0x0000000081400000, 0x0000000081500000, 0x0000000081500000|100%| O|  |TAMS 0x0000000081500000, 0x0000000081400000| Untracked 
|  21|0x0000000081500000, 0x0000000081600000, 0x0000000081600000|100%| O|  |TAMS 0x0000000081600000, 0x0000000081500000| Untracked 
|  22|0x0000000081600000, 0x0000000081700000, 0x0000000081700000|100%| O|  |TAMS 0x0000000081700000, 0x0000000081600000| Untracked 
|  23|0x0000000081700000, 0x0000000081800000, 0x0000000081800000|100%| O|  |TAMS 0x0000000081800000, 0x0000000081700000| Untracked 
|  24|0x0000000081800000, 0x0000000081900000, 0x0000000081900000|100%| O|  |TAMS 0x0000000081900000, 0x0000000081800000| Untracked 
|  25|0x0000000081900000, 0x0000000081a00000, 0x0000000081a00000|100%| O|  |TAMS 0x0000000081a00000, 0x0000000081900000| Untracked 
|  26|0x0000000081a00000, 0x0000000081b00000, 0x0000000081b00000|100%| O|  |TAMS 0x0000000081b00000, 0x0000000081a00000| Untracked 
|  27|0x0000000081b00000, 0x0000000081c00000, 0x0000000081c00000|100%| O|  |TAMS 0x0000000081c00000, 0x0000000081b00000| Untracked 
|  28|0x0000000081c00000, 0x0000000081d00000, 0x0000000081d00000|100%| O|  |TAMS 0x0000000081d00000, 0x0000000081c00000| Untracked 
|  29|0x0000000081d00000, 0x0000000081e00000, 0x0000000081e00000|100%| O|  |TAMS 0x0000000081e00000, 0x0000000081d00000| Untracked 
|  30|0x0000000081e00000, 0x0000000081f00000, 0x0000000081f00000|100%| O|  |TAMS 0x0000000081f00000, 0x0000000081e00000| Untracked 
|  31|0x0000000081f00000, 0x0000000082000000, 0x0000000082000000|100%|HS|  |TAMS 0x0000000082000000, 0x0000000081f00000| Complete 
|  32|0x0000000082000000, 0x0000000082100000, 0x0000000082100000|100%|HC|  |TAMS 0x0000000082100000, 0x0000000082000000| Complete 
|  33|0x0000000082100000, 0x0000000082200000, 0x0000000082200000|100%| O|  |TAMS 0x0000000082200000, 0x0000000082100000| Untracked 
|  34|0x0000000082200000, 0x0000000082300000, 0x0000000082300000|100%| O|  |TAMS 0x0000000082300000, 0x0000000082200000| Untracked 
|  35|0x0000000082300000, 0x0000000082400000, 0x0000000082400000|100%| O|  |TAMS 0x0000000082400000, 0x0000000082300000| Untracked 
|  36|0x0000000082400000, 0x0000000082500000, 0x0000000082500000|100%| O|  |TAMS 0x0000000082500000, 0x0000000082400000| Untracked 
|  37|0x0000000082500000, 0x0000000082600000, 0x0000000082600000|100%| O|  |TAMS 0x0000000082600000, 0x0000000082500000| Untracked 
|  38|0x0000000082600000, 0x0000000082700000, 0x0000000082700000|100%| O|  |TAMS 0x0000000082700000, 0x0000000082600000| Untracked 
|  39|0x0000000082700000, 0x0000000082800000, 0x0000000082800000|100%| O|  |TAMS 0x0000000082800000, 0x0000000082700000| Untracked 
|  40|0x0000000082800000, 0x0000000082900000, 0x0000000082900000|100%|HS|  |TAMS 0x0000000082900000, 0x0000000082800000| Complete 
|  41|0x0000000082900000, 0x0000000082a00000, 0x0000000082a00000|100%|HC|  |TAMS 0x0000000082a00000, 0x0000000082900000| Complete 
|  42|0x0000000082a00000, 0x0000000082b00000, 0x0000000082b00000|100%|HC|  |TAMS 0x0000000082b00000, 0x0000000082a00000| Complete 
|  43|0x0000000082b00000, 0x0000000082c00000, 0x0000000082c00000|100%|HC|  |TAMS 0x0000000082c00000, 0x0000000082b00000| Complete 
|  44|0x0000000082c00000, 0x0000000082d00000, 0x0000000082d00000|100%| O|  |TAMS 0x0000000082d00000, 0x0000000082c00000| Untracked 
|  45|0x0000000082d00000, 0x0000000082e00000, 0x0000000082e00000|100%| O|  |TAMS 0x0000000082e00000, 0x0000000082d00000| Untracked 
|  46|0x0000000082e00000, 0x0000000082f00000, 0x0000000082f00000|100%| O|  |TAMS 0x0000000082f00000, 0x0000000082e00000| Untracked 
|  47|0x0000000082f00000, 0x0000000083000000, 0x0000000083000000|100%| O|  |TAMS 0x0000000083000000, 0x0000000082f00000| Untracked 
|  48|0x0000000083000000, 0x0000000083100000, 0x0000000083100000|100%| O|  |TAMS 0x0000000083100000, 0x0000000083000000| Untracked 
|  49|0x0000000083100000, 0x0000000083200000, 0x0000000083200000|100%| O|  |TAMS 0x0000000083200000, 0x0000000083100000| Untracked 
|  50|0x0000000083200000, 0x0000000083300000, 0x0000000083300000|100%| O|  |TAMS 0x0000000083300000, 0x0000000083200000| Untracked 
|  51|0x0000000083300000, 0x0000000083400000, 0x0000000083400000|100%| O|  |TAMS 0x0000000083400000, 0x0000000083300000| Untracked 
|  52|0x0000000083400000, 0x0000000083500000, 0x0000000083500000|100%| O|  |TAMS 0x0000000083500000, 0x0000000083400000| Untracked 
|  53|0x0000000083500000, 0x0000000083600000, 0x0000000083600000|100%| O|  |TAMS 0x0000000083600000, 0x0000000083500000| Untracked 
|  54|0x0000000083600000, 0x0000000083700000, 0x0000000083700000|100%| O|  |TAMS 0x0000000083700000, 0x0000000083600000| Untracked 
|  55|0x0000000083700000, 0x0000000083800000, 0x0000000083800000|100%| O|  |TAMS 0x0000000083800000, 0x0000000083700000| Untracked 
|  56|0x0000000083800000, 0x0000000083900000, 0x0000000083900000|100%| O|  |TAMS 0x0000000083900000, 0x0000000083800000| Untracked 
|  57|0x0000000083900000, 0x0000000083a00000, 0x0000000083a00000|100%| O|  |TAMS 0x0000000083a00000, 0x0000000083900000| Untracked 
|  58|0x0000000083a00000, 0x0000000083b00000, 0x0000000083b00000|100%| O|  |TAMS 0x0000000083b00000, 0x0000000083a00000| Untracked 
|  59|0x0000000083b00000, 0x0000000083c00000, 0x0000000083c00000|100%| O|  |TAMS 0x0000000083c00000, 0x0000000083b00000| Untracked 
|  60|0x0000000083c00000, 0x0000000083d00000, 0x0000000083d00000|100%|HS|  |TAMS 0x0000000083d00000, 0x0000000083c00000| Complete 
|  61|0x0000000083d00000, 0x0000000083e00000, 0x0000000083e00000|100%|HS|  |TAMS 0x0000000083e00000, 0x0000000083d00000| Complete 
|  62|0x0000000083e00000, 0x0000000083f00000, 0x0000000083f00000|100%| O|  |TAMS 0x0000000083f00000, 0x0000000083e00000| Untracked 
|  63|0x0000000083f00000, 0x0000000084000000, 0x0000000084000000|100%| O|  |TAMS 0x0000000084000000, 0x0000000083f00000| Untracked 
|  64|0x0000000084000000, 0x0000000084100000, 0x0000000084100000|100%| O|  |TAMS 0x0000000084100000, 0x0000000084000000| Untracked 
|  65|0x0000000084100000, 0x0000000084200000, 0x0000000084200000|100%| O|  |TAMS 0x0000000084200000, 0x0000000084100000| Untracked 
|  66|0x0000000084200000, 0x0000000084300000, 0x0000000084300000|100%| O|  |TAMS 0x0000000084300000, 0x0000000084200000| Untracked 
|  67|0x0000000084300000, 0x0000000084400000, 0x0000000084400000|100%| O|  |TAMS 0x0000000084400000, 0x0000000084300000| Untracked 
|  68|0x0000000084400000, 0x0000000084500000, 0x0000000084500000|100%| O|  |TAMS 0x0000000084500000, 0x0000000084400000| Untracked 
|  69|0x0000000084500000, 0x0000000084600000, 0x0000000084600000|100%| O|  |TAMS 0x0000000084600000, 0x0000000084500000| Untracked 
|  70|0x0000000084600000, 0x0000000084700000, 0x0000000084700000|100%| O|  |TAMS 0x0000000084700000, 0x0000000084600000| Untracked 
|  71|0x0000000084700000, 0x0000000084800000, 0x0000000084800000|100%| O|  |TAMS 0x0000000084800000, 0x0000000084700000| Untracked 
|  72|0x0000000084800000, 0x0000000084900000, 0x0000000084900000|100%| O|  |TAMS 0x0000000084900000, 0x0000000084800000| Untracked 
|  73|0x0000000084900000, 0x0000000084a00000, 0x0000000084a00000|100%| O|  |TAMS 0x0000000084a00000, 0x0000000084900000| Untracked 
|  74|0x0000000084a00000, 0x0000000084b00000, 0x0000000084b00000|100%| O|  |TAMS 0x0000000084b00000, 0x0000000084a00000| Untracked 
|  75|0x0000000084b00000, 0x0000000084c00000, 0x0000000084c00000|100%| O|  |TAMS 0x0000000084c00000, 0x0000000084b00000| Untracked 
|  76|0x0000000084c00000, 0x0000000084d00000, 0x0000000084d00000|100%| O|  |TAMS 0x0000000084d00000, 0x0000000084c00000| Untracked 
|  77|0x0000000084d00000, 0x0000000084e00000, 0x0000000084e00000|100%| O|  |TAMS 0x0000000084e00000, 0x0000000084d00000| Untracked 
|  78|0x0000000084e00000, 0x0000000084f00000, 0x0000000084f00000|100%| O|  |TAMS 0x0000000084f00000, 0x0000000084e00000| Untracked 
|  79|0x0000000084f00000, 0x0000000085000000, 0x0000000085000000|100%| O|  |TAMS 0x0000000085000000, 0x0000000084f00000| Untracked 
|  80|0x0000000085000000, 0x0000000085100000, 0x0000000085100000|100%| O|  |TAMS 0x0000000085100000, 0x0000000085000000| Untracked 
|  81|0x0000000085100000, 0x0000000085200000, 0x0000000085200000|100%| O|  |TAMS 0x0000000085200000, 0x0000000085100000| Untracked 
|  82|0x0000000085200000, 0x0000000085300000, 0x0000000085300000|100%| O|  |TAMS 0x0000000085300000, 0x0000000085200000| Untracked 
|  83|0x0000000085300000, 0x0000000085400000, 0x0000000085400000|100%| O|  |TAMS 0x0000000085400000, 0x0000000085300000| Untracked 
|  84|0x0000000085400000, 0x0000000085500000, 0x0000000085500000|100%| O|  |TAMS 0x0000000085500000, 0x0000000085400000| Untracked 
|  85|0x0000000085500000, 0x0000000085600000, 0x0000000085600000|100%| O|  |TAMS 0x0000000085600000, 0x0000000085500000| Untracked 
|  86|0x0000000085600000, 0x0000000085700000, 0x0000000085700000|100%| O|  |TAMS 0x0000000085700000, 0x0000000085600000| Untracked 
|  87|0x0000000085700000, 0x0000000085800000, 0x0000000085800000|100%| O|  |TAMS 0x0000000085800000, 0x0000000085700000| Untracked 
|  88|0x0000000085800000, 0x0000000085800000, 0x0000000085900000|  0%| F|  |TAMS 0x0000000085800000, 0x0000000085800000| Untracked 
|  89|0x0000000085900000, 0x0000000085a00000, 0x0000000085a00000|100%| O|  |TAMS 0x0000000085a00000, 0x0000000085900000| Untracked 
|  90|0x0000000085a00000, 0x0000000085b00000, 0x0000000085b00000|100%| O|  |TAMS 0x0000000085b00000, 0x0000000085a00000| Untracked 
|  91|0x0000000085b00000, 0x0000000085c00000, 0x0000000085c00000|100%| O|  |TAMS 0x0000000085c00000, 0x0000000085b00000| Untracked 
|  92|0x0000000085c00000, 0x0000000085d00000, 0x0000000085d00000|100%| O|  |TAMS 0x0000000085d00000, 0x0000000085c00000| Untracked 
|  93|0x0000000085d00000, 0x0000000085e00000, 0x0000000085e00000|100%| O|  |TAMS 0x0000000085e00000, 0x0000000085d00000| Untracked 
|  94|0x0000000085e00000, 0x0000000085f00000, 0x0000000085f00000|100%| O|  |TAMS 0x0000000085f00000, 0x0000000085e00000| Untracked 
|  95|0x0000000085f00000, 0x0000000086000000, 0x0000000086000000|100%|HS|  |TAMS 0x0000000086000000, 0x0000000085f00000| Complete 
|  96|0x0000000086000000, 0x0000000086100000, 0x0000000086100000|100%|HS|  |TAMS 0x0000000086100000, 0x0000000086000000| Complete 
|  97|0x0000000086100000, 0x0000000086200000, 0x0000000086200000|100%|HS|  |TAMS 0x0000000086200000, 0x0000000086100000| Complete 
|  98|0x0000000086200000, 0x0000000086300000, 0x0000000086300000|100%|HS|  |TAMS 0x0000000086300000, 0x0000000086200000| Complete 
|  99|0x0000000086300000, 0x0000000086400000, 0x0000000086400000|100%|HC|  |TAMS 0x0000000086400000, 0x0000000086300000| Complete 
| 100|0x0000000086400000, 0x0000000086500000, 0x0000000086500000|100%|HC|  |TAMS 0x0000000086500000, 0x0000000086400000| Complete 
| 101|0x0000000086500000, 0x0000000086600000, 0x0000000086600000|100%|HS|  |TAMS 0x0000000086600000, 0x0000000086500000| Complete 
| 102|0x0000000086600000, 0x0000000086700000, 0x0000000086700000|100%|HC|  |TAMS 0x0000000086700000, 0x0000000086600000| Complete 
| 103|0x0000000086700000, 0x0000000086800000, 0x0000000086800000|100%| O|  |TAMS 0x0000000086800000, 0x0000000086700000| Untracked 
| 104|0x0000000086800000, 0x0000000086900000, 0x0000000086900000|100%| O|  |TAMS 0x0000000086900000, 0x0000000086800000| Untracked 
| 105|0x0000000086900000, 0x0000000086a00000, 0x0000000086a00000|100%| O|  |TAMS 0x0000000086a00000, 0x0000000086900000| Untracked 
| 106|0x0000000086a00000, 0x0000000086b00000, 0x0000000086b00000|100%| O|  |TAMS 0x0000000086b00000, 0x0000000086a00000| Untracked 
| 107|0x0000000086b00000, 0x0000000086c00000, 0x0000000086c00000|100%| O|  |TAMS 0x0000000086c00000, 0x0000000086b00000| Untracked 
| 108|0x0000000086c00000, 0x0000000086d00000, 0x0000000086d00000|100%| O|  |TAMS 0x0000000086d00000, 0x0000000086c00000| Untracked 
| 109|0x0000000086d00000, 0x0000000086e00000, 0x0000000086e00000|100%| O|  |TAMS 0x0000000086e00000, 0x0000000086d00000| Untracked 
| 110|0x0000000086e00000, 0x0000000086f00000, 0x0000000086f00000|100%| O|  |TAMS 0x0000000086f00000, 0x0000000086e00000| Untracked 
| 111|0x0000000086f00000, 0x0000000087000000, 0x0000000087000000|100%| O|  |TAMS 0x0000000087000000, 0x0000000086f00000| Untracked 
| 112|0x0000000087000000, 0x0000000087100000, 0x0000000087100000|100%| O|  |TAMS 0x0000000087100000, 0x0000000087000000| Untracked 
| 113|0x0000000087100000, 0x0000000087200000, 0x0000000087200000|100%| O|  |TAMS 0x0000000087200000, 0x0000000087100000| Untracked 
| 114|0x0000000087200000, 0x0000000087200000, 0x0000000087300000|  0%| F|  |TAMS 0x0000000087200000, 0x0000000087200000| Untracked 
| 115|0x0000000087300000, 0x0000000087400000, 0x0000000087400000|100%| O|  |TAMS 0x0000000087374200, 0x0000000087300000| Untracked 
| 116|0x0000000087400000, 0x0000000087500000, 0x0000000087500000|100%| O|  |TAMS 0x0000000087400000, 0x0000000087400000| Untracked 
| 117|0x0000000087500000, 0x0000000087600000, 0x0000000087600000|100%| O|  |TAMS 0x0000000087500000, 0x0000000087500000| Untracked 
| 118|0x0000000087600000, 0x0000000087700000, 0x0000000087700000|100%|HS|  |TAMS 0x0000000087600000, 0x0000000087600000| Complete 
| 119|0x0000000087700000, 0x0000000087800000, 0x0000000087800000|100%|HS|  |TAMS 0x0000000087700000, 0x0000000087700000| Complete 
| 120|0x0000000087800000, 0x0000000087900000, 0x0000000087900000|100%| O|  |TAMS 0x0000000087800000, 0x0000000087800000| Untracked 
| 121|0x0000000087900000, 0x0000000087a00000, 0x0000000087a00000|100%| O|  |TAMS 0x0000000087900000, 0x0000000087900000| Untracked 
| 122|0x0000000087a00000, 0x0000000087b00000, 0x0000000087b00000|100%| O|  |TAMS 0x0000000087a00000, 0x0000000087a00000| Untracked 
| 123|0x0000000087b00000, 0x0000000087c00000, 0x0000000087c00000|100%| O|  |TAMS 0x0000000087b00000, 0x0000000087b00000| Untracked 
| 124|0x0000000087c00000, 0x0000000087d00000, 0x0000000087d00000|100%| O|  |TAMS 0x0000000087c00000, 0x0000000087c00000| Untracked 
| 125|0x0000000087d00000, 0x0000000087e00000, 0x0000000087e00000|100%| O|  |TAMS 0x0000000087d00000, 0x0000000087d00000| Untracked 
| 126|0x0000000087e00000, 0x0000000087e69800, 0x0000000087f00000| 41%| O|  |TAMS 0x0000000087e00000, 0x0000000087e00000| Untracked 
| 127|0x0000000087f00000, 0x0000000087f00000, 0x0000000088000000|  0%| F|  |TAMS 0x0000000087f00000, 0x0000000087f00000| Untracked 
| 128|0x0000000088000000, 0x0000000088000000, 0x0000000088100000|  0%| F|  |TAMS 0x0000000088000000, 0x0000000088000000| Untracked 
| 129|0x0000000088100000, 0x0000000088100000, 0x0000000088200000|  0%| F|  |TAMS 0x0000000088100000, 0x0000000088100000| Untracked 
| 130|0x0000000088200000, 0x0000000088200000, 0x0000000088300000|  0%| F|  |TAMS 0x0000000088200000, 0x0000000088200000| Untracked 
| 131|0x0000000088300000, 0x0000000088300000, 0x0000000088400000|  0%| F|  |TAMS 0x0000000088300000, 0x0000000088300000| Untracked 
| 132|0x0000000088400000, 0x0000000088400000, 0x0000000088500000|  0%| F|  |TAMS 0x0000000088400000, 0x0000000088400000| Untracked 
| 133|0x0000000088500000, 0x0000000088500000, 0x0000000088600000|  0%| F|  |TAMS 0x0000000088500000, 0x0000000088500000| Untracked 
| 134|0x0000000088600000, 0x0000000088600000, 0x0000000088700000|  0%| F|  |TAMS 0x0000000088600000, 0x0000000088600000| Untracked 
| 135|0x0000000088700000, 0x0000000088700000, 0x0000000088800000|  0%| F|  |TAMS 0x0000000088700000, 0x0000000088700000| Untracked 
| 136|0x0000000088800000, 0x0000000088800000, 0x0000000088900000|  0%| F|  |TAMS 0x0000000088800000, 0x0000000088800000| Untracked 
| 137|0x0000000088900000, 0x0000000088900000, 0x0000000088a00000|  0%| F|  |TAMS 0x0000000088900000, 0x0000000088900000| Untracked 
| 138|0x0000000088a00000, 0x0000000088a00000, 0x0000000088b00000|  0%| F|  |TAMS 0x0000000088a00000, 0x0000000088a00000| Untracked 
| 139|0x0000000088b00000, 0x0000000088b00000, 0x0000000088c00000|  0%| F|  |TAMS 0x0000000088b00000, 0x0000000088b00000| Untracked 
| 140|0x0000000088c00000, 0x0000000088c00000, 0x0000000088d00000|  0%| F|  |TAMS 0x0000000088c00000, 0x0000000088c00000| Untracked 
| 141|0x0000000088d00000, 0x0000000088d00000, 0x0000000088e00000|  0%| F|  |TAMS 0x0000000088d00000, 0x0000000088d00000| Untracked 
| 142|0x0000000088e00000, 0x0000000088e00000, 0x0000000088f00000|  0%| F|  |TAMS 0x0000000088e00000, 0x0000000088e00000| Untracked 
| 143|0x0000000088f00000, 0x0000000088f00000, 0x0000000089000000|  0%| F|  |TAMS 0x0000000088f00000, 0x0000000088f00000| Untracked 
| 144|0x0000000089000000, 0x0000000089000000, 0x0000000089100000|  0%| F|  |TAMS 0x0000000089000000, 0x0000000089000000| Untracked 
| 145|0x0000000089100000, 0x0000000089100000, 0x0000000089200000|  0%| F|  |TAMS 0x0000000089100000, 0x0000000089100000| Untracked 
| 146|0x0000000089200000, 0x0000000089200000, 0x0000000089300000|  0%| F|  |TAMS 0x0000000089200000, 0x0000000089200000| Untracked 
| 147|0x0000000089300000, 0x0000000089300000, 0x0000000089400000|  0%| F|  |TAMS 0x0000000089300000, 0x0000000089300000| Untracked 
| 148|0x0000000089400000, 0x0000000089400000, 0x0000000089500000|  0%| F|  |TAMS 0x0000000089400000, 0x0000000089400000| Untracked 
| 149|0x0000000089500000, 0x0000000089500000, 0x0000000089600000|  0%| F|  |TAMS 0x0000000089500000, 0x0000000089500000| Untracked 
| 150|0x0000000089600000, 0x0000000089600000, 0x0000000089700000|  0%| F|  |TAMS 0x0000000089600000, 0x0000000089600000| Untracked 
| 151|0x0000000089700000, 0x0000000089700000, 0x0000000089800000|  0%| F|  |TAMS 0x0000000089700000, 0x0000000089700000| Untracked 
| 152|0x0000000089800000, 0x0000000089800000, 0x0000000089900000|  0%| F|  |TAMS 0x0000000089800000, 0x0000000089800000| Untracked 
| 153|0x0000000089900000, 0x0000000089900000, 0x0000000089a00000|  0%| F|  |TAMS 0x0000000089900000, 0x0000000089900000| Untracked 
| 154|0x0000000089a00000, 0x0000000089a00000, 0x0000000089b00000|  0%| F|  |TAMS 0x0000000089a00000, 0x0000000089a00000| Untracked 
| 155|0x0000000089b00000, 0x0000000089b00000, 0x0000000089c00000|  0%| F|  |TAMS 0x0000000089b00000, 0x0000000089b00000| Untracked 
| 156|0x0000000089c00000, 0x0000000089c00000, 0x0000000089d00000|  0%| F|  |TAMS 0x0000000089c00000, 0x0000000089c00000| Untracked 
| 157|0x0000000089d00000, 0x0000000089d00000, 0x0000000089e00000|  0%| F|  |TAMS 0x0000000089d00000, 0x0000000089d00000| Untracked 
| 158|0x0000000089e00000, 0x0000000089e00000, 0x0000000089f00000|  0%| F|  |TAMS 0x0000000089e00000, 0x0000000089e00000| Untracked 
| 159|0x0000000089f00000, 0x0000000089f00000, 0x000000008a000000|  0%| F|  |TAMS 0x0000000089f00000, 0x0000000089f00000| Untracked 
| 160|0x000000008a000000, 0x000000008a000000, 0x000000008a100000|  0%| F|  |TAMS 0x000000008a000000, 0x000000008a000000| Untracked 
| 161|0x000000008a100000, 0x000000008a100000, 0x000000008a200000|  0%| F|  |TAMS 0x000000008a100000, 0x000000008a100000| Untracked 
| 162|0x000000008a200000, 0x000000008a200000, 0x000000008a300000|  0%| F|  |TAMS 0x000000008a200000, 0x000000008a200000| Untracked 
| 163|0x000000008a300000, 0x000000008a300000, 0x000000008a400000|  0%| F|  |TAMS 0x000000008a300000, 0x000000008a300000| Untracked 
| 164|0x000000008a400000, 0x000000008a400000, 0x000000008a500000|  0%| F|  |TAMS 0x000000008a400000, 0x000000008a400000| Untracked 
| 165|0x000000008a500000, 0x000000008a500000, 0x000000008a600000|  0%| F|  |TAMS 0x000000008a500000, 0x000000008a500000| Untracked 
| 166|0x000000008a600000, 0x000000008a600000, 0x000000008a700000|  0%| F|  |TAMS 0x000000008a600000, 0x000000008a600000| Untracked 
| 167|0x000000008a700000, 0x000000008a700000, 0x000000008a800000|  0%| F|  |TAMS 0x000000008a700000, 0x000000008a700000| Untracked 
| 168|0x000000008a800000, 0x000000008a800000, 0x000000008a900000|  0%| F|  |TAMS 0x000000008a800000, 0x000000008a800000| Untracked 
| 169|0x000000008a900000, 0x000000008a900000, 0x000000008aa00000|  0%| F|  |TAMS 0x000000008a900000, 0x000000008a900000| Untracked 
| 170|0x000000008aa00000, 0x000000008aa00000, 0x000000008ab00000|  0%| F|  |TAMS 0x000000008aa00000, 0x000000008aa00000| Untracked 
| 171|0x000000008ab00000, 0x000000008ab00000, 0x000000008ac00000|  0%| F|  |TAMS 0x000000008ab00000, 0x000000008ab00000| Untracked 
| 172|0x000000008ac00000, 0x000000008ac00000, 0x000000008ad00000|  0%| F|  |TAMS 0x000000008ac00000, 0x000000008ac00000| Untracked 
| 173|0x000000008ad00000, 0x000000008ad00000, 0x000000008ae00000|  0%| F|  |TAMS 0x000000008ad00000, 0x000000008ad00000| Untracked 
| 174|0x000000008ae00000, 0x000000008ae00000, 0x000000008af00000|  0%| F|  |TAMS 0x000000008ae00000, 0x000000008ae00000| Untracked 
| 175|0x000000008af00000, 0x000000008af00000, 0x000000008b000000|  0%| F|  |TAMS 0x000000008af00000, 0x000000008af00000| Untracked 
| 176|0x000000008b000000, 0x000000008b000000, 0x000000008b100000|  0%| F|  |TAMS 0x000000008b000000, 0x000000008b000000| Untracked 
| 177|0x000000008b100000, 0x000000008b100000, 0x000000008b200000|  0%| F|  |TAMS 0x000000008b100000, 0x000000008b100000| Untracked 
| 178|0x000000008b200000, 0x000000008b200000, 0x000000008b300000|  0%| F|  |TAMS 0x000000008b200000, 0x000000008b200000| Untracked 
| 179|0x000000008b300000, 0x000000008b300000, 0x000000008b400000|  0%| F|  |TAMS 0x000000008b300000, 0x000000008b300000| Untracked 
| 180|0x000000008b400000, 0x000000008b400000, 0x000000008b500000|  0%| F|  |TAMS 0x000000008b400000, 0x000000008b400000| Untracked 
| 181|0x000000008b500000, 0x000000008b600000, 0x000000008b600000|100%| E|  |TAMS 0x000000008b500000, 0x000000008b500000| Complete 
| 182|0x000000008b600000, 0x000000008b700000, 0x000000008b700000|100%| E|CS|TAMS 0x000000008b600000, 0x000000008b600000| Complete 
| 183|0x000000008b700000, 0x000000008b800000, 0x000000008b800000|100%| E|CS|TAMS 0x000000008b700000, 0x000000008b700000| Complete 
| 184|0x000000008b800000, 0x000000008b900000, 0x000000008b900000|100%| E|CS|TAMS 0x000000008b800000, 0x000000008b800000| Complete 
| 185|0x000000008b900000, 0x000000008ba00000, 0x000000008ba00000|100%| E|CS|TAMS 0x000000008b900000, 0x000000008b900000| Complete 
| 186|0x000000008ba00000, 0x000000008bb00000, 0x000000008bb00000|100%| E|CS|TAMS 0x000000008ba00000, 0x000000008ba00000| Complete 
| 187|0x000000008bb00000, 0x000000008bc00000, 0x000000008bc00000|100%| E|CS|TAMS 0x000000008bb00000, 0x000000008bb00000| Complete 
| 188|0x000000008bc00000, 0x000000008bd00000, 0x000000008bd00000|100%| E|CS|TAMS 0x000000008bc00000, 0x000000008bc00000| Complete 
| 189|0x000000008bd00000, 0x000000008be00000, 0x000000008be00000|100%| E|CS|TAMS 0x000000008bd00000, 0x000000008bd00000| Complete 
| 190|0x000000008be00000, 0x000000008bf00000, 0x000000008bf00000|100%| E|CS|TAMS 0x000000008be00000, 0x000000008be00000| Complete 
| 191|0x000000008bf00000, 0x000000008c000000, 0x000000008c000000|100%| E|CS|TAMS 0x000000008bf00000, 0x000000008bf00000| Complete 
| 192|0x000000008c000000, 0x000000008c100000, 0x000000008c100000|100%| E|CS|TAMS 0x000000008c000000, 0x000000008c000000| Complete 
| 193|0x000000008c100000, 0x000000008c200000, 0x000000008c200000|100%| E|CS|TAMS 0x000000008c100000, 0x000000008c100000| Complete 
| 194|0x000000008c200000, 0x000000008c300000, 0x000000008c300000|100%| E|CS|TAMS 0x000000008c200000, 0x000000008c200000| Complete 
| 195|0x000000008c300000, 0x000000008c400000, 0x000000008c400000|100%| E|CS|TAMS 0x000000008c300000, 0x000000008c300000| Complete 
| 196|0x000000008c400000, 0x000000008c500000, 0x000000008c500000|100%| E|CS|TAMS 0x000000008c400000, 0x000000008c400000| Complete 
| 222|0x000000008de00000, 0x000000008df00000, 0x000000008df00000|100%| E|CS|TAMS 0x000000008de00000, 0x000000008de00000| Complete 
| 223|0x000000008df00000, 0x000000008e000000, 0x000000008e000000|100%| E|CS|TAMS 0x000000008df00000, 0x000000008df00000| Complete 
| 224|0x000000008e000000, 0x000000008e100000, 0x000000008e100000|100%| E|CS|TAMS 0x000000008e000000, 0x000000008e000000| Complete 
| 225|0x000000008e100000, 0x000000008e200000, 0x000000008e200000|100%| E|CS|TAMS 0x000000008e100000, 0x000000008e100000| Complete 
| 226|0x000000008e200000, 0x000000008e300000, 0x000000008e300000|100%| E|CS|TAMS 0x000000008e200000, 0x000000008e200000| Complete 
| 227|0x000000008e300000, 0x000000008e400000, 0x000000008e400000|100%| S|CS|TAMS 0x000000008e300000, 0x000000008e300000| Complete 
| 228|0x000000008e400000, 0x000000008e500000, 0x000000008e500000|100%| E|CS|TAMS 0x000000008e400000, 0x000000008e400000| Complete 
| 229|0x000000008e500000, 0x000000008e600000, 0x000000008e600000|100%| E|CS|TAMS 0x000000008e500000, 0x000000008e500000| Complete 
| 230|0x000000008e600000, 0x000000008e700000, 0x000000008e700000|100%| E|CS|TAMS 0x000000008e600000, 0x000000008e600000| Complete 
| 231|0x000000008e700000, 0x000000008e800000, 0x000000008e800000|100%| E|CS|TAMS 0x000000008e700000, 0x000000008e700000| Complete 
| 232|0x000000008e800000, 0x000000008e900000, 0x000000008e900000|100%| E|CS|TAMS 0x000000008e800000, 0x000000008e800000| Complete 
| 233|0x000000008e900000, 0x000000008ea00000, 0x000000008ea00000|100%| E|CS|TAMS 0x000000008e900000, 0x000000008e900000| Complete 
| 255|0x000000008ff00000, 0x0000000090000000, 0x0000000090000000|100%| E|CS|TAMS 0x000000008ff00000, 0x000000008ff00000| Complete 

Card table byte_map: [0x0000028f1e8e0000,0x0000028f1ece0000] _byte_map_base: 0x0000028f1e4e0000

Marking Bits (Prev, Next): (CMBitMap*) 0x0000028f07bbae90, (CMBitMap*) 0x0000028f07bbae50
 Prev Bits: [0x0000028f210e0000, 0x0000028f230e0000)
 Next Bits: [0x0000028f1f0e0000, 0x0000028f210e0000)

Polling page: 0x0000028f07330000

Metaspace:

Usage:
  Non-class:     74.74 MB used.
      Class:     11.99 MB used.
       Both:     86.74 MB used.

Virtual space:
  Non-class space:       80.00 MB reserved,      75.25 MB ( 94%) committed,  10 nodes.
      Class space:      412.00 MB reserved,      12.44 MB (  3%) committed,  1 nodes.
             Both:      492.00 MB reserved,      87.69 MB ( 18%) committed. 

Chunk freelists:
   Non-Class:  672.00 KB
       Class:  3.56 MB
        Both:  4.21 MB

MaxMetaspaceSize: 512.00 MB
CompressedClassSpaceSize: 412.00 MB
Initial GC threshold: 21.00 MB
Current GC threshold: 140.75 MB
CDS: on
MetaspaceReclaimPolicy: balanced
 - commit_granule_bytes: 65536.
 - commit_granule_words: 8192.
 - virtual_space_node_default_size: 1048576.
 - enlarge_chunks_in_place: 1.
 - new_chunks_are_fully_committed: 0.
 - uncommit_free_chunks: 1.
 - use_allocation_guard: 0.
 - handle_deallocations: 1.


Internal statistics:

num_allocs_failed_limit: 6.
num_arena_births: 1154.
num_arena_deaths: 0.
num_vsnodes_births: 11.
num_vsnodes_deaths: 0.
num_space_committed: 1403.
num_space_uncommitted: 0.
num_chunks_returned_to_freelist: 6.
num_chunks_taken_from_freelist: 4957.
num_chunk_merges: 6.
num_chunk_splits: 3270.
num_chunks_enlarged: 2131.
num_purges: 0.
num_inconsistent_stats: 0.

CodeHeap 'non-profiled nmethods': size=120000Kb used=7317Kb max_used=7317Kb free=112682Kb
 bounds [0x0000028f16ea0000, 0x0000028f175d0000, 0x0000028f1e3d0000]
CodeHeap 'profiled nmethods': size=120000Kb used=23259Kb max_used=23259Kb free=96741Kb
 bounds [0x0000028f0f970000, 0x0000028f11030000, 0x0000028f16ea0000]
CodeHeap 'non-nmethods': size=5760Kb used=2414Kb max_used=2504Kb free=3345Kb
 bounds [0x0000028f0f3d0000, 0x0000028f0f660000, 0x0000028f0f970000]
 total_blobs=12262 nmethods=11309 adapters=865
 compilation: enabled
              stopped_count=0, restarted_count=0
 full_count=0

Compilation events (20 events):
Event: 223.028 Thread 0x0000028f2591dc70 nmethod 12690 0x0000028f1101c590 code [0x0000028f1101c740, 0x0000028f1101ca18]
Event: 223.031 Thread 0x0000028f2591d2c0 12691       4       kotlin.collections.CollectionsKt__IterablesKt::collectionSizeOrDefault (27 bytes)
Event: 223.031 Thread 0x0000028f2591d2c0 nmethod 12691 0x0000028f175c3a90 code [0x0000028f175c3c00, 0x0000028f175c3cd8]
Event: 223.033 Thread 0x0000028f2591d2c0 12692       4       java.util.ArrayList$ListItr::previous (59 bytes)
Event: 223.034 Thread 0x0000028f2591dc70 12693       1       com.android.build.gradle.internal.cxx.model.CxxAbiModel::getAbi (5 bytes)
Event: 223.034 Thread 0x0000028f2591dc70 nmethod 12693 0x0000028f175c3e10 code [0x0000028f175c3fa0, 0x0000028f175c4078]
Event: 223.034 Thread 0x0000028f2591dc70 12694       3       com.android.build.gradle.internal.cxx.settings.Macro$Companion::withCMakeProperty (27 bytes)
Event: 223.034 Thread 0x0000028f2591d2c0 nmethod 12692 0x0000028f175c4110 code [0x0000028f175c42a0, 0x0000028f175c43f8]
Event: 223.034 Thread 0x0000028f2591dc70 nmethod 12694 0x0000028f1101cb10 code [0x0000028f1101cd60, 0x0000028f1101d6b8]
Event: 223.034 Thread 0x0000028f2591dc70 12695       3       com.android.build.gradle.internal.cxx.settings.Macro::access$getCMAKE_PROPERTY_STRING_TO_MACRO_MAP$cp (4 bytes)
Event: 223.034 Thread 0x0000028f2591dc70 nmethod 12695 0x0000028f1101da10 code [0x0000028f1101dba0, 0x0000028f1101dc98]
Event: 223.034 Thread 0x0000028f2591d2c0 12696       4       java.lang.CharacterDataLatin1::getType (11 bytes)
Event: 223.034 Thread 0x0000028f2591dc70 12699       3       com.google.gson.internal.bind.TypeAdapters::newFactory (10 bytes)
Event: 223.035 Thread 0x0000028f2591d2c0 nmethod 12696 0x0000028f175c4590 code [0x0000028f175c4700, 0x0000028f175c47b8]
Event: 223.035 Thread 0x0000028f2591d2c0 12698       4       java.lang.CharacterDataLatin1::isWhitespace (23 bytes)
Event: 223.035 Thread 0x0000028f2591dc70 nmethod 12699 0x0000028f1101dd10 code [0x0000028f1101dec0, 0x0000028f1101e178]
Event: 223.035 Thread 0x0000028f2591dc70 12700       3       com.google.gson.internal.bind.TypeAdapters$30::<init> (15 bytes)
Event: 223.035 Thread 0x0000028f2591dc70 nmethod 12700 0x0000028f1101e290 code [0x0000028f1101e440, 0x0000028f1101e658]
Event: 223.035 Thread 0x0000028f2591d2c0 nmethod 12698 0x0000028f175c4890 code [0x0000028f175c4a00, 0x0000028f175c4ab8]
Event: 223.035 Thread 0x0000028f2591d2c0 12701       4       sun.security.provider.SHA2::implCompress0 (490 bytes)

GC Heap History (20 events):
Event: 184.404 GC heap before
{Heap before GC invocations=52 (full 0):
 garbage-first heap   total 147456K, used 118378K [0x0000000080000000, 0x0000000100000000)
  region size 1024K, 30 young (30720K), 1 survivors (1024K)
 Metaspace       used 82261K, committed 83136K, reserved 495616K
  class space    used 11463K, committed 11840K, reserved 421888K
}
Event: 184.408 GC heap after
{Heap after GC invocations=53 (full 0):
 garbage-first heap   total 147456K, used 94615K [0x0000000080000000, 0x0000000100000000)
  region size 1024K, 4 young (4096K), 4 survivors (4096K)
 Metaspace       used 82261K, committed 83136K, reserved 495616K
  class space    used 11463K, committed 11840K, reserved 421888K
}
Event: 186.742 GC heap before
{Heap before GC invocations=53 (full 0):
 garbage-first heap   total 147456K, used 118167K [0x0000000080000000, 0x0000000100000000)
  region size 1024K, 28 young (28672K), 4 survivors (4096K)
 Metaspace       used 82555K, committed 83392K, reserved 495616K
  class space    used 11472K, committed 11840K, reserved 421888K
}
Event: 186.748 GC heap after
{Heap after GC invocations=54 (full 0):
 garbage-first heap   total 147456K, used 98944K [0x0000000080000000, 0x0000000100000000)
  region size 1024K, 4 young (4096K), 4 survivors (4096K)
 Metaspace       used 82555K, committed 83392K, reserved 495616K
  class space    used 11472K, committed 11840K, reserved 421888K
}
Event: 191.053 GC heap before
{Heap before GC invocations=54 (full 0):
 garbage-first heap   total 147456K, used 106112K [0x0000000080000000, 0x0000000100000000)
  region size 1024K, 12 young (12288K), 4 survivors (4096K)
 Metaspace       used 82589K, committed 83456K, reserved 495616K
  class space    used 11475K, committed 11904K, reserved 421888K
}
Event: 191.055 GC heap after
{Heap after GC invocations=55 (full 0):
 garbage-first heap   total 147456K, used 97688K [0x0000000080000000, 0x0000000100000000)
  region size 1024K, 1 young (1024K), 1 survivors (1024K)
 Metaspace       used 82589K, committed 83456K, reserved 495616K
  class space    used 11475K, committed 11904K, reserved 421888K
}
Event: 194.496 GC heap before
{Heap before GC invocations=56 (full 0):
 garbage-first heap   total 168960K, used 128408K [0x0000000080000000, 0x0000000100000000)
  region size 1024K, 24 young (24576K), 1 survivors (1024K)
 Metaspace       used 84028K, committed 84928K, reserved 495616K
  class space    used 11663K, committed 12096K, reserved 421888K
}
Event: 194.499 GC heap after
{Heap after GC invocations=57 (full 0):
 garbage-first heap   total 168960K, used 113301K [0x0000000080000000, 0x0000000100000000)
  region size 1024K, 3 young (3072K), 3 survivors (3072K)
 Metaspace       used 84028K, committed 84928K, reserved 495616K
  class space    used 11663K, committed 12096K, reserved 421888K
}
Event: 194.648 GC heap before
{Heap before GC invocations=57 (full 0):
 garbage-first heap   total 168960K, used 118421K [0x0000000080000000, 0x0000000100000000)
  region size 1024K, 8 young (8192K), 3 survivors (3072K)
 Metaspace       used 84435K, committed 85312K, reserved 495616K
  class space    used 11736K, committed 12160K, reserved 421888K
}
Event: 194.651 GC heap after
{Heap after GC invocations=58 (full 0):
 garbage-first heap   total 168960K, used 113389K [0x0000000080000000, 0x0000000100000000)
  region size 1024K, 1 young (1024K), 1 survivors (1024K)
 Metaspace       used 84435K, committed 85312K, reserved 495616K
  class space    used 11736K, committed 12160K, reserved 421888K
}
Event: 209.781 GC heap before
{Heap before GC invocations=58 (full 0):
 garbage-first heap   total 168960K, used 135917K [0x0000000080000000, 0x0000000100000000)
  region size 1024K, 23 young (23552K), 1 survivors (1024K)
 Metaspace       used 85236K, committed 86144K, reserved 503808K
  class space    used 11845K, committed 12288K, reserved 421888K
}
Event: 209.783 GC heap after
{Heap after GC invocations=59 (full 0):
 garbage-first heap   total 168960K, used 117047K [0x0000000080000000, 0x0000000100000000)
  region size 1024K, 3 young (3072K), 3 survivors (3072K)
 Metaspace       used 85236K, committed 86144K, reserved 503808K
  class space    used 11845K, committed 12288K, reserved 421888K
}
Event: 215.003 GC heap before
{Heap before GC invocations=59 (full 0):
 garbage-first heap   total 168960K, used 137527K [0x0000000080000000, 0x0000000100000000)
  region size 1024K, 24 young (24576K), 3 survivors (3072K)
 Metaspace       used 85504K, committed 86400K, reserved 503808K
  class space    used 11865K, committed 12288K, reserved 421888K
}
Event: 215.006 GC heap after
{Heap after GC invocations=60 (full 0):
 garbage-first heap   total 168960K, used 121296K [0x0000000080000000, 0x0000000100000000)
  region size 1024K, 3 young (3072K), 3 survivors (3072K)
 Metaspace       used 85504K, committed 86400K, reserved 503808K
  class space    used 11865K, committed 12288K, reserved 421888K
}
Event: 218.910 GC heap before
{Heap before GC invocations=60 (full 0):
 garbage-first heap   total 168960K, used 127440K [0x0000000080000000, 0x0000000100000000)
  region size 1024K, 10 young (10240K), 3 survivors (3072K)
 Metaspace       used 85558K, committed 86464K, reserved 503808K
  class space    used 11870K, committed 12288K, reserved 421888K
}
Event: 218.912 GC heap after
{Heap after GC invocations=61 (full 0):
 garbage-first heap   total 168960K, used 122642K [0x0000000080000000, 0x0000000100000000)
  region size 1024K, 3 young (3072K), 3 survivors (3072K)
 Metaspace       used 85558K, committed 86464K, reserved 503808K
  class space    used 11870K, committed 12288K, reserved 421888K
}
Event: 219.312 GC heap before
{Heap before GC invocations=62 (full 0):
 garbage-first heap   total 215040K, used 142098K [0x0000000080000000, 0x0000000100000000)
  region size 1024K, 20 young (20480K), 3 survivors (3072K)
 Metaspace       used 86032K, committed 87040K, reserved 503808K
  class space    used 11965K, committed 12416K, reserved 421888K
}
Event: 219.315 GC heap after
{Heap after GC invocations=63 (full 0):
 garbage-first heap   total 215040K, used 128000K [0x0000000080000000, 0x0000000100000000)
  region size 1024K, 3 young (3072K), 3 survivors (3072K)
 Metaspace       used 86032K, committed 87040K, reserved 503808K
  class space    used 11965K, committed 12416K, reserved 421888K
}
Event: 219.413 GC heap before
{Heap before GC invocations=63 (full 0):
 garbage-first heap   total 215040K, used 135168K [0x0000000080000000, 0x0000000100000000)
  region size 1024K, 10 young (10240K), 3 survivors (3072K)
 Metaspace       used 86184K, committed 87168K, reserved 503808K
  class space    used 11994K, committed 12416K, reserved 421888K
}
Event: 219.417 GC heap after
{Heap after GC invocations=64 (full 0):
 garbage-first heap   total 215040K, used 128422K [0x0000000080000000, 0x0000000100000000)
  region size 1024K, 1 young (1024K), 1 survivors (1024K)
 Metaspace       used 86184K, committed 87168K, reserved 503808K
  class space    used 11994K, committed 12416K, reserved 421888K
}

Deoptimization events (20 events):
Event: 221.455 Thread 0x0000028f26f3f950 DEOPT PACKING pc=0x0000028f173c5d50 sp=0x000000f4c3afe300
Event: 221.455 Thread 0x0000028f26f3f950 DEOPT UNPACKING pc=0x0000028f0f4223a3 sp=0x000000f4c3afe290 mode 2
Event: 221.461 Thread 0x0000028f26f3f950 Uncommon trap: trap_request=0xffffff45 fr.pc=0x0000028f173a683c relative=0x000000000000077c
Event: 221.461 Thread 0x0000028f26f3f950 Uncommon trap: reason=unstable_if action=reinterpret pc=0x0000028f173a683c method=java.lang.AbstractStringBuilder.append(Ljava/lang/String;)Ljava/lang/AbstractStringBuilder; @ 1 c2
Event: 221.461 Thread 0x0000028f26f3f950 DEOPT PACKING pc=0x0000028f173a683c sp=0x000000f4c3afe2b0
Event: 221.461 Thread 0x0000028f26f3f950 DEOPT UNPACKING pc=0x0000028f0f4223a3 sp=0x000000f4c3afe298 mode 2
Event: 221.971 Thread 0x0000028f276d9550 DEOPT PACKING pc=0x0000028f10f6f058 sp=0x000000f4c3ef9160
Event: 221.971 Thread 0x0000028f276d9550 DEOPT UNPACKING pc=0x0000028f0f422b43 sp=0x000000f4c3ef8720 mode 0
Event: 222.029 Thread 0x0000028f276d9550 DEOPT PACKING pc=0x0000028f10f6f058 sp=0x000000f4c3ef8f60
Event: 222.029 Thread 0x0000028f276d9550 DEOPT UNPACKING pc=0x0000028f0f422b43 sp=0x000000f4c3ef8520 mode 0
Event: 222.032 Thread 0x0000028f276d9550 DEOPT PACKING pc=0x0000028f10f6f058 sp=0x000000f4c3ef9130
Event: 222.032 Thread 0x0000028f276d9550 DEOPT UNPACKING pc=0x0000028f0f422b43 sp=0x000000f4c3ef86f0 mode 0
Event: 222.105 Thread 0x0000028f276d9550 DEOPT PACKING pc=0x0000028f10f6f058 sp=0x000000f4c3ef8f60
Event: 222.105 Thread 0x0000028f276d9550 DEOPT UNPACKING pc=0x0000028f0f422b43 sp=0x000000f4c3ef8520 mode 0
Event: 222.148 Thread 0x0000028f276d9550 DEOPT PACKING pc=0x0000028f10f6f058 sp=0x000000f4c3ef8df0
Event: 222.148 Thread 0x0000028f276d9550 DEOPT UNPACKING pc=0x0000028f0f422b43 sp=0x000000f4c3ef83b0 mode 0
Event: 222.158 Thread 0x0000028f276d9550 DEOPT PACKING pc=0x0000028f10f6f058 sp=0x000000f4c3ef8f70
Event: 222.158 Thread 0x0000028f276d9550 DEOPT UNPACKING pc=0x0000028f0f422b43 sp=0x000000f4c3ef8530 mode 0
Event: 223.035 Thread 0x0000028f276d9550 DEOPT PACKING pc=0x0000028f1095087e sp=0x000000f4c3ef9060
Event: 223.035 Thread 0x0000028f276d9550 DEOPT UNPACKING pc=0x0000028f0f422b43 sp=0x000000f4c3ef84b8 mode 0

Classes unloaded (0 events):
No events

Classes redefined (0 events):
No events

Internal exceptions (20 events):
Event: 219.471 Thread 0x0000028f276d9550 Exception <a 'java/lang/ClassNotFoundException'{0x000000008e96eae0}: org/gradle/api/tasks/DeleteBeanInfo> (0x000000008e96eae0) 
thrown [s\open\src\hotspot\share\classfile\systemDictionary.cpp, line 256]
Event: 219.473 Thread 0x0000028f276d9550 Exception <a 'java/lang/ClassNotFoundException'{0x000000008e984630}: org/gradle/api/tasks/DeleteCustomizer> (0x000000008e984630) 
thrown [s\open\src\hotspot\share\classfile\systemDictionary.cpp, line 256]
Event: 219.474 Thread 0x0000028f276d9550 Exception <a 'java/lang/ClassNotFoundException'{0x000000008e9ae2c0}: org/gradle/api/tasks/Delete_DecoratedCustomizer> (0x000000008e9ae2c0) 
thrown [s\open\src\hotspot\share\classfile\systemDictionary.cpp, line 256]
Event: 219.563 Thread 0x0000028f276d9550 Exception <a 'java/lang/ClassNotFoundException'{0x000000008e623960}: org/gradle/api/tasks/compile/JavaCompile_DecoratedBeanInfo> (0x000000008e623960) 
thrown [s\open\src\hotspot\share\classfile\systemDictionary.cpp, line 256]
Event: 219.564 Thread 0x0000028f276d9550 Exception <a 'java/lang/ClassNotFoundException'{0x000000008e634088}: org/gradle/api/tasks/compile/JavaCompileBeanInfo> (0x000000008e634088) 
thrown [s\open\src\hotspot\share\classfile\systemDictionary.cpp, line 256]
Event: 219.564 Thread 0x0000028f276d9550 Exception <a 'java/lang/ClassNotFoundException'{0x000000008e644828}: org/gradle/api/tasks/compile/AbstractCompileBeanInfo> (0x000000008e644828) 
thrown [s\open\src\hotspot\share\classfile\systemDictionary.cpp, line 256]
Event: 219.565 Thread 0x0000028f276d9550 Exception <a 'java/lang/ClassNotFoundException'{0x000000008e652380}: org/gradle/api/tasks/SourceTaskBeanInfo> (0x000000008e652380) 
thrown [s\open\src\hotspot\share\classfile\systemDictionary.cpp, line 256]
Event: 219.565 Thread 0x0000028f276d9550 Exception <a 'java/lang/ClassNotFoundException'{0x000000008e65fef8}: org/gradle/api/tasks/SourceTaskCustomizer> (0x000000008e65fef8) 
thrown [s\open\src\hotspot\share\classfile\systemDictionary.cpp, line 256]
Event: 219.567 Thread 0x0000028f276d9550 Exception <a 'java/lang/ClassNotFoundException'{0x000000008e6975e8}: org/gradle/api/tasks/compile/AbstractCompileCustomizer> (0x000000008e6975e8) 
thrown [s\open\src\hotspot\share\classfile\systemDictionary.cpp, line 256]
Event: 219.577 Thread 0x0000028f276d9550 Exception <a 'java/lang/ClassNotFoundException'{0x000000008e6c03f8}: org/gradle/api/tasks/compile/JavaCompileCustomizer> (0x000000008e6c03f8) 
thrown [s\open\src\hotspot\share\classfile\systemDictionary.cpp, line 256]
Event: 219.578 Thread 0x0000028f276d9550 Exception <a 'java/lang/ClassNotFoundException'{0x000000008e6e9c28}: org/gradle/api/tasks/compile/JavaCompile_DecoratedCustomizer> (0x000000008e6e9c28) 
thrown [s\open\src\hotspot\share\classfile\systemDictionary.cpp, line 256]
Event: 219.674 Thread 0x0000028f276d9550 Exception <a 'sun/nio/fs/WindowsException'{0x000000008e20e198}> (0x000000008e20e198) 
thrown [s\open\src\hotspot\share\prims\jni.cpp, line 516]
Event: 220.283 Thread 0x0000028f276d9550 Exception <a 'sun/nio/fs/WindowsException'{0x000000008c471318}> (0x000000008c471318) 
thrown [s\open\src\hotspot\share\prims\jni.cpp, line 516]
Event: 221.097 Thread 0x0000028f276d9550 Exception <a 'sun/nio/fs/WindowsException'{0x000000008c189858}> (0x000000008c189858) 
thrown [s\open\src\hotspot\share\prims\jni.cpp, line 516]
Event: 221.455 Thread 0x0000028f26f3f950 Implicit null exception at 0x0000028f173c55f5 to 0x0000028f173c5d38
Event: 221.461 Thread 0x0000028f26f3f950 Implicit null exception at 0x0000028f173a60f2 to 0x0000028f173a6824
Event: 221.890 Thread 0x0000028f276d9550 Exception <a 'sun/nio/fs/WindowsException'{0x000000008bb39758}> (0x000000008bb39758) 
thrown [s\open\src\hotspot\share\prims\jni.cpp, line 516]
Event: 222.336 Thread 0x0000028f276d9550 Exception <a 'java/lang/NoSuchMethodError'{0x000000008b74c6a8}: 'java.lang.Object java.lang.invoke.DirectMethodHandle$Holder.invokeSpecial(java.lang.Object, java.lang.Object, java.lang.Object, java.lang.Object, long)'> (0x000000008b74c6a8) 
thrown [s\open\src\hotspot\share\interpreter\linkResolver.cpp, line 759]
Event: 222.336 Thread 0x0000028f276d9550 Exception <a 'java/lang/NoSuchMethodError'{0x000000008b750f78}: 'java.lang.Object java.lang.invoke.Invokers$Holder.linkToTargetMethod(java.lang.Object, java.lang.Object, long, java.lang.Object)'> (0x000000008b750f78) 
thrown [s\open\src\hotspot\share\interpreter\linkResolver.cpp, line 759]
Event: 222.560 Thread 0x0000028f276d9550 Exception <a 'sun/nio/fs/WindowsException'{0x000000008b77f5d8}> (0x000000008b77f5d8) 
thrown [s\open\src\hotspot\share\prims\jni.cpp, line 516]

VM Operations (20 events):
Event: 218.910 Executing VM operation: G1TryInitiateConcMark
Event: 218.912 Executing VM operation: G1TryInitiateConcMark done
Event: 218.976 Executing VM operation: G1Concurrent
Event: 218.979 Executing VM operation: G1Concurrent done
Event: 219.011 Executing VM operation: G1Concurrent
Event: 219.011 Executing VM operation: G1Concurrent done
Event: 219.096 Executing VM operation: HandshakeAllThreads
Event: 219.096 Executing VM operation: HandshakeAllThreads done
Event: 219.106 Executing VM operation: HandshakeAllThreads
Event: 219.106 Executing VM operation: HandshakeAllThreads done
Event: 219.311 Executing VM operation: G1CollectForAllocation
Event: 219.315 Executing VM operation: G1CollectForAllocation done
Event: 219.413 Executing VM operation: G1CollectForAllocation
Event: 219.418 Executing VM operation: G1CollectForAllocation done
Event: 220.306 Executing VM operation: HandshakeAllThreads
Event: 220.306 Executing VM operation: HandshakeAllThreads done
Event: 221.308 Executing VM operation: Cleanup
Event: 221.310 Executing VM operation: Cleanup done
Event: 222.312 Executing VM operation: Cleanup
Event: 222.312 Executing VM operation: Cleanup done

Events (20 events):
Event: 219.568 loading class java/io/ObjectOutputStream$ReplaceTable done
Event: 219.577 loading class java/io/Bits
Event: 219.577 loading class java/io/Bits done
Event: 219.651 loading class java/net/Proxy
Event: 219.661 loading class java/net/Proxy done
Event: 219.661 loading class java/net/Proxy$Type
Event: 219.662 loading class java/net/Proxy$Type done
Event: 219.721 Thread 0x0000028f2c4f30c0 Thread exited: 0x0000028f2c4f30c0
Event: 219.759 loading class java/nio/charset/UnsupportedCharsetException
Event: 219.759 loading class java/nio/charset/UnsupportedCharsetException done
Event: 219.904 loading class jdk/internal/reflect/UnsafeIntegerFieldAccessorImpl
Event: 219.908 loading class jdk/internal/reflect/UnsafeIntegerFieldAccessorImpl done
Event: 219.908 loading class jdk/internal/reflect/UnsafeByteFieldAccessorImpl
Event: 219.912 loading class jdk/internal/reflect/UnsafeByteFieldAccessorImpl done
Event: 219.980 loading class jdk/internal/reflect/UnsafeQualifiedIntegerFieldAccessorImpl
Event: 219.984 loading class jdk/internal/reflect/UnsafeQualifiedIntegerFieldAccessorImpl done
Event: 220.331 loading class jdk/internal/reflect/UnsafeQualifiedBooleanFieldAccessorImpl
Event: 220.333 loading class jdk/internal/reflect/UnsafeQualifiedBooleanFieldAccessorImpl done
Event: 222.160 Thread 0x0000028f2c904830 Thread added: 0x0000028f2c904830
Event: 222.364 Thread 0x0000028f2c904830 Thread exited: 0x0000028f2c904830


Dynamic libraries:
0x00007ff759fb0000 - 0x00007ff759fc0000 	C:\Program Files\Java\jdk-17.0.5\bin\java.exe
0x00007fff360f0000 - 0x00007fff362e8000 	C:\WINDOWS\SYSTEM32\ntdll.dll
0x00007fff34490000 - 0x00007fff3454d000 	C:\WINDOWS\System32\KERNEL32.DLL
0x00007fff339f0000 - 0x00007fff33ce6000 	C:\WINDOWS\System32\KERNELBASE.dll
0x00007fff33cf0000 - 0x00007fff33df0000 	C:\WINDOWS\System32\ucrtbase.dll
0x00007fff0c580000 - 0x00007fff0c598000 	C:\Program Files\Java\jdk-17.0.5\bin\jli.dll
0x00007fff34550000 - 0x00007fff345ff000 	C:\WINDOWS\System32\ADVAPI32.dll
0x00007fff35730000 - 0x00007fff357ce000 	C:\WINDOWS\System32\msvcrt.dll
0x00007fff34610000 - 0x00007fff346ac000 	C:\WINDOWS\System32\sechost.dll
0x00007fff35520000 - 0x00007fff35646000 	C:\WINDOWS\System32\RPCRT4.dll
0x00007fff34b50000 - 0x00007fff34cee000 	C:\WINDOWS\System32\USER32.dll
0x00007fff33f50000 - 0x00007fff33f72000 	C:\WINDOWS\System32\win32u.dll
0x00007fff34920000 - 0x00007fff3494c000 	C:\WINDOWS\System32\GDI32.dll
0x00007fff338d0000 - 0x00007fff339ea000 	C:\WINDOWS\System32\gdi32full.dll
0x00007fff34000000 - 0x00007fff3409d000 	C:\WINDOWS\System32\msvcp_win.dll
0x00007fff08e80000 - 0x00007fff08e9a000 	C:\Program Files\Java\jdk-17.0.5\bin\VCRUNTIME140.dll
0x00007fff1e010000 - 0x00007fff1e2aa000 	C:\WINDOWS\WinSxS\amd64_microsoft.windows.common-controls_6595b64144ccf1df_6.0.19041.3636_none_60b6a03d71f818d5\COMCTL32.dll
0x00007fff2cc90000 - 0x00007fff2cc9a000 	C:\WINDOWS\SYSTEM32\VERSION.dll
0x00007fff354f0000 - 0x00007fff35520000 	C:\WINDOWS\System32\IMM32.DLL
0x00007fff0e7c0000 - 0x00007fff0e7cc000 	C:\Program Files\Java\jdk-17.0.5\bin\vcruntime140_1.dll
0x00007ffefd820000 - 0x00007ffefd8ad000 	C:\Program Files\Java\jdk-17.0.5\bin\msvcp140.dll
0x00007ffede3e0000 - 0x00007ffedefa2000 	C:\Program Files\Java\jdk-17.0.5\bin\server\jvm.dll
0x00007fff34600000 - 0x00007fff34608000 	C:\WINDOWS\System32\PSAPI.DLL
0x00007fff227d0000 - 0x00007fff227f7000 	C:\WINDOWS\SYSTEM32\WINMM.dll
0x00007fff26470000 - 0x00007fff26479000 	C:\WINDOWS\SYSTEM32\WSOCK32.dll
0x00007fff357e0000 - 0x00007fff3584b000 	C:\WINDOWS\System32\WS2_32.dll
0x00007fff315b0000 - 0x00007fff315c2000 	C:\WINDOWS\SYSTEM32\kernel.appcore.dll
0x00007fff0e790000 - 0x00007fff0e79a000 	C:\Program Files\Java\jdk-17.0.5\bin\jimage.dll
0x00007fff1fdf0000 - 0x00007fff1ffd4000 	C:\WINDOWS\SYSTEM32\DBGHELP.DLL
0x00007fff26520000 - 0x00007fff26554000 	C:\WINDOWS\SYSTEM32\dbgcore.DLL
0x00007fff33840000 - 0x00007fff338c2000 	C:\WINDOWS\System32\bcryptPrimitives.dll
0x00007ffeff110000 - 0x00007ffeff135000 	C:\Program Files\Java\jdk-17.0.5\bin\java.dll
0x00007ffef3e90000 - 0x00007ffef3f66000 	C:\Program Files\Java\jdk-17.0.5\bin\jsvml.dll
0x00007fff34cf0000 - 0x00007fff35434000 	C:\WINDOWS\System32\SHELL32.dll
0x00007fff31890000 - 0x00007fff3202b000 	C:\WINDOWS\SYSTEM32\windows.storage.dll
0x00007fff35850000 - 0x00007fff35ba4000 	C:\WINDOWS\System32\combase.dll
0x00007fff33210000 - 0x00007fff3323d000 	C:\WINDOWS\SYSTEM32\Wldp.dll
0x00007fff35440000 - 0x00007fff354ed000 	C:\WINDOWS\System32\SHCORE.dll
0x00007fff34360000 - 0x00007fff343b5000 	C:\WINDOWS\System32\shlwapi.dll
0x00007fff33700000 - 0x00007fff33725000 	C:\WINDOWS\SYSTEM32\profapi.dll
0x00007fff08e10000 - 0x00007fff08e29000 	C:\Program Files\Java\jdk-17.0.5\bin\net.dll
0x00007fff2cd00000 - 0x00007fff2ce0a000 	C:\WINDOWS\SYSTEM32\WINHTTP.dll
0x00007fff32f00000 - 0x00007fff32f6a000 	C:\WINDOWS\system32\mswsock.dll
0x00007fff08cf0000 - 0x00007fff08d06000 	C:\Program Files\Java\jdk-17.0.5\bin\nio.dll
0x00007fff08c90000 - 0x00007fff08ca8000 	C:\Program Files\Java\jdk-17.0.5\bin\zip.dll
0x00007fff0cb70000 - 0x00007fff0cb80000 	C:\Program Files\Java\jdk-17.0.5\bin\verify.dll
0x00007fff12630000 - 0x00007fff12657000 	C:\Users\user\.gradle\native\68d5fa5c4cc2d200863cafc0d521ce42e7d3e7ee720ec0a83991735586a16f82\windows-amd64\native-platform.dll
0x00007ffef84d0000 - 0x00007ffef8614000 	C:\Users\user\.gradle\native\e376f236ea51e6404a007f0833ffe2c6e607c4080706a723a18a27aeea778392\windows-amd64\native-platform-file-events.dll
0x00007fff23ac0000 - 0x00007fff23ac9000 	C:\Program Files\Java\jdk-17.0.5\bin\management.dll
0x00007fff24d40000 - 0x00007fff24d4b000 	C:\Program Files\Java\jdk-17.0.5\bin\management_ext.dll
0x00007fff33110000 - 0x00007fff33128000 	C:\WINDOWS\SYSTEM32\CRYPTSP.dll
0x00007fff327d0000 - 0x00007fff32804000 	C:\WINDOWS\system32\rsaenh.dll
0x00007fff33fd0000 - 0x00007fff33ff7000 	C:\WINDOWS\System32\bcrypt.dll
0x00007fff33680000 - 0x00007fff336ae000 	C:\WINDOWS\SYSTEM32\USERENV.dll
0x00007fff33130000 - 0x00007fff3313c000 	C:\WINDOWS\SYSTEM32\CRYPTBASE.dll
0x00007fff32b90000 - 0x00007fff32bcb000 	C:\WINDOWS\SYSTEM32\IPHLPAPI.DLL
0x00007fff357d0000 - 0x00007fff357d8000 	C:\WINDOWS\System32\NSI.dll
0x00007fff2d2b0000 - 0x00007fff2d2c7000 	C:\WINDOWS\SYSTEM32\dhcpcsvc6.DLL
0x00007fff2d980000 - 0x00007fff2d99d000 	C:\WINDOWS\SYSTEM32\dhcpcsvc.DLL
0x00007fff32bd0000 - 0x00007fff32c9a000 	C:\WINDOWS\SYSTEM32\DNSAPI.dll
0x00007fff233e0000 - 0x00007fff233ee000 	C:\Program Files\Java\jdk-17.0.5\bin\sunmscapi.dll
0x00007fff33df0000 - 0x00007fff33f4d000 	C:\WINDOWS\System32\CRYPT32.dll
0x00007fff33280000 - 0x00007fff332a7000 	C:\WINDOWS\SYSTEM32\ncrypt.dll
0x00007fff33240000 - 0x00007fff3327b000 	C:\WINDOWS\SYSTEM32\NTASN1.dll
0x00007fff10770000 - 0x00007fff10777000 	C:\WINDOWS\system32\wshunix.dll

dbghelp: loaded successfully - version: 4.0.5 - missing functions: none
symbol engine: initialized successfully - sym options: 0x614 - pdb path: .;C:\Program Files\Java\jdk-17.0.5\bin;C:\WINDOWS\SYSTEM32;C:\WINDOWS\WinSxS\amd64_microsoft.windows.common-controls_6595b64144ccf1df_6.0.19041.3636_none_60b6a03d71f818d5;C:\Program Files\Java\jdk-17.0.5\bin\server;C:\Users\user\.gradle\native\68d5fa5c4cc2d200863cafc0d521ce42e7d3e7ee720ec0a83991735586a16f82\windows-amd64;C:\Users\user\.gradle\native\e376f236ea51e6404a007f0833ffe2c6e607c4080706a723a18a27aeea778392\windows-amd64

VM Arguments:
jvm_args: -XX:MaxMetaspaceSize=512m --add-opens=java.base/java.util=ALL-UNNAMED --add-opens=java.base/java.lang=ALL-UNNAMED --add-opens=java.base/java.lang.invoke=ALL-UNNAMED --add-opens=java.prefs/java.util.prefs=ALL-UNNAMED --add-opens=java.base/java.nio.charset=ALL-UNNAMED --add-opens=java.base/java.net=ALL-UNNAMED --add-opens=java.base/java.util.concurrent.atomic=ALL-UNNAMED -Xmx2048m -Dfile.encoding=x-windows-949 -Duser.country=KR -Duser.language=ko -Duser.variant 
java_command: org.gradle.launcher.daemon.bootstrap.GradleDaemon 8.0.1
java_class_path (initial): C:\Users\user\.gradle\wrapper\dists\gradle-8.0.1-all\aro4hu1c3oeioove7l0i4i14o\gradle-8.0.1\lib\gradle-launcher-8.0.1.jar
Launcher Type: SUN_STANDARD

[Global flags]
     intx CICompilerCount                          = 3                                         {product} {ergonomic}
   size_t CompressedClassSpaceSize                 = 432013312                                 {product} {ergonomic}
     uint ConcGCThreads                            = 2                                         {product} {ergonomic}
     uint G1ConcRefinementThreads                  = 6                                         {product} {ergonomic}
   size_t G1HeapRegionSize                         = 1048576                                   {product} {ergonomic}
    uintx GCDrainStackTargetSize                   = 64                                        {product} {ergonomic}
   size_t InitialHeapSize                          = 268435456                                 {product} {ergonomic}
   size_t MarkStackSize                            = 4194304                                   {product} {ergonomic}
   size_t MaxHeapSize                              = 2147483648                                {product} {command line}
   size_t MaxMetaspaceSize                         = 536870912                                 {product} {command line}
   size_t MaxNewSize                               = 1287651328                                {product} {ergonomic}
   size_t MinHeapDeltaBytes                        = 1048576                                   {product} {ergonomic}
   size_t MinHeapSize                              = 8388608                                   {product} {ergonomic}
    uintx NonNMethodCodeHeapSize                   = 5832780                                {pd product} {ergonomic}
    uintx NonProfiledCodeHeapSize                  = 122912730                              {pd product} {ergonomic}
    uintx ProfiledCodeHeapSize                     = 122912730                              {pd product} {ergonomic}
    uintx ReservedCodeCacheSize                    = 251658240                              {pd product} {ergonomic}
     bool SegmentedCodeCache                       = true                                      {product} {ergonomic}
   size_t SoftMaxHeapSize                          = 2147483648                             {manageable} {ergonomic}
     bool UseCompressedClassPointers               = true                           {product lp64_product} {ergonomic}
     bool UseCompressedOops                        = true                           {product lp64_product} {ergonomic}
     bool UseG1GC                                  = true                                      {product} {ergonomic}
     bool UseLargePagesIndividualAllocation        = false                                  {pd product} {ergonomic}

Logging:
Log output configuration:
 #0: stdout all=warning uptime,level,tags
 #1: stderr all=off uptime,level,tags

Environment Variables:
JAVA_HOME=C:\Program Files\Java\jdk-17.0.5
CLASSPATH=C:\Users\user\Desktop\bragicode\FE\bra\InjeBragi_FrontEnd\bragi\android\\gradle\wrapper\gradle-wrapper.jar
PATH=C:\Users\user\Desktop\bragicode\FE\bra\InjeBragi_FrontEnd\bragi\node_modules\.bin;C:\Users\user\Desktop\bragicode\FE\bra\InjeBragi_FrontEnd\bragi\node_modules\.bin;C:\Users\user\Desktop\bragicode\FE\bra\InjeBragi_FrontEnd\node_modules\.bin;C:\Users\user\Desktop\bragicode\FE\bra\node_modules\.bin;C:\Users\user\Desktop\bragicode\FE\node_modules\.bin;C:\Users\user\Desktop\bragicode\node_modules\.bin;C:\Users\user\Desktop\node_modules\.bin;C:\Users\user\node_modules\.bin;C:\Users\node_modules\.bin;C:\node_modules\.bin;C:\Users\user\AppData\Roaming\npm\node_modules\npm\node_modules\@npmcli\run-script\lib\node-gyp-bin;C:\Users\user\Desktop\bragicode\FE\bra\InjeBragi_FrontEnd\bragi\node_modules\.bin;C:\Users\user\Desktop\bragicode\FE\bra\InjeBragi_FrontEnd\node_modules\.bin;C:\Users\user\Desktop\bragicode\FE\bra\node_modules\.bin;C:\Users\user\Desktop\bragicode\FE\node_modules\.bin;C:\Users\user\Desktop\bragicode\node_modules\.bin;C:\Users\user\Desktop\node_modules\.bin;C:\Users\user\node_modules\.bin;C:\Users\node_modules\.bin;C:\node_modules\.bin;C:\Users\user\AppData\Roaming\npm\node_modules\npm\node_modules\@npmcli\run-script\lib\node-gyp-bin;C:\Users\user\bin;C:\Program Files\Git\mingw64\bin;C:\Program Files\Git\usr\local\bin;C:\Program Files\Git\usr\bin;C:\Program Files\Git\usr\bin;C:\Program Files\Git\mingw64\bin;C:\Program Files\Git\usr\bin;C:\Users\user\bin;C:\Program Files\Common Files\Oracle\Java\javapath;C:\Program Files\MySQL\MySQL Server 8.0\bin;C:\Users\user\AppData\Local\Android\Sdk\platform-tools;C:\Program Files (x86)\Intel\Intel(R) Management Engine Components\iCLS;C:\Program Files\Intel\Intel(R) Management Engine Components\iCLS;C:\WINDOWS\system32;C:\WINDOWS;C:\WINDOWS\System32\Wbem;C:\WINDOWS\System32\WindowsPowerShell\v1.0;C:\Program Files (x86)\Intel\Intel(R) Management Engine Components\DAL;C:\Program Files\Intel\Intel(R) Management Engine Components\DAL;C:\Program Files (x86)\Intel\Intel(R) Management Engine Components\IPT;C:\Program Files\Intel
USERNAME=user
SHELL=C:\Program Files\Git\usr\bin\bash.exe
DISPLAY=needs-to-be-defined
LANG=en_US.UTF-8
OS=Windows_NT
PROCESSOR_IDENTIFIER=Intel64 Family 6 Model 158 Stepping 10, GenuineIntel



---------------  S Y S T E M  ---------------

OS:
 Windows 10 , 64 bit Build 19041 (10.0.19041.3636)
OS uptime: 1 days 5:29 hours

CPU: total 6 (initial active 6) (6 cores per cpu, 1 threads per core) family 6 model 158 stepping 10 microcode 0xb4, cx8, cmov, fxsr, mmx, 3dnowpref, sse, sse2, sse3, ssse3, sse4.1, sse4.2, popcnt, lzcnt, tsc, tscinvbit, avx, avx2, aes, erms, clmul, bmi1, bmi2, rtm, adx, fma, vzeroupper, clflush, clflushopt

Memory: 4k page, system-wide physical 16335M (619M free)
TotalPageFile size 40216M (AvailPageFile size 1M)
current process WorkingSet (physical memory assigned to process): 409M, peak: 422M
current process commit charge ("private bytes"): 498M, peak: 507M

vm_info: Java HotSpot(TM) 64-Bit Server VM (17.0.5+9-LTS-191) for windows-amd64 JRE (17.0.5+9-LTS-191), built on Sep 13 2022 17:31:43 by "mach5one" with MS VC++ 16.8 / 16.9 (VS2019)

END.
