#
# There is insufficient memory for the Java Runtime Environment to continue.
# Native memory allocation (mmap) failed to map 268435456 bytes for G1 virtual space
# Possible reasons:
#   The system is out of physical RAM or swap space
#   The process is running with CompressedOops enabled, and the Java Heap may be blocking the growth of the native heap
# Possible solutions:
#   Reduce memory load on the system
#   Increase physical memory or swap space
#   Check if swap backing store is full
#   Decrease Java heap size (-Xmx/-Xms)
#   Decrease number of Java threads
#   Decrease Java thread stack sizes (-Xss)
#   Set larger code cache with -XX:ReservedCodeCacheSize=
#   JVM is running with Zero Based Compressed Oops mode in which the Java heap is
#     placed in the first 32GB address space. The Java Heap base address is the
#     maximum limit for the native heap growth. Please use -XX:HeapBaseMinAddress
#     to set the Java Heap base and to place the Java Heap above 32GB virtual address.
# This output file may be truncated or incomplete.
#
#  Out of Memory Error (os_windows.cpp:3747), pid=12180, tid=35032
#
# JRE version:  (17.0.3+7) (build )
# Java VM: OpenJDK 64-Bit Server VM (17.0.3+7-b469.37, mixed mode, sharing, tiered, compressed oops, compressed class ptrs, g1 gc, windows-amd64)
# No core dump will be written. Minidumps are not enabled by default on client versions of Windows
#

---------------  S U M M A R Y ------------

Command Line: git4idea.http.GitAskPassApp Username for 'https://github.com': 

Host: AMD Ryzen 9 5900X 12-Core Processor            , 24 cores, 15G,  Windows 11 , 64 bit Build 22621 (10.0.22621.2506)
Time: Wed Dec  6 15:21:43 2023  Windows 11 , 64 bit Build 22621 (10.0.22621.2506) elapsed time: 0.011710 seconds (0d 0h 0m 0s)

---------------  T H R E A D  ---------------

Current thread (0x000001d6dce62080):  JavaThread "Unknown thread" [_thread_in_vm, id=35032, stack(0x000000b5b1300000,0x000000b5b1400000)]

Stack: [0x000000b5b1300000,0x000000b5b1400000]
Native frames: (J=compiled Java code, j=interpreted, Vv=VM code, C=native code)
V  [jvm.dll+0x681f8a]
V  [jvm.dll+0x83e374]
V  [jvm.dll+0x83fb1e]
V  [jvm.dll+0x840183]
V  [jvm.dll+0x2492a5]
V  [jvm.dll+0x67ee59]
V  [jvm.dll+0x67355a]
V  [jvm.dll+0x308fab]
V  [jvm.dll+0x310466]
V  [jvm.dll+0x3601de]
V  [jvm.dll+0x36040f]
V  [jvm.dll+0x2df098]
V  [jvm.dll+0x2e0004]
V  [jvm.dll+0x80fc61]
V  [jvm.dll+0x36df61]
V  [jvm.dll+0x7ef17c]
V  [jvm.dll+0x3f10ef]
V  [jvm.dll+0x3f2c31]
C  [jli.dll+0x526b]
C  [ucrtbase.dll+0x29363]
C  [KERNEL32.DLL+0x1257d]
C  [ntdll.dll+0x5aa58]


---------------  P R O C E S S  ---------------

Threads class SMR info:
_java_thread_list=0x00007ffef5e96f18, length=0, elements={
}

Java Threads: ( => current thread )

Other Threads:
  0x000001d6dced1720 GCTaskThread "GC Thread#0" [stack: 0x000000b5b1400000,0x000000b5b1500000] [id=22308]
  0x000001d6dce817b0 ConcurrentGCThread "G1 Main Marker" [stack: 0x000000b5b1500000,0x000000b5b1600000] [id=19656]
  0x000001d6dcee31a0 ConcurrentGCThread "G1 Conc#0" [stack: 0x000000b5b1600000,0x000000b5b1700000] [id=24140]

[error occurred during error reporting (printing all threads), id 0xc0000005, EXCEPTION_ACCESS_VIOLATION (0xc0000005) at pc=0x00007ffef564fc57]

VM state: not at safepoint (not fully initialized)

VM Mutex/Monitor currently owned by a thread:  ([mutex/lock_event])
[0x000001d6dce5dcd0] Heap_lock - owner thread: 0x000001d6dce62080

Heap address: 0x0000000701c00000, size: 4068 MB, Compressed Oops mode: Zero based, Oop shift amount: 3

CDS archive(s) mapped at: [0x0000000000000000-0x0000000000000000-0x0000000000000000), size 0, SharedBaseAddress: 0x0000000800000000, ArchiveRelocationMode: 0.
Narrow klass base: 0x0000000000000000, Narrow klass shift: 0, Narrow klass range: 0x0

GC Precious Log:
<Empty>

Heap:
 garbage-first heap   total 0K, used 0K [0x0000000701c00000, 0x0000000800000000)
  region size 2048K, 0 young (0K), 0 survivors (0K)

[error occurred during error reporting (printing heap information), id 0xc0000005, EXCEPTION_ACCESS_VIOLATION (0xc0000005) at pc=0x00007ffef5a3bbd9]

GC Heap History (0 events):
No events

Deoptimization events (0 events):
No events

Classes unloaded (0 events):
No events

Classes redefined (0 events):
No events

Internal exceptions (0 events):
No events

VM Operations (0 events):
No events

Events (1 events):
Event: 0.008 Loaded shared library C:\Program Files\JetBrains\IntelliJ IDEA 2022.2.1\jbr\bin\java.dll


Dynamic libraries:
0x00007ff6d0570000 - 0x00007ff6d057a000 	C:\Program Files\JetBrains\IntelliJ IDEA 2022.2.1\jbr\bin\java.exe
0x00007fff4a830000 - 0x00007fff4aa47000 	C:\WINDOWS\SYSTEM32\ntdll.dll
0x00007fff49490000 - 0x00007fff49554000 	C:\WINDOWS\System32\KERNEL32.DLL
0x00007fff48010000 - 0x00007fff483b5000 	C:\WINDOWS\System32\KERNELBASE.dll
0x00007fff483c0000 - 0x00007fff484d1000 	C:\WINDOWS\System32\ucrtbase.dll
0x00007fff14ba0000 - 0x00007fff14bb7000 	C:\Program Files\JetBrains\IntelliJ IDEA 2022.2.1\jbr\bin\jli.dll
0x00007fff14670000 - 0x00007fff1468b000 	C:\Program Files\JetBrains\IntelliJ IDEA 2022.2.1\jbr\bin\VCRUNTIME140.dll
0x00007fff49ef0000 - 0x00007fff4a09e000 	C:\WINDOWS\System32\USER32.dll
0x00007fff47ba0000 - 0x00007fff47bc6000 	C:\WINDOWS\System32\win32u.dll
0x00007fff4a180000 - 0x00007fff4a1a9000 	C:\WINDOWS\System32\GDI32.dll
0x00007fff47bd0000 - 0x00007fff47ce9000 	C:\WINDOWS\System32\gdi32full.dll
0x00007fff484e0000 - 0x00007fff4857a000 	C:\WINDOWS\System32\msvcp_win.dll
0x00007fff35760000 - 0x00007fff359f3000 	C:\WINDOWS\WinSxS\amd64_microsoft.windows.common-controls_6595b64144ccf1df_6.0.22621.2506_none_270c5ae97388e100\COMCTL32.dll
0x00007fff4a530000 - 0x00007fff4a5d7000 	C:\WINDOWS\System32\msvcrt.dll
0x00007fff49dd0000 - 0x00007fff49e01000 	C:\WINDOWS\System32\IMM32.DLL
0x00007fff2e240000 - 0x00007fff2e24c000 	C:\Program Files\JetBrains\IntelliJ IDEA 2022.2.1\jbr\bin\vcruntime140_1.dll
0x00007fff03620000 - 0x00007fff036ad000 	C:\Program Files\JetBrains\IntelliJ IDEA 2022.2.1\jbr\bin\msvcp140.dll
0x00007ffef5360000 - 0x00007ffef5fc8000 	C:\Program Files\JetBrains\IntelliJ IDEA 2022.2.1\jbr\bin\server\jvm.dll
0x00007fff48660000 - 0x00007fff48711000 	C:\WINDOWS\System32\ADVAPI32.dll
0x00007fff49030000 - 0x00007fff490d6000 	C:\WINDOWS\System32\sechost.dll
0x00007fff48ba0000 - 0x00007fff48cb7000 	C:\WINDOWS\System32\RPCRT4.dll
0x00007fff48e80000 - 0x00007fff48e88000 	C:\WINDOWS\System32\PSAPI.DLL
0x00007fff2e080000 - 0x00007fff2e089000 	C:\WINDOWS\SYSTEM32\WSOCK32.dll
0x00007fff3f8c0000 - 0x00007fff3f8ca000 	C:\WINDOWS\SYSTEM32\VERSION.dll
0x00007fff4a4b0000 - 0x00007fff4a521000 	C:\WINDOWS\System32\WS2_32.dll
0x00007fff3ed60000 - 0x00007fff3ed94000 	C:\WINDOWS\SYSTEM32\WINMM.dll
0x00007fff46c30000 - 0x00007fff46c48000 	C:\WINDOWS\SYSTEM32\kernel.appcore.dll
0x00007fff36340000 - 0x00007fff3634a000 	C:\Program Files\JetBrains\IntelliJ IDEA 2022.2.1\jbr\bin\jimage.dll
0x00007fff36380000 - 0x00007fff365b3000 	C:\WINDOWS\SYSTEM32\DBGHELP.DLL
0x00007fff49100000 - 0x00007fff49489000 	C:\WINDOWS\System32\combase.dll
0x00007fff4a0a0000 - 0x00007fff4a177000 	C:\WINDOWS\System32\OLEAUT32.dll
0x00007fff329f0000 - 0x00007fff32a22000 	C:\WINDOWS\SYSTEM32\dbgcore.DLL
0x00007fff47db0000 - 0x00007fff47e2a000 	C:\WINDOWS\System32\bcryptPrimitives.dll
0x00007fff1e3f0000 - 0x00007fff1e415000 	C:\Program Files\JetBrains\IntelliJ IDEA 2022.2.1\jbr\bin\java.dll

dbghelp: loaded successfully - version: 4.0.5 - missing functions: none
symbol engine: initialized successfully - sym options: 0x614 - pdb path: .;C:\Program Files\JetBrains\IntelliJ IDEA 2022.2.1\jbr\bin;C:\WINDOWS\SYSTEM32;C:\WINDOWS\WinSxS\amd64_microsoft.windows.common-controls_6595b64144ccf1df_6.0.22621.2506_none_270c5ae97388e100;C:\Program Files\JetBrains\IntelliJ IDEA 2022.2.1\jbr\bin\server

VM Arguments:
java_command: git4idea.http.GitAskPassApp Username for 'https://github.com': 
java_class_path (initial): C:/Program Files/JetBrains/IntelliJ IDEA 2022.2.1/plugins/git4idea/lib/git4idea-rt.jar;C:/Program Files/JetBrains/IntelliJ IDEA 2022.2.1/lib/externalProcess-rt.jar;C:/Program Files/JetBrains/IntelliJ IDEA 2022.2.1/lib/app.jar;C:/Program Files/JetBrains/IntelliJ IDEA 2022.2.1/lib/3rd-party-rt.jar
Launcher Type: SUN_STANDARD

[Global flags]
     intx CICompilerCount                          = 12                                        {product} {ergonomic}
     uint ConcGCThreads                            = 5                                         {product} {ergonomic}
     uint G1ConcRefinementThreads                  = 18                                        {product} {ergonomic}
   size_t G1HeapRegionSize                         = 2097152                                   {product} {ergonomic}
    uintx GCDrainStackTargetSize                   = 64                                        {product} {ergonomic}
   size_t InitialHeapSize                          = 268435456                                 {product} {ergonomic}
   size_t MarkStackSize                            = 4194304                                   {product} {ergonomic}
   size_t MaxHeapSize                              = 4265607168                                {product} {ergonomic}
   size_t MinHeapDeltaBytes                        = 2097152                                   {product} {ergonomic}
   size_t MinHeapSize                              = 8388608                                   {product} {ergonomic}
    uintx NonNMethodCodeHeapSize                   = 7602480                                {pd product} {ergonomic}
    uintx NonProfiledCodeHeapSize                  = 122027880                              {pd product} {ergonomic}
    uintx ProfiledCodeHeapSize                     = 122027880                              {pd product} {ergonomic}
    uintx ReservedCodeCacheSize                    = 251658240                              {pd product} {ergonomic}
     bool SegmentedCodeCache                       = true                                      {product} {ergonomic}
   size_t SoftMaxHeapSize                          = 4265607168                             {manageable} {ergonomic}
     bool UseCompressedClassPointers               = true                           {product lp64_product} {ergonomic}
     bool UseCompressedOops                        = true                           {product lp64_product} {ergonomic}
     bool UseG1GC                                  = true                                      {product} {ergonomic}
     bool UseLargePagesIndividualAllocation        = false                                  {pd product} {ergonomic}

Logging:
Log output configuration:
 #0: stdout all=warning uptime,level,tags
 #1: stderr all=off uptime,level,tags

Environment Variables:
JAVA_HOME=C:\Program Files\Java\jdk-17.0.5
PATH=C:\Program Files\Git\mingw64\libexec\git-core;C:\Program Files\Git\mingw64\libexec\git-core;C:\Program Files\Git\mingw64\bin;C:\Program Files\Git\usr\bin;C:\Users\°íµ¿¹Î\bin;C:\oraclexe\app\oracle\product\11.2.0\server\bin;C:\Users\WINDOWS.X64_193000_db_home\bin;C:\Program Files\Common Files\Oracle\Java\javapath;C:\Program Files\Java\jdk-17.0.5\bin;C:\Windows\system32;C:\Windows;C:\Windows\System32\Wbem;C:\Windows\System32\WindowsPowerShell\v1.0;C:\Windows\System32\OpenSSH;C:\Program Files (x86)\NVIDIA Corporation\PhysX\Common;C:\Program Files\NVIDIA Corporation\NVIDIA NvDLISR;C:\Program Files\dotnet;C:\Program Files\Microsoft SQL Server\130\Tools\Binn;C:\Program Files\Microsoft SQL Server\Client SDK\ODBC\170\Tools\Binn;C:\MinGW\bin;C:\Program Files\Git\cmd;C:\Program Files\Java\jdk-17.0.5\bin;C:\Program Files\Java\jdk-17.0.5\bin\server;C:\Program Files\nodejs;C:\WINDOWS\system32;C:\WINDOWS;C:\WINDOWS\System32\Wbem;C:\WINDOWS\System32\WindowsPowerShell\v1.0;C:\WINDOWS\System32\OpenSSH;C:\Program Files\MySQL\MySQL Shell 8.0\bin;C:\Users\°íµ¿¹Î\AppData\Local\Programs\Python\Python310\Scripts;C:\Users\°íµ¿¹Î\AppData\Local\Programs\Python\Python310;C:\Users\°íµ¿¹Î\AppData\Local\Microsoft\WindowsApps;C:\Program Files\Bandizip;C:\Users\°íµ¿¹Î\AppData\Local\Programs\Microsoft VS Code\bin;C:\Users\°íµ¿¹Î\.dotnet\tools;C:\Users\°íµ¿¹Î\AppData\Local\GitHubDesktop\bin;C:\Program Files\MySQL\MySQL Server 8.0\bin;C:\Users\°íµ¿¹Î\AppData\Roaming\npm;C:\Androidstudio\build-tools;C:\Androidstudio\platform-tools;C:\Androidstudio\tools;C:\Androidstudio\emulator;C:\Program Files\nodejs
USERNAME=°íµ¿¹Î
DISPLAY=:0.0
LC_ALL=en_US.UTF-8
OS=Windows_NT
PROCESSOR_IDENTIFIER=AMD64 Family 25 Model 33 Stepping 0, AuthenticAMD



---------------  S Y S T E M  ---------------

OS:
 Windows 11 , 64 bit Build 22621 (10.0.22621.2506)
OS uptime: 7 days 18:08 hours

CPU: total 24 (initial active 24) (24 cores per cpu, 2 threads per core) family 25 model 33 stepping 0 microcode 0x0, cx8, cmov, fxsr, ht, mmx, 3dnowpref, sse, sse2, sse3, ssse3, sse4a, sse4.1, sse4.2, popcnt, lzcnt, tsc, tscinvbit, avx, avx2, aes, erms, clmul, bmi1, bmi2, adx, sha, fma, vzeroupper, clflush, clflushopt

Memory: 4k page, system-wide physical 16270M (4039M free)
TotalPageFile size 65422M (AvailPageFile size 115M)
current process WorkingSet (physical memory assigned to process): 12M, peak: 12M
current process commit charge ("private bytes"): 81M, peak: 337M

vm_info: OpenJDK 64-Bit Server VM (17.0.3+7-b469.37) for windows-amd64 JRE (17.0.3+7-b469.37), built on 2022-08-01 by "builduser" with MS VC++ 16.10 / 16.11 (VS2019)

END.
